2021-09-08 23:01:44.427 [restartedMain] INFO  com.gdutelc.snp.SnpApplication - Starting SnpApplication using Java 11.0.6 on LAPTOP-E3MO6SU7 with PID 11544 (D:\java project\SNP-backend\target\classes started by 10501 in D:\java project\SNP-backend)
2021-09-08 23:01:44.440 [restartedMain] INFO  com.gdutelc.snp.SnpApplication - No active profile set, falling back to default profiles: default
2021-09-08 23:01:44.495 [restartedMain] INFO  o.s.b.d.env.DevToolsPropertyDefaultsPostProcessor - Devtools property defaults active! Set 'spring.devtools.add-properties' to 'false' to disable
2021-09-08 23:01:44.495 [restartedMain] INFO  o.s.b.d.env.DevToolsPropertyDefaultsPostProcessor - For additional web related logging consider setting the 'logging.level.web' property to 'DEBUG'
2021-09-08 23:01:45.108 [restartedMain] INFO  o.s.d.r.config.RepositoryConfigurationDelegate - Multiple Spring Data modules found, entering strict repository configuration mode!
2021-09-08 23:01:45.109 [restartedMain] INFO  o.s.d.r.config.RepositoryConfigurationDelegate - Bootstrapping Spring Data Redis repositories in DEFAULT mode.
2021-09-08 23:01:45.128 [restartedMain] INFO  o.s.d.r.config.RepositoryConfigurationDelegate - Finished Spring Data repository scanning in 9 ms. Found 0 Redis repository interfaces.
2021-09-08 23:01:46.056 [restartedMain] INFO  o.s.boot.web.embedded.tomcat.TomcatWebServer - Tomcat initialized with port(s): 10080 (http)
2021-09-08 23:01:46.062 [restartedMain] INFO  org.apache.coyote.http11.Http11NioProtocol - Initializing ProtocolHandler ["http-nio-10080"]
2021-09-08 23:01:46.062 [restartedMain] INFO  org.apache.catalina.core.StandardService - Starting service [Tomcat]
2021-09-08 23:01:46.062 [restartedMain] INFO  org.apache.catalina.core.StandardEngine - Starting Servlet engine: [Apache Tomcat/9.0.48]
2021-09-08 23:01:46.142 [restartedMain] INFO  o.a.c.core.ContainerBase.[Tomcat].[localhost].[/] - Initializing Spring embedded WebApplicationContext
2021-09-08 23:01:46.142 [restartedMain] INFO  o.s.b.w.s.c.ServletWebServerApplicationContext - Root WebApplicationContext: initialization completed in 1647 ms
2021-09-08 23:01:46.950 [restartedMain] INFO  o.s.b.d.autoconfigure.OptionalLiveReloadServer - LiveReload server is running on port 35729
2021-09-08 23:01:46.967 [restartedMain] INFO  org.apache.coyote.http11.Http11NioProtocol - Starting ProtocolHandler ["http-nio-10080"]
2021-09-08 23:01:46.979 [restartedMain] INFO  o.s.boot.web.embedded.tomcat.TomcatWebServer - Tomcat started on port(s): 10080 (http) with context path ''
2021-09-08 23:01:46.989 [restartedMain] INFO  com.gdutelc.snp.SnpApplication - Started SnpApplication in 3.038 seconds (JVM running for 3.637)
2021-09-08 23:02:43.407 [restartedMain] INFO  com.gdutelc.snp.SnpApplication - Starting SnpApplication using Java 11.0.6 on LAPTOP-E3MO6SU7 with PID 11544 (D:\java project\SNP-backend\target\classes started by 10501 in D:\java project\SNP-backend)
2021-09-08 23:02:43.407 [restartedMain] INFO  com.gdutelc.snp.SnpApplication - No active profile set, falling back to default profiles: default
2021-09-08 23:02:43.646 [restartedMain] INFO  o.s.d.r.config.RepositoryConfigurationDelegate - Multiple Spring Data modules found, entering strict repository configuration mode!
2021-09-08 23:02:43.646 [restartedMain] INFO  o.s.d.r.config.RepositoryConfigurationDelegate - Bootstrapping Spring Data Redis repositories in DEFAULT mode.
2021-09-08 23:02:43.655 [restartedMain] INFO  o.s.d.r.config.RepositoryConfigurationDelegate - Finished Spring Data repository scanning in 8 ms. Found 0 Redis repository interfaces.
2021-09-08 23:02:43.779 [restartedMain] INFO  o.s.boot.web.embedded.tomcat.TomcatWebServer - Tomcat initialized with port(s): 10080 (http)
2021-09-08 23:02:43.780 [restartedMain] INFO  org.apache.coyote.http11.Http11NioProtocol - Initializing ProtocolHandler ["http-nio-10080"]
2021-09-08 23:02:43.780 [restartedMain] INFO  org.apache.catalina.core.StandardService - Starting service [Tomcat]
2021-09-08 23:02:43.781 [restartedMain] INFO  org.apache.catalina.core.StandardEngine - Starting Servlet engine: [Apache Tomcat/9.0.48]
2021-09-08 23:02:43.842 [restartedMain] INFO  o.a.c.core.ContainerBase.[Tomcat].[localhost].[/] - Initializing Spring embedded WebApplicationContext
2021-09-08 23:02:43.842 [restartedMain] INFO  o.s.b.w.s.c.ServletWebServerApplicationContext - Root WebApplicationContext: initialization completed in 433 ms
2021-09-08 23:02:44.313 [restartedMain] INFO  o.s.b.d.autoconfigure.OptionalLiveReloadServer - LiveReload server is running on port 35729
2021-09-08 23:02:44.339 [restartedMain] INFO  org.apache.coyote.http11.Http11NioProtocol - Starting ProtocolHandler ["http-nio-10080"]
2021-09-08 23:02:44.341 [restartedMain] INFO  o.s.boot.web.embedded.tomcat.TomcatWebServer - Tomcat started on port(s): 10080 (http) with context path ''
2021-09-08 23:02:44.350 [restartedMain] INFO  com.gdutelc.snp.SnpApplication - Started SnpApplication in 0.996 seconds (JVM running for 60.998)
2021-09-08 23:02:44.352 [restartedMain] INFO  o.s.b.d.a.ConditionEvaluationDeltaLoggingListener - Condition evaluation unchanged
2021-09-08 23:02:45.141 [main] INFO  com.gdutelc.snp.JwtTests - Starting JwtTests using Java 11.0.6 on LAPTOP-E3MO6SU7 with PID 11012 (started by 10501 in D:\java project\SNP-backend)
2021-09-08 23:02:45.143 [main] INFO  com.gdutelc.snp.JwtTests - No active profile set, falling back to default profiles: default
2021-09-08 23:02:45.755 [main] INFO  o.s.d.r.config.RepositoryConfigurationDelegate - Multiple Spring Data modules found, entering strict repository configuration mode!
2021-09-08 23:02:45.759 [main] INFO  o.s.d.r.config.RepositoryConfigurationDelegate - Bootstrapping Spring Data Redis repositories in DEFAULT mode.
2021-09-08 23:02:45.796 [main] INFO  o.s.d.r.config.RepositoryConfigurationDelegate - Finished Spring Data repository scanning in 15 ms. Found 0 Redis repository interfaces.
2021-09-08 23:02:48.242 [main] INFO  com.gdutelc.snp.JwtTests - Started JwtTests in 3.508 seconds (JVM running for 5.044)
2021-09-08 23:03:00.746 [restartedMain] INFO  com.gdutelc.snp.SnpApplication - Starting SnpApplication using Java 11.0.6 on LAPTOP-E3MO6SU7 with PID 11544 (D:\java project\SNP-backend\target\classes started by 10501 in D:\java project\SNP-backend)
2021-09-08 23:03:00.747 [restartedMain] INFO  com.gdutelc.snp.SnpApplication - No active profile set, falling back to default profiles: default
2021-09-08 23:03:00.903 [restartedMain] INFO  o.s.d.r.config.RepositoryConfigurationDelegate - Multiple Spring Data modules found, entering strict repository configuration mode!
2021-09-08 23:03:00.904 [restartedMain] INFO  o.s.d.r.config.RepositoryConfigurationDelegate - Bootstrapping Spring Data Redis repositories in DEFAULT mode.
2021-09-08 23:03:00.910 [restartedMain] INFO  o.s.d.r.config.RepositoryConfigurationDelegate - Finished Spring Data repository scanning in 5 ms. Found 0 Redis repository interfaces.
2021-09-08 23:03:01.005 [restartedMain] INFO  o.s.boot.web.embedded.tomcat.TomcatWebServer - Tomcat initialized with port(s): 10080 (http)
2021-09-08 23:03:01.006 [restartedMain] INFO  org.apache.coyote.http11.Http11NioProtocol - Initializing ProtocolHandler ["http-nio-10080"]
2021-09-08 23:03:01.006 [restartedMain] INFO  org.apache.catalina.core.StandardService - Starting service [Tomcat]
2021-09-08 23:03:01.007 [restartedMain] INFO  org.apache.catalina.core.StandardEngine - Starting Servlet engine: [Apache Tomcat/9.0.48]
2021-09-08 23:03:01.045 [restartedMain] INFO  o.a.c.core.ContainerBase.[Tomcat].[localhost].[/] - Initializing Spring embedded WebApplicationContext
2021-09-08 23:03:01.045 [restartedMain] INFO  o.s.b.w.s.c.ServletWebServerApplicationContext - Root WebApplicationContext: initialization completed in 296 ms
2021-09-08 23:03:01.345 [restartedMain] INFO  o.s.b.d.autoconfigure.OptionalLiveReloadServer - LiveReload server is running on port 35729
2021-09-08 23:03:01.362 [restartedMain] INFO  org.apache.coyote.http11.Http11NioProtocol - Starting ProtocolHandler ["http-nio-10080"]
2021-09-08 23:03:01.365 [restartedMain] INFO  o.s.boot.web.embedded.tomcat.TomcatWebServer - Tomcat started on port(s): 10080 (http) with context path ''
2021-09-08 23:03:01.370 [restartedMain] INFO  com.gdutelc.snp.SnpApplication - Started SnpApplication in 0.655 seconds (JVM running for 78.018)
2021-09-08 23:03:01.373 [restartedMain] INFO  o.s.b.d.a.ConditionEvaluationDeltaLoggingListener - Condition evaluation unchanged
2021-09-08 23:03:14.959 [http-nio-10080-exec-1] INFO  o.a.c.core.ContainerBase.[Tomcat].[localhost].[/] - Initializing Spring DispatcherServlet 'dispatcherServlet'
2021-09-08 23:03:14.960 [http-nio-10080-exec-1] INFO  org.springframework.web.servlet.DispatcherServlet - Initializing Servlet 'dispatcherServlet'
2021-09-08 23:03:14.961 [http-nio-10080-exec-1] INFO  org.springframework.web.servlet.DispatcherServlet - Completed initialization in 1 ms
2021-09-08 23:03:15.005 [http-nio-10080-exec-1] INFO  com.zaxxer.hikari.HikariDataSource - DatebookHikariCP - Starting...
2021-09-08 23:03:17.723 [http-nio-10080-exec-1] INFO  com.zaxxer.hikari.HikariDataSource - DatebookHikariCP - Start completed.
2021-09-08 23:03:17.996 [http-nio-10080-exec-1] INFO  com.gdutelc.snp.aspect.LogAspect - >>>>>>>>>>Ip: 127.0.0.1访问了 http://localhost:10080/user/appGetPhone调用了appGetPhone方法
2021-09-08 23:03:18.012 [http-nio-10080-exec-1] INFO  org.apache.kafka.clients.producer.ProducerConfig - ProducerConfig values: 
	acks = 1
	batch.size = 16384
	bootstrap.servers = [104.160.18.224:9092]
	buffer.memory = 33554432
	client.dns.lookup = use_all_dns_ips
	client.id = producer-1
	compression.type = none
	connections.max.idle.ms = 540000
	delivery.timeout.ms = 120000
	enable.idempotence = false
	interceptor.classes = []
	internal.auto.downgrade.txn.commit = true
	key.serializer = class org.apache.kafka.common.serialization.StringSerializer
	linger.ms = 0
	max.block.ms = 60000
	max.in.flight.requests.per.connection = 5
	max.request.size = 1048576
	metadata.max.age.ms = 300000
	metadata.max.idle.ms = 300000
	metric.reporters = []
	metrics.num.samples = 2
	metrics.recording.level = INFO
	metrics.sample.window.ms = 30000
	partitioner.class = class org.apache.kafka.clients.producer.internals.DefaultPartitioner
	receive.buffer.bytes = 32768
	reconnect.backoff.max.ms = 1000
	reconnect.backoff.ms = 50
	request.timeout.ms = 30000
	retries = 0
	retry.backoff.ms = 100
	sasl.client.callback.handler.class = null
	sasl.jaas.config = null
	sasl.kerberos.kinit.cmd = /usr/bin/kinit
	sasl.kerberos.min.time.before.relogin = 60000
	sasl.kerberos.service.name = null
	sasl.kerberos.ticket.renew.jitter = 0.05
	sasl.kerberos.ticket.renew.window.factor = 0.8
	sasl.login.callback.handler.class = null
	sasl.login.class = null
	sasl.login.refresh.buffer.seconds = 300
	sasl.login.refresh.min.period.seconds = 60
	sasl.login.refresh.window.factor = 0.8
	sasl.login.refresh.window.jitter = 0.05
	sasl.mechanism = GSSAPI
	security.protocol = PLAINTEXT
	security.providers = null
	send.buffer.bytes = 131072
	socket.connection.setup.timeout.max.ms = 127000
	socket.connection.setup.timeout.ms = 10000
	ssl.cipher.suites = null
	ssl.enabled.protocols = [TLSv1.2, TLSv1.3]
	ssl.endpoint.identification.algorithm = https
	ssl.engine.factory.class = null
	ssl.key.password = null
	ssl.keymanager.algorithm = SunX509
	ssl.keystore.certificate.chain = null
	ssl.keystore.key = null
	ssl.keystore.location = null
	ssl.keystore.password = null
	ssl.keystore.type = JKS
	ssl.protocol = TLSv1.3
	ssl.provider = null
	ssl.secure.random.implementation = null
	ssl.trustmanager.algorithm = PKIX
	ssl.truststore.certificates = null
	ssl.truststore.location = null
	ssl.truststore.password = null
	ssl.truststore.type = JKS
	transaction.timeout.ms = 60000
	transactional.id = null
	value.serializer = class org.apache.kafka.common.serialization.StringSerializer

2021-09-08 23:03:18.080 [http-nio-10080-exec-1] INFO  org.apache.kafka.common.utils.AppInfoParser - Kafka version: 2.7.1
2021-09-08 23:03:18.080 [http-nio-10080-exec-1] INFO  org.apache.kafka.common.utils.AppInfoParser - Kafka commitId: 61dbce85d0d41457
2021-09-08 23:03:18.080 [http-nio-10080-exec-1] INFO  org.apache.kafka.common.utils.AppInfoParser - Kafka startTimeMs: 1631113398078
2021-09-08 23:03:18.823 [kafka-producer-network-thread | producer-1] INFO  org.apache.kafka.clients.Metadata - [Producer clientId=producer-1] Cluster ID: cVQat3dySbC3Lc0ejo9MXw
2021-09-08 23:03:47.605 [Thread-11] INFO  org.apache.kafka.clients.producer.KafkaProducer - [Producer clientId=producer-1] Closing the Kafka producer with timeoutMillis = 30000 ms.
2021-09-08 23:03:47.610 [Thread-11] INFO  org.apache.kafka.common.metrics.Metrics - Metrics scheduler closed
2021-09-08 23:03:47.610 [Thread-11] INFO  org.apache.kafka.common.metrics.Metrics - Closing reporter org.apache.kafka.common.metrics.JmxReporter
2021-09-08 23:03:47.610 [Thread-11] INFO  org.apache.kafka.common.metrics.Metrics - Metrics reporters closed
2021-09-08 23:03:47.611 [Thread-11] INFO  org.apache.kafka.common.utils.AppInfoParser - App info kafka.producer for producer-1 unregistered
2021-09-08 23:03:47.612 [Thread-11] INFO  com.zaxxer.hikari.HikariDataSource - DatebookHikariCP - Shutdown initiated...
2021-09-08 23:03:47.626 [Thread-11] INFO  com.zaxxer.hikari.HikariDataSource - DatebookHikariCP - Shutdown completed.
2021-09-08 23:03:47.726 [restartedMain] INFO  com.gdutelc.snp.SnpApplication - Starting SnpApplication using Java 11.0.6 on LAPTOP-E3MO6SU7 with PID 11544 (D:\java project\SNP-backend\target\classes started by 10501 in D:\java project\SNP-backend)
2021-09-08 23:03:47.726 [restartedMain] INFO  com.gdutelc.snp.SnpApplication - No active profile set, falling back to default profiles: default
2021-09-08 23:03:47.994 [restartedMain] INFO  o.s.d.r.config.RepositoryConfigurationDelegate - Multiple Spring Data modules found, entering strict repository configuration mode!
2021-09-08 23:03:47.995 [restartedMain] INFO  o.s.d.r.config.RepositoryConfigurationDelegate - Bootstrapping Spring Data Redis repositories in DEFAULT mode.
2021-09-08 23:03:48.005 [restartedMain] INFO  o.s.d.r.config.RepositoryConfigurationDelegate - Finished Spring Data repository scanning in 9 ms. Found 0 Redis repository interfaces.
2021-09-08 23:03:48.141 [restartedMain] INFO  o.s.boot.web.embedded.tomcat.TomcatWebServer - Tomcat initialized with port(s): 10080 (http)
2021-09-08 23:03:48.142 [restartedMain] INFO  org.apache.coyote.http11.Http11NioProtocol - Initializing ProtocolHandler ["http-nio-10080"]
2021-09-08 23:03:48.142 [restartedMain] INFO  org.apache.catalina.core.StandardService - Starting service [Tomcat]
2021-09-08 23:03:48.143 [restartedMain] INFO  org.apache.catalina.core.StandardEngine - Starting Servlet engine: [Apache Tomcat/9.0.48]
2021-09-08 23:03:48.186 [restartedMain] INFO  o.a.c.core.ContainerBase.[Tomcat].[localhost].[/] - Initializing Spring embedded WebApplicationContext
2021-09-08 23:03:48.186 [restartedMain] INFO  o.s.b.w.s.c.ServletWebServerApplicationContext - Root WebApplicationContext: initialization completed in 458 ms
2021-09-08 23:03:48.419 [restartedMain] INFO  o.s.b.d.autoconfigure.OptionalLiveReloadServer - LiveReload server is running on port 35729
2021-09-08 23:03:48.430 [restartedMain] INFO  org.apache.coyote.http11.Http11NioProtocol - Starting ProtocolHandler ["http-nio-10080"]
2021-09-08 23:03:48.432 [restartedMain] INFO  o.s.boot.web.embedded.tomcat.TomcatWebServer - Tomcat started on port(s): 10080 (http) with context path ''
2021-09-08 23:03:48.436 [restartedMain] INFO  com.gdutelc.snp.SnpApplication - Started SnpApplication in 0.764 seconds (JVM running for 125.083)
2021-09-08 23:03:48.437 [restartedMain] INFO  o.s.b.d.a.ConditionEvaluationDeltaLoggingListener - Condition evaluation unchanged
2021-09-08 23:04:27.586 [http-nio-10080-exec-1] INFO  org.apache.coyote.http11.Http11Processor - Error parsing HTTP request header
 Note: further occurrences of HTTP request parsing errors will be logged at DEBUG level.
java.lang.IllegalArgumentException: Invalid character found in method name [0x160x030x010x000xf70x010x000x000xf30x030x03{0xb8u0xaf0xc4Tk0xc70xd20xe7r8B0xca0xd50x83k0xdbb0xa4F0xb40xbe5x{0x8c0x8c0xd70x130xc30xa8 ]. HTTP method names must be tokens
	at org.apache.coyote.http11.Http11InputBuffer.parseRequestLine(Http11InputBuffer.java:419)
	at org.apache.coyote.http11.Http11Processor.service(Http11Processor.java:269)
	at org.apache.coyote.AbstractProcessorLight.process(AbstractProcessorLight.java:65)
	at org.apache.coyote.AbstractProtocol$ConnectionHandler.process(AbstractProtocol.java:893)
	at org.apache.tomcat.util.net.NioEndpoint$SocketProcessor.doRun(NioEndpoint.java:1723)
	at org.apache.tomcat.util.net.SocketProcessorBase.run(SocketProcessorBase.java:49)
	at java.base/java.util.concurrent.ThreadPoolExecutor.runWorker(ThreadPoolExecutor.java:1128)
	at java.base/java.util.concurrent.ThreadPoolExecutor$Worker.run(ThreadPoolExecutor.java:628)
	at org.apache.tomcat.util.threads.TaskThread$WrappingRunnable.run(TaskThread.java:61)
	at java.base/java.lang.Thread.run(Thread.java:834)
2021-09-08 23:04:33.145 [http-nio-10080-exec-2] INFO  o.a.c.core.ContainerBase.[Tomcat].[localhost].[/] - Initializing Spring DispatcherServlet 'dispatcherServlet'
2021-09-08 23:04:33.145 [http-nio-10080-exec-2] INFO  org.springframework.web.servlet.DispatcherServlet - Initializing Servlet 'dispatcherServlet'
2021-09-08 23:04:33.146 [http-nio-10080-exec-2] INFO  org.springframework.web.servlet.DispatcherServlet - Completed initialization in 1 ms
2021-09-08 23:04:45.950 [restartedMain] INFO  com.gdutelc.snp.SnpApplication - Starting SnpApplication using Java 11.0.6 on LAPTOP-E3MO6SU7 with PID 11544 (D:\java project\SNP-backend\target\classes started by 10501 in D:\java project\SNP-backend)
2021-09-08 23:04:45.950 [restartedMain] INFO  com.gdutelc.snp.SnpApplication - No active profile set, falling back to default profiles: default
2021-09-08 23:04:46.084 [restartedMain] INFO  o.s.d.r.config.RepositoryConfigurationDelegate - Multiple Spring Data modules found, entering strict repository configuration mode!
2021-09-08 23:04:46.084 [restartedMain] INFO  o.s.d.r.config.RepositoryConfigurationDelegate - Bootstrapping Spring Data Redis repositories in DEFAULT mode.
2021-09-08 23:04:46.089 [restartedMain] INFO  o.s.d.r.config.RepositoryConfigurationDelegate - Finished Spring Data repository scanning in 5 ms. Found 0 Redis repository interfaces.
2021-09-08 23:04:46.162 [restartedMain] INFO  o.s.boot.web.embedded.tomcat.TomcatWebServer - Tomcat initialized with port(s): 10080 (http)
2021-09-08 23:04:46.162 [restartedMain] INFO  org.apache.coyote.http11.Http11NioProtocol - Initializing ProtocolHandler ["http-nio-10080"]
2021-09-08 23:04:46.162 [restartedMain] INFO  org.apache.catalina.core.StandardService - Starting service [Tomcat]
2021-09-08 23:04:46.162 [restartedMain] INFO  org.apache.catalina.core.StandardEngine - Starting Servlet engine: [Apache Tomcat/9.0.48]
2021-09-08 23:04:46.200 [restartedMain] INFO  o.a.c.core.ContainerBase.[Tomcat].[localhost].[/] - Initializing Spring embedded WebApplicationContext
2021-09-08 23:04:46.200 [restartedMain] INFO  o.s.b.w.s.c.ServletWebServerApplicationContext - Root WebApplicationContext: initialization completed in 248 ms
2021-09-08 23:04:46.461 [restartedMain] INFO  o.s.b.d.autoconfigure.OptionalLiveReloadServer - LiveReload server is running on port 35729
2021-09-08 23:04:46.476 [restartedMain] INFO  org.apache.coyote.http11.Http11NioProtocol - Starting ProtocolHandler ["http-nio-10080"]
2021-09-08 23:04:46.478 [restartedMain] INFO  o.s.boot.web.embedded.tomcat.TomcatWebServer - Tomcat started on port(s): 10080 (http) with context path ''
2021-09-08 23:04:46.482 [restartedMain] INFO  com.gdutelc.snp.SnpApplication - Started SnpApplication in 0.563 seconds (JVM running for 183.13)
2021-09-08 23:04:46.484 [restartedMain] INFO  o.s.b.d.a.ConditionEvaluationDeltaLoggingListener - Condition evaluation unchanged
2021-09-08 23:04:54.670 [http-nio-10080-exec-1] INFO  o.a.c.core.ContainerBase.[Tomcat].[localhost].[/] - Initializing Spring DispatcherServlet 'dispatcherServlet'
2021-09-08 23:04:54.671 [http-nio-10080-exec-1] INFO  org.springframework.web.servlet.DispatcherServlet - Initializing Servlet 'dispatcherServlet'
2021-09-08 23:04:54.672 [http-nio-10080-exec-1] INFO  org.springframework.web.servlet.DispatcherServlet - Completed initialization in 1 ms
2021-09-08 23:04:54.674 [http-nio-10080-exec-1] INFO  com.zaxxer.hikari.HikariDataSource - DatebookHikariCP - Starting...
2021-09-08 23:04:57.056 [http-nio-10080-exec-1] INFO  com.zaxxer.hikari.HikariDataSource - DatebookHikariCP - Start completed.
2021-09-08 23:05:24.448 [Thread-19] INFO  com.zaxxer.hikari.HikariDataSource - DatebookHikariCP - Shutdown initiated...
2021-09-08 23:05:24.453 [Thread-19] INFO  com.zaxxer.hikari.HikariDataSource - DatebookHikariCP - Shutdown completed.
2021-09-08 23:05:24.543 [restartedMain] INFO  com.gdutelc.snp.SnpApplication - Starting SnpApplication using Java 11.0.6 on LAPTOP-E3MO6SU7 with PID 11544 (D:\java project\SNP-backend\target\classes started by 10501 in D:\java project\SNP-backend)
2021-09-08 23:05:24.543 [restartedMain] INFO  com.gdutelc.snp.SnpApplication - No active profile set, falling back to default profiles: default
2021-09-08 23:05:24.784 [restartedMain] INFO  o.s.d.r.config.RepositoryConfigurationDelegate - Multiple Spring Data modules found, entering strict repository configuration mode!
2021-09-08 23:05:24.784 [restartedMain] INFO  o.s.d.r.config.RepositoryConfigurationDelegate - Bootstrapping Spring Data Redis repositories in DEFAULT mode.
2021-09-08 23:05:24.793 [restartedMain] INFO  o.s.d.r.config.RepositoryConfigurationDelegate - Finished Spring Data repository scanning in 8 ms. Found 0 Redis repository interfaces.
2021-09-08 23:05:24.910 [restartedMain] INFO  o.s.boot.web.embedded.tomcat.TomcatWebServer - Tomcat initialized with port(s): 10080 (http)
2021-09-08 23:05:24.910 [restartedMain] INFO  org.apache.coyote.http11.Http11NioProtocol - Initializing ProtocolHandler ["http-nio-10080"]
2021-09-08 23:05:24.910 [restartedMain] INFO  org.apache.catalina.core.StandardService - Starting service [Tomcat]
2021-09-08 23:05:24.910 [restartedMain] INFO  org.apache.catalina.core.StandardEngine - Starting Servlet engine: [Apache Tomcat/9.0.48]
2021-09-08 23:05:24.950 [restartedMain] INFO  o.a.c.core.ContainerBase.[Tomcat].[localhost].[/] - Initializing Spring embedded WebApplicationContext
2021-09-08 23:05:24.951 [restartedMain] INFO  o.s.b.w.s.c.ServletWebServerApplicationContext - Root WebApplicationContext: initialization completed in 404 ms
2021-09-08 23:05:25.148 [restartedMain] INFO  o.s.b.d.autoconfigure.OptionalLiveReloadServer - LiveReload server is running on port 35729
2021-09-08 23:05:25.159 [restartedMain] INFO  org.apache.coyote.http11.Http11NioProtocol - Starting ProtocolHandler ["http-nio-10080"]
2021-09-08 23:05:25.160 [restartedMain] INFO  o.s.boot.web.embedded.tomcat.TomcatWebServer - Tomcat started on port(s): 10080 (http) with context path ''
2021-09-08 23:05:25.163 [restartedMain] INFO  com.gdutelc.snp.SnpApplication - Started SnpApplication in 0.666 seconds (JVM running for 221.811)
2021-09-08 23:05:25.164 [restartedMain] INFO  o.s.b.d.a.ConditionEvaluationDeltaLoggingListener - Condition evaluation unchanged
2021-09-08 23:05:35.601 [http-nio-10080-exec-1] INFO  o.a.c.core.ContainerBase.[Tomcat].[localhost].[/] - Initializing Spring DispatcherServlet 'dispatcherServlet'
2021-09-08 23:05:35.602 [http-nio-10080-exec-1] INFO  org.springframework.web.servlet.DispatcherServlet - Initializing Servlet 'dispatcherServlet'
2021-09-08 23:05:35.603 [http-nio-10080-exec-1] INFO  org.springframework.web.servlet.DispatcherServlet - Completed initialization in 1 ms
2021-09-08 23:05:35.605 [http-nio-10080-exec-1] INFO  com.zaxxer.hikari.HikariDataSource - DatebookHikariCP - Starting...
2021-09-08 23:05:37.875 [http-nio-10080-exec-1] INFO  com.zaxxer.hikari.HikariDataSource - DatebookHikariCP - Start completed.
2021-09-08 23:05:38.067 [http-nio-10080-exec-1] INFO  com.gdutelc.snp.aspect.LogAspect - >>>>>>>>>>Ip: 127.0.0.1访问了 http://localhost:10080/user/appsign调用了appSign方法
2021-09-08 23:05:42.676 [http-nio-10080-exec-2] INFO  com.gdutelc.snp.aspect.LogAspect - >>>>>>>>>>Ip: 127.0.0.1访问了 http://localhost:10080/user/appsign调用了appSign方法
2021-09-08 23:06:53.995 [restartedMain] INFO  com.gdutelc.snp.SnpApplication - Starting SnpApplication using Java 11.0.6 on LAPTOP-E3MO6SU7 with PID 14776 (D:\java project\SNP-backend\target\classes started by 10501 in D:\java project\SNP-backend)
2021-09-08 23:06:53.999 [restartedMain] INFO  com.gdutelc.snp.SnpApplication - No active profile set, falling back to default profiles: default
2021-09-08 23:06:54.059 [restartedMain] INFO  o.s.b.d.env.DevToolsPropertyDefaultsPostProcessor - Devtools property defaults active! Set 'spring.devtools.add-properties' to 'false' to disable
2021-09-08 23:06:54.059 [restartedMain] INFO  o.s.b.d.env.DevToolsPropertyDefaultsPostProcessor - For additional web related logging consider setting the 'logging.level.web' property to 'DEBUG'
2021-09-08 23:06:54.616 [restartedMain] INFO  o.s.d.r.config.RepositoryConfigurationDelegate - Multiple Spring Data modules found, entering strict repository configuration mode!
2021-09-08 23:06:54.617 [restartedMain] INFO  o.s.d.r.config.RepositoryConfigurationDelegate - Bootstrapping Spring Data Redis repositories in DEFAULT mode.
2021-09-08 23:06:54.634 [restartedMain] INFO  o.s.d.r.config.RepositoryConfigurationDelegate - Finished Spring Data repository scanning in 9 ms. Found 0 Redis repository interfaces.
2021-09-08 23:06:55.470 [restartedMain] INFO  o.s.boot.web.embedded.tomcat.TomcatWebServer - Tomcat initialized with port(s): 10080 (http)
2021-09-08 23:06:55.477 [restartedMain] INFO  org.apache.coyote.http11.Http11NioProtocol - Initializing ProtocolHandler ["http-nio-10080"]
2021-09-08 23:06:55.478 [restartedMain] INFO  org.apache.catalina.core.StandardService - Starting service [Tomcat]
2021-09-08 23:06:55.478 [restartedMain] INFO  org.apache.catalina.core.StandardEngine - Starting Servlet engine: [Apache Tomcat/9.0.48]
2021-09-08 23:06:55.570 [restartedMain] INFO  o.a.c.core.ContainerBase.[Tomcat].[localhost].[/] - Initializing Spring embedded WebApplicationContext
2021-09-08 23:06:55.571 [restartedMain] INFO  o.s.b.w.s.c.ServletWebServerApplicationContext - Root WebApplicationContext: initialization completed in 1511 ms
2021-09-08 23:06:56.673 [restartedMain] INFO  o.s.b.d.autoconfigure.OptionalLiveReloadServer - LiveReload server is running on port 35729
2021-09-08 23:06:56.691 [restartedMain] INFO  org.apache.coyote.http11.Http11NioProtocol - Starting ProtocolHandler ["http-nio-10080"]
2021-09-08 23:06:56.703 [restartedMain] INFO  o.s.boot.web.embedded.tomcat.TomcatWebServer - Tomcat started on port(s): 10080 (http) with context path ''
2021-09-08 23:06:56.712 [restartedMain] INFO  com.gdutelc.snp.SnpApplication - Started SnpApplication in 3.145 seconds (JVM running for 3.71)
2021-09-08 23:07:00.011 [http-nio-10080-exec-1] INFO  o.a.c.core.ContainerBase.[Tomcat].[localhost].[/] - Initializing Spring DispatcherServlet 'dispatcherServlet'
2021-09-08 23:07:00.012 [http-nio-10080-exec-1] INFO  org.springframework.web.servlet.DispatcherServlet - Initializing Servlet 'dispatcherServlet'
2021-09-08 23:07:00.013 [http-nio-10080-exec-1] INFO  org.springframework.web.servlet.DispatcherServlet - Completed initialization in 1 ms
2021-09-08 23:07:00.063 [http-nio-10080-exec-1] INFO  com.zaxxer.hikari.HikariDataSource - DatebookHikariCP - Starting...
2021-09-08 23:07:03.630 [http-nio-10080-exec-1] INFO  com.zaxxer.hikari.HikariDataSource - DatebookHikariCP - Start completed.
2021-09-08 23:07:03.899 [http-nio-10080-exec-1] INFO  com.gdutelc.snp.aspect.LogAspect - >>>>>>>>>>Ip: 127.0.0.1访问了 http://localhost:10080/user/appsign调用了appSign方法
