2021-09-10 00:07:26.214 [restartedMain] ERROR o.s.b.diagnostics.LoggingFailureAnalysisReporter - 

***************************
APPLICATION FAILED TO START
***************************

Description:

A component required a bean of type 'com.gdutelc.snp.service.UserApiService' that could not be found.


Action:

Consider defining a bean of type 'com.gdutelc.snp.service.UserApiService' in your configuration.

2021-09-10 00:07:29.968 [restartedMain] ERROR o.s.b.diagnostics.LoggingFailureAnalysisReporter - 

***************************
APPLICATION FAILED TO START
***************************

Description:

Web server failed to start. Port 10080 was already in use.

Action:

Identify and stop the process that's listening on port 10080 or configure this application to listen on another port.

2021-09-10 00:07:46.472 [restartedMain] ERROR o.s.b.diagnostics.LoggingFailureAnalysisReporter - 

***************************
APPLICATION FAILED TO START
***************************

Description:

Web server failed to start. Port 10080 was already in use.

Action:

Identify and stop the process that's listening on port 10080 or configure this application to listen on another port.

