2021-08-29 11:21:05.905 [restartedMain] INFO  com.gdutelc.snp.SnpApplication - Starting SnpApplication using Java 11.0.6 on LAPTOP-E3MO6SU7 with PID 10104 (D:\java project\SNP-backend\target\classes started by 10501 in D:\java project\SNP-backend)
2021-08-29 11:21:05.919 [restartedMain] INFO  com.gdutelc.snp.SnpApplication - No active profile set, falling back to default profiles: default
2021-08-29 11:21:05.993 [restartedMain] INFO  o.s.b.d.env.DevToolsPropertyDefaultsPostProcessor - Devtools property defaults active! Set 'spring.devtools.add-properties' to 'false' to disable
2021-08-29 11:21:05.993 [restartedMain] INFO  o.s.b.d.env.DevToolsPropertyDefaultsPostProcessor - For additional web related logging consider setting the 'logging.level.web' property to 'DEBUG'
2021-08-29 11:21:06.602 [restartedMain] INFO  o.s.d.r.config.RepositoryConfigurationDelegate - Multiple Spring Data modules found, entering strict repository configuration mode!
2021-08-29 11:21:06.604 [restartedMain] INFO  o.s.d.r.config.RepositoryConfigurationDelegate - Bootstrapping Spring Data Redis repositories in DEFAULT mode.
2021-08-29 11:21:06.624 [restartedMain] INFO  o.s.d.r.config.RepositoryConfigurationDelegate - Finished Spring Data repository scanning in 9 ms. Found 0 Redis repository interfaces.
2021-08-29 11:21:07.580 [restartedMain] INFO  o.s.boot.web.embedded.tomcat.TomcatWebServer - Tomcat initialized with port(s): 10080 (http)
2021-08-29 11:21:07.587 [restartedMain] INFO  org.apache.coyote.http11.Http11NioProtocol - Initializing ProtocolHandler ["http-nio-10080"]
2021-08-29 11:21:07.588 [restartedMain] INFO  org.apache.catalina.core.StandardService - Starting service [Tomcat]
2021-08-29 11:21:07.588 [restartedMain] INFO  org.apache.catalina.core.StandardEngine - Starting Servlet engine: [Apache Tomcat/9.0.48]
2021-08-29 11:21:07.670 [restartedMain] INFO  o.a.c.core.ContainerBase.[Tomcat].[localhost].[/] - Initializing Spring embedded WebApplicationContext
2021-08-29 11:21:07.670 [restartedMain] INFO  o.s.b.w.s.c.ServletWebServerApplicationContext - Root WebApplicationContext: initialization completed in 1676 ms
2021-08-29 11:21:08.459 [restartedMain] INFO  o.s.b.d.autoconfigure.OptionalLiveReloadServer - LiveReload server is running on port 35729
2021-08-29 11:21:08.477 [restartedMain] INFO  org.apache.coyote.http11.Http11NioProtocol - Starting ProtocolHandler ["http-nio-10080"]
2021-08-29 11:21:08.490 [restartedMain] INFO  o.s.boot.web.embedded.tomcat.TomcatWebServer - Tomcat started on port(s): 10080 (http) with context path ''
2021-08-29 11:21:08.500 [restartedMain] INFO  com.gdutelc.snp.SnpApplication - Started SnpApplication in 3.099 seconds (JVM running for 3.723)
2021-08-29 11:23:26.815 [restartedMain] INFO  com.gdutelc.snp.SnpApplication - Starting SnpApplication using Java 11.0.6 on LAPTOP-E3MO6SU7 with PID 10104 (D:\java project\SNP-backend\target\classes started by 10501 in D:\java project\SNP-backend)
2021-08-29 11:23:26.815 [restartedMain] INFO  com.gdutelc.snp.SnpApplication - No active profile set, falling back to default profiles: default
2021-08-29 11:23:27.016 [restartedMain] INFO  o.s.d.r.config.RepositoryConfigurationDelegate - Multiple Spring Data modules found, entering strict repository configuration mode!
2021-08-29 11:23:27.016 [restartedMain] INFO  o.s.d.r.config.RepositoryConfigurationDelegate - Bootstrapping Spring Data Redis repositories in DEFAULT mode.
2021-08-29 11:23:27.029 [restartedMain] INFO  o.s.d.r.config.RepositoryConfigurationDelegate - Finished Spring Data repository scanning in 11 ms. Found 0 Redis repository interfaces.
2021-08-29 11:23:27.143 [restartedMain] INFO  o.s.boot.web.embedded.tomcat.TomcatWebServer - Tomcat initialized with port(s): 10080 (http)
2021-08-29 11:23:27.144 [restartedMain] INFO  org.apache.coyote.http11.Http11NioProtocol - Initializing ProtocolHandler ["http-nio-10080"]
2021-08-29 11:23:27.144 [restartedMain] INFO  org.apache.catalina.core.StandardService - Starting service [Tomcat]
2021-08-29 11:23:27.144 [restartedMain] INFO  org.apache.catalina.core.StandardEngine - Starting Servlet engine: [Apache Tomcat/9.0.48]
2021-08-29 11:23:27.176 [restartedMain] INFO  o.a.c.core.ContainerBase.[Tomcat].[localhost].[/] - Initializing Spring embedded WebApplicationContext
2021-08-29 11:23:27.176 [restartedMain] INFO  o.s.b.w.s.c.ServletWebServerApplicationContext - Root WebApplicationContext: initialization completed in 357 ms
2021-08-29 11:23:27.377 [restartedMain] INFO  o.s.b.d.autoconfigure.OptionalLiveReloadServer - LiveReload server is running on port 35729
2021-08-29 11:23:27.387 [restartedMain] INFO  org.apache.coyote.http11.Http11NioProtocol - Starting ProtocolHandler ["http-nio-10080"]
2021-08-29 11:23:27.389 [restartedMain] INFO  o.s.boot.web.embedded.tomcat.TomcatWebServer - Tomcat started on port(s): 10080 (http) with context path ''
2021-08-29 11:23:27.392 [restartedMain] INFO  com.gdutelc.snp.SnpApplication - Started SnpApplication in 0.66 seconds (JVM running for 142.615)
2021-08-29 11:23:27.393 [restartedMain] INFO  o.s.b.d.a.ConditionEvaluationDeltaLoggingListener - Condition evaluation unchanged
2021-08-29 16:14:40.531 [restartedMain] INFO  com.gdutelc.snp.SnpApplication - Starting SnpApplication using Java 11.0.6 on LAPTOP-E3MO6SU7 with PID 13588 (D:\java project\SNP-backend\target\classes started by 10501 in D:\java project\SNP-backend)
2021-08-29 16:14:40.535 [restartedMain] INFO  com.gdutelc.snp.SnpApplication - No active profile set, falling back to default profiles: default
2021-08-29 16:14:40.589 [restartedMain] INFO  o.s.b.d.env.DevToolsPropertyDefaultsPostProcessor - Devtools property defaults active! Set 'spring.devtools.add-properties' to 'false' to disable
2021-08-29 16:14:40.589 [restartedMain] INFO  o.s.b.d.env.DevToolsPropertyDefaultsPostProcessor - For additional web related logging consider setting the 'logging.level.web' property to 'DEBUG'
2021-08-29 16:14:41.279 [restartedMain] INFO  o.s.d.r.config.RepositoryConfigurationDelegate - Multiple Spring Data modules found, entering strict repository configuration mode!
2021-08-29 16:14:41.281 [restartedMain] INFO  o.s.d.r.config.RepositoryConfigurationDelegate - Bootstrapping Spring Data Redis repositories in DEFAULT mode.
2021-08-29 16:14:41.307 [restartedMain] INFO  o.s.d.r.config.RepositoryConfigurationDelegate - Finished Spring Data repository scanning in 12 ms. Found 0 Redis repository interfaces.
2021-08-29 16:14:42.383 [restartedMain] INFO  o.s.boot.web.embedded.tomcat.TomcatWebServer - Tomcat initialized with port(s): 10080 (http)
2021-08-29 16:14:42.393 [restartedMain] INFO  org.apache.coyote.http11.Http11NioProtocol - Initializing ProtocolHandler ["http-nio-10080"]
2021-08-29 16:14:42.393 [restartedMain] INFO  org.apache.catalina.core.StandardService - Starting service [Tomcat]
2021-08-29 16:14:42.393 [restartedMain] INFO  org.apache.catalina.core.StandardEngine - Starting Servlet engine: [Apache Tomcat/9.0.48]
2021-08-29 16:14:42.505 [restartedMain] INFO  o.a.c.core.ContainerBase.[Tomcat].[localhost].[/] - Initializing Spring embedded WebApplicationContext
2021-08-29 16:14:42.505 [restartedMain] INFO  o.s.b.w.s.c.ServletWebServerApplicationContext - Root WebApplicationContext: initialization completed in 1916 ms
2021-08-29 16:14:43.769 [restartedMain] INFO  o.s.b.d.autoconfigure.OptionalLiveReloadServer - LiveReload server is running on port 35729
2021-08-29 16:14:43.788 [restartedMain] INFO  org.apache.coyote.http11.Http11NioProtocol - Starting ProtocolHandler ["http-nio-10080"]
2021-08-29 16:14:43.803 [restartedMain] INFO  o.s.boot.web.embedded.tomcat.TomcatWebServer - Tomcat started on port(s): 10080 (http) with context path ''
2021-08-29 16:14:43.814 [restartedMain] INFO  com.gdutelc.snp.SnpApplication - Started SnpApplication in 3.949 seconds (JVM running for 4.668)
2021-08-29 16:15:02.922 [http-nio-10080-exec-1] INFO  o.a.c.core.ContainerBase.[Tomcat].[localhost].[/] - Initializing Spring DispatcherServlet 'dispatcherServlet'
2021-08-29 16:15:02.923 [http-nio-10080-exec-1] INFO  org.springframework.web.servlet.DispatcherServlet - Initializing Servlet 'dispatcherServlet'
2021-08-29 16:15:02.928 [http-nio-10080-exec-1] INFO  org.springframework.web.servlet.DispatcherServlet - Completed initialization in 4 ms
2021-08-29 16:15:02.999 [http-nio-10080-exec-1] INFO  com.gdutelc.snp.aspect.LogAspect - >>>>>>>>>>Ip: 127.0.0.1访问了 http://localhost:10080/user/getQRCode调用了getQrCode方法
2021-08-29 16:15:24.884 [http-nio-10080-exec-2] INFO  com.gdutelc.snp.aspect.LogAspect - >>>>>>>>>>Ip: 127.0.0.1访问了 http://localhost:10080/user/getQRCode调用了getQrCode方法
2021-08-29 16:26:49.567 [restartedMain] INFO  com.gdutelc.snp.SnpApplication - Starting SnpApplication using Java 11.0.6 on LAPTOP-E3MO6SU7 with PID 13588 (D:\java project\SNP-backend\target\classes started by 10501 in D:\java project\SNP-backend)
2021-08-29 16:26:49.567 [restartedMain] INFO  com.gdutelc.snp.SnpApplication - No active profile set, falling back to default profiles: default
2021-08-29 16:26:49.744 [restartedMain] INFO  o.s.d.r.config.RepositoryConfigurationDelegate - Multiple Spring Data modules found, entering strict repository configuration mode!
2021-08-29 16:26:49.744 [restartedMain] INFO  o.s.d.r.config.RepositoryConfigurationDelegate - Bootstrapping Spring Data Redis repositories in DEFAULT mode.
2021-08-29 16:26:49.752 [restartedMain] INFO  o.s.d.r.config.RepositoryConfigurationDelegate - Finished Spring Data repository scanning in 8 ms. Found 0 Redis repository interfaces.
2021-08-29 16:26:49.863 [restartedMain] INFO  o.s.boot.web.embedded.tomcat.TomcatWebServer - Tomcat initialized with port(s): 10080 (http)
2021-08-29 16:26:49.864 [restartedMain] INFO  org.apache.coyote.http11.Http11NioProtocol - Initializing ProtocolHandler ["http-nio-10080"]
2021-08-29 16:26:49.864 [restartedMain] INFO  org.apache.catalina.core.StandardService - Starting service [Tomcat]
2021-08-29 16:26:49.864 [restartedMain] INFO  org.apache.catalina.core.StandardEngine - Starting Servlet engine: [Apache Tomcat/9.0.48]
2021-08-29 16:26:49.912 [restartedMain] INFO  o.a.c.core.ContainerBase.[Tomcat].[localhost].[/] - Initializing Spring embedded WebApplicationContext
2021-08-29 16:26:49.912 [restartedMain] INFO  o.s.b.w.s.c.ServletWebServerApplicationContext - Root WebApplicationContext: initialization completed in 343 ms
2021-08-29 16:26:50.135 [restartedMain] INFO  o.s.b.d.autoconfigure.OptionalLiveReloadServer - LiveReload server is running on port 35729
2021-08-29 16:26:50.145 [restartedMain] INFO  org.apache.coyote.http11.Http11NioProtocol - Starting ProtocolHandler ["http-nio-10080"]
2021-08-29 16:26:50.147 [restartedMain] INFO  o.s.boot.web.embedded.tomcat.TomcatWebServer - Tomcat started on port(s): 10080 (http) with context path ''
2021-08-29 16:26:50.151 [restartedMain] INFO  com.gdutelc.snp.SnpApplication - Started SnpApplication in 0.635 seconds (JVM running for 731.006)
2021-08-29 16:26:50.153 [restartedMain] INFO  o.s.b.d.a.ConditionEvaluationDeltaLoggingListener - Condition evaluation unchanged
2021-08-29 16:26:51.917 [restartedMain] INFO  com.gdutelc.snp.SnpApplication - Starting SnpApplication using Java 11.0.6 on LAPTOP-E3MO6SU7 with PID 13588 (D:\java project\SNP-backend\target\classes started by 10501 in D:\java project\SNP-backend)
2021-08-29 16:26:51.917 [restartedMain] INFO  com.gdutelc.snp.SnpApplication - No active profile set, falling back to default profiles: default
2021-08-29 16:26:52.053 [restartedMain] INFO  o.s.d.r.config.RepositoryConfigurationDelegate - Multiple Spring Data modules found, entering strict repository configuration mode!
2021-08-29 16:26:52.053 [restartedMain] INFO  o.s.d.r.config.RepositoryConfigurationDelegate - Bootstrapping Spring Data Redis repositories in DEFAULT mode.
2021-08-29 16:26:52.059 [restartedMain] INFO  o.s.d.r.config.RepositoryConfigurationDelegate - Finished Spring Data repository scanning in 5 ms. Found 0 Redis repository interfaces.
2021-08-29 16:26:52.129 [restartedMain] INFO  o.s.boot.web.embedded.tomcat.TomcatWebServer - Tomcat initialized with port(s): 10080 (http)
2021-08-29 16:26:52.129 [restartedMain] INFO  org.apache.coyote.http11.Http11NioProtocol - Initializing ProtocolHandler ["http-nio-10080"]
2021-08-29 16:26:52.130 [restartedMain] INFO  org.apache.catalina.core.StandardService - Starting service [Tomcat]
2021-08-29 16:26:52.130 [restartedMain] INFO  org.apache.catalina.core.StandardEngine - Starting Servlet engine: [Apache Tomcat/9.0.48]
2021-08-29 16:26:52.160 [restartedMain] INFO  o.a.c.core.ContainerBase.[Tomcat].[localhost].[/] - Initializing Spring embedded WebApplicationContext
2021-08-29 16:26:52.160 [restartedMain] INFO  o.s.b.w.s.c.ServletWebServerApplicationContext - Root WebApplicationContext: initialization completed in 240 ms
2021-08-29 16:26:52.356 [restartedMain] INFO  o.s.b.d.autoconfigure.OptionalLiveReloadServer - LiveReload server is running on port 35729
2021-08-29 16:26:52.366 [restartedMain] INFO  org.apache.coyote.http11.Http11NioProtocol - Starting ProtocolHandler ["http-nio-10080"]
2021-08-29 16:26:52.367 [restartedMain] INFO  o.s.boot.web.embedded.tomcat.TomcatWebServer - Tomcat started on port(s): 10080 (http) with context path ''
2021-08-29 16:26:52.371 [restartedMain] INFO  com.gdutelc.snp.SnpApplication - Started SnpApplication in 0.487 seconds (JVM running for 733.225)
2021-08-29 16:26:52.372 [restartedMain] INFO  o.s.b.d.a.ConditionEvaluationDeltaLoggingListener - Condition evaluation unchanged
2021-08-29 16:43:28.379 [restartedMain] INFO  com.gdutelc.snp.SnpApplication - Starting SnpApplication using Java 11.0.6 on LAPTOP-E3MO6SU7 with PID 13588 (D:\java project\SNP-backend\target\classes started by 10501 in D:\java project\SNP-backend)
2021-08-29 16:43:28.379 [restartedMain] INFO  com.gdutelc.snp.SnpApplication - No active profile set, falling back to default profiles: default
2021-08-29 16:43:28.654 [restartedMain] INFO  o.s.d.r.config.RepositoryConfigurationDelegate - Multiple Spring Data modules found, entering strict repository configuration mode!
2021-08-29 16:43:28.654 [restartedMain] INFO  o.s.d.r.config.RepositoryConfigurationDelegate - Bootstrapping Spring Data Redis repositories in DEFAULT mode.
2021-08-29 16:43:28.668 [restartedMain] INFO  o.s.d.r.config.RepositoryConfigurationDelegate - Finished Spring Data repository scanning in 13 ms. Found 0 Redis repository interfaces.
2021-08-29 16:43:28.808 [restartedMain] INFO  o.s.boot.web.embedded.tomcat.TomcatWebServer - Tomcat initialized with port(s): 10080 (http)
2021-08-29 16:43:28.808 [restartedMain] INFO  org.apache.coyote.http11.Http11NioProtocol - Initializing ProtocolHandler ["http-nio-10080"]
2021-08-29 16:43:28.808 [restartedMain] INFO  org.apache.catalina.core.StandardService - Starting service [Tomcat]
2021-08-29 16:43:28.808 [restartedMain] INFO  org.apache.catalina.core.StandardEngine - Starting Servlet engine: [Apache Tomcat/9.0.48]
2021-08-29 16:43:28.846 [restartedMain] INFO  o.a.c.core.ContainerBase.[Tomcat].[localhost].[/] - Initializing Spring embedded WebApplicationContext
2021-08-29 16:43:28.846 [restartedMain] INFO  o.s.b.w.s.c.ServletWebServerApplicationContext - Root WebApplicationContext: initialization completed in 464 ms
2021-08-29 16:43:29.058 [restartedMain] INFO  o.s.b.d.autoconfigure.OptionalLiveReloadServer - LiveReload server is running on port 35729
2021-08-29 16:43:29.070 [restartedMain] INFO  org.apache.coyote.http11.Http11NioProtocol - Starting ProtocolHandler ["http-nio-10080"]
2021-08-29 16:43:29.071 [restartedMain] INFO  o.s.boot.web.embedded.tomcat.TomcatWebServer - Tomcat started on port(s): 10080 (http) with context path ''
2021-08-29 16:43:29.076 [restartedMain] INFO  com.gdutelc.snp.SnpApplication - Started SnpApplication in 0.761 seconds (JVM running for 1729.93)
2021-08-29 16:43:29.077 [restartedMain] INFO  o.s.b.d.a.ConditionEvaluationDeltaLoggingListener - Condition evaluation unchanged
2021-08-29 16:43:30.793 [restartedMain] INFO  com.gdutelc.snp.SnpApplication - Starting SnpApplication using Java 11.0.6 on LAPTOP-E3MO6SU7 with PID 13588 (D:\java project\SNP-backend\target\classes started by 10501 in D:\java project\SNP-backend)
2021-08-29 16:43:30.793 [restartedMain] INFO  com.gdutelc.snp.SnpApplication - No active profile set, falling back to default profiles: default
2021-08-29 16:43:30.908 [restartedMain] INFO  o.s.d.r.config.RepositoryConfigurationDelegate - Multiple Spring Data modules found, entering strict repository configuration mode!
2021-08-29 16:43:30.908 [restartedMain] INFO  o.s.d.r.config.RepositoryConfigurationDelegate - Bootstrapping Spring Data Redis repositories in DEFAULT mode.
2021-08-29 16:43:30.913 [restartedMain] INFO  o.s.d.r.config.RepositoryConfigurationDelegate - Finished Spring Data repository scanning in 4 ms. Found 0 Redis repository interfaces.
2021-08-29 16:43:30.973 [restartedMain] INFO  o.s.boot.web.embedded.tomcat.TomcatWebServer - Tomcat initialized with port(s): 10080 (http)
2021-08-29 16:43:30.974 [restartedMain] INFO  org.apache.coyote.http11.Http11NioProtocol - Initializing ProtocolHandler ["http-nio-10080"]
2021-08-29 16:43:30.974 [restartedMain] INFO  org.apache.catalina.core.StandardService - Starting service [Tomcat]
2021-08-29 16:43:30.974 [restartedMain] INFO  org.apache.catalina.core.StandardEngine - Starting Servlet engine: [Apache Tomcat/9.0.48]
2021-08-29 16:43:31.000 [restartedMain] INFO  o.a.c.core.ContainerBase.[Tomcat].[localhost].[/] - Initializing Spring embedded WebApplicationContext
2021-08-29 16:43:31.001 [restartedMain] INFO  o.s.b.w.s.c.ServletWebServerApplicationContext - Root WebApplicationContext: initialization completed in 206 ms
2021-08-29 16:43:31.166 [restartedMain] INFO  o.s.b.d.autoconfigure.OptionalLiveReloadServer - LiveReload server is running on port 35729
2021-08-29 16:43:31.174 [restartedMain] INFO  org.apache.coyote.http11.Http11NioProtocol - Starting ProtocolHandler ["http-nio-10080"]
2021-08-29 16:43:31.176 [restartedMain] INFO  o.s.boot.web.embedded.tomcat.TomcatWebServer - Tomcat started on port(s): 10080 (http) with context path ''
2021-08-29 16:43:31.179 [restartedMain] INFO  com.gdutelc.snp.SnpApplication - Started SnpApplication in 0.413 seconds (JVM running for 1732.034)
2021-08-29 16:43:31.180 [restartedMain] INFO  o.s.b.d.a.ConditionEvaluationDeltaLoggingListener - Condition evaluation unchanged
