2021-09-09 23:29:46.238 [main] DEBUG com.gdutelc.snp.JwtTests - Running with Spring Boot v2.5.2, Spring v5.3.8
2021-09-09 23:30:48.608 [restartedMain] DEBUG com.gdutelc.snp.SnpApplication - Running with Spring Boot v2.5.2, Spring v5.3.8
2021-09-09 23:30:48.609 [restartedMain] DEBUG org.springframework.boot.SpringApplication - Loading source class com.gdutelc.snp.SnpApplication
2021-09-09 23:30:48.658 [restartedMain] DEBUG o.s.boot.devtools.restart.ChangeableUrls - Matching URLs for reloading : [file:/D:/java%20project/SNP-backend/target/classes/]
2021-09-09 23:30:48.659 [restartedMain] DEBUG o.s.boot.devtools.settings.DevToolsSettings - Included patterns for restart : []
2021-09-09 23:30:48.659 [restartedMain] DEBUG o.s.boot.devtools.settings.DevToolsSettings - Excluded patterns for restart : [/spring-boot-starter-[\w-]+/, /spring-boot/(bin|build|out)/, /spring-boot-starter/(bin|build|out)/, /spring-boot-devtools/(bin|build|out)/, /spring-boot-actuator/(bin|build|out)/, /spring-boot-autoconfigure/(bin|build|out)/]
2021-09-09 23:30:48.669 [restartedMain] DEBUG o.s.b.w.s.c.AnnotationConfigServletWebServerApplicationContext - Refreshing org.springframework.boot.web.servlet.context.AnnotationConfigServletWebServerApplicationContext@2e5cc845
2021-09-09 23:30:49.271 [restartedMain] DEBUG o.s.boot.autoconfigure.AutoConfigurationPackages - @EnableAutoConfiguration was declared on a class in the package 'com.gdutelc.snp'. Automatic @Repository and @Entity scanning is enabled.
2021-09-09 23:30:50.131 [restartedMain] DEBUG o.s.b.w.e.tomcat.TomcatServletWebServerFactory - Code archive: C:\Users\10501\.m2\repository\org\springframework\boot\spring-boot\2.5.2\spring-boot-2.5.2.jar
2021-09-09 23:30:50.132 [restartedMain] DEBUG o.s.b.w.e.tomcat.TomcatServletWebServerFactory - Code archive: C:\Users\10501\.m2\repository\org\springframework\boot\spring-boot\2.5.2\spring-boot-2.5.2.jar
2021-09-09 23:30:50.132 [restartedMain] DEBUG o.s.b.w.e.tomcat.TomcatServletWebServerFactory - None of the document roots [src/main/webapp, public, static] point to a directory and will be ignored.
2021-09-09 23:30:50.276 [restartedMain] DEBUG o.s.b.w.s.c.ServletWebServerApplicationContext - Published root WebApplicationContext as ServletContext attribute with name [org.springframework.web.context.WebApplicationContext.ROOT]
2021-09-09 23:30:50.289 [restartedMain] DEBUG o.s.b.web.servlet.ServletContextInitializerBeans - Mapping filters: characterEncodingFilter urls=[/*] order=-2147483648, formContentFilter urls=[/*] order=-9900, requestContextFilter urls=[/*] order=-105
2021-09-09 23:30:50.289 [restartedMain] DEBUG o.s.b.web.servlet.ServletContextInitializerBeans - Mapping servlets: dispatcherServlet urls=[/]
2021-09-09 23:30:50.305 [restartedMain] DEBUG o.s.b.w.servlet.filter.OrderedRequestContextFilter - Filter 'requestContextFilter' configured for use
2021-09-09 23:30:50.305 [restartedMain] DEBUG o.s.b.w.s.filter.OrderedCharacterEncodingFilter - Filter 'characterEncodingFilter' configured for use
2021-09-09 23:30:50.305 [restartedMain] DEBUG o.s.b.web.servlet.filter.OrderedFormContentFilter - Filter 'formContentFilter' configured for use
2021-09-09 23:30:50.784 [restartedMain] DEBUG o.s.w.s.m.m.a.RequestMappingHandlerAdapter - ControllerAdvice beans: 0 @ModelAttribute, 0 @InitBinder, 1 RequestBodyAdvice, 1 ResponseBodyAdvice
2021-09-09 23:30:50.825 [restartedMain] DEBUG o.s.w.s.m.m.a.RequestMappingHandlerMapping - 19 mappings in 'requestMappingHandlerMapping'
2021-09-09 23:30:50.851 [restartedMain] DEBUG o.s.web.servlet.handler.SimpleUrlHandlerMapping - Patterns [/webjars/**, /**] in 'resourceHandlerMapping'
2021-09-09 23:30:50.859 [restartedMain] DEBUG o.s.w.s.m.m.a.ExceptionHandlerExceptionResolver - ControllerAdvice beans: 1 @ExceptionHandler, 1 ResponseBodyAdvice
2021-09-09 23:30:51.008 [restartedMain] DEBUG o.s.boot.devtools.livereload.LiveReloadServer - Starting live reload server on port 35729
2021-09-09 23:30:51.048 [restartedMain] DEBUG o.s.boot.availability.ApplicationAvailabilityBean - Application availability state LivenessState changed to CORRECT
2021-09-09 23:30:51.049 [restartedMain] DEBUG o.springframework.boot.devtools.restart.Restarter - Creating new Restarter for thread Thread[main,5,main]
2021-09-09 23:30:51.049 [restartedMain] DEBUG o.springframework.boot.devtools.restart.Restarter - Immediately restarting application
2021-09-09 23:30:51.049 [restartedMain] DEBUG o.springframework.boot.devtools.restart.Restarter - Created RestartClassLoader org.springframework.boot.devtools.restart.classloader.RestartClassLoader@65250706
2021-09-09 23:30:51.049 [restartedMain] DEBUG o.springframework.boot.devtools.restart.Restarter - Starting application com.gdutelc.snp.SnpApplication with URLs [file:/D:/java%20project/SNP-backend/target/classes/]
2021-09-09 23:30:51.050 [restartedMain] DEBUG o.s.boot.availability.ApplicationAvailabilityBean - Application availability state ReadinessState changed to ACCEPTING_TRAFFIC
2021-09-09 23:31:00.843 [http-nio-10080-exec-1] DEBUG org.springframework.web.servlet.DispatcherServlet - Detected StandardServletMultipartResolver
2021-09-09 23:31:00.843 [http-nio-10080-exec-1] DEBUG org.springframework.web.servlet.DispatcherServlet - Detected AcceptHeaderLocaleResolver
2021-09-09 23:31:00.843 [http-nio-10080-exec-1] DEBUG org.springframework.web.servlet.DispatcherServlet - Detected FixedThemeResolver
2021-09-09 23:31:00.843 [http-nio-10080-exec-1] DEBUG org.springframework.web.servlet.DispatcherServlet - Detected org.springframework.web.servlet.view.DefaultRequestToViewNameTranslator@526f4147
2021-09-09 23:31:00.843 [http-nio-10080-exec-1] DEBUG org.springframework.web.servlet.DispatcherServlet - Detected org.springframework.web.servlet.support.SessionFlashMapManager@1f6a7a0f
2021-09-09 23:31:00.843 [http-nio-10080-exec-1] DEBUG org.springframework.web.servlet.DispatcherServlet - enableLoggingRequestDetails='false': request parameters and headers will be masked to prevent unsafe logging of potentially sensitive data
2021-09-09 23:31:00.848 [http-nio-10080-exec-1] DEBUG org.springframework.web.servlet.DispatcherServlet - GET "/user/getform", parameters={}
2021-09-09 23:31:00.850 [http-nio-10080-exec-1] DEBUG o.s.w.s.m.m.a.RequestMappingHandlerMapping - Mapped to com.gdutelc.snp.controller.UserApiController#getForm(String)
2021-09-09 23:31:03.693 [http-nio-10080-exec-1] DEBUG com.gdutelc.snp.dao.IUserDao.getOpenidByUid - ==>  Preparing: SELECT openid FROM db_sign_up.t_user WHERE uid = ? LIMIT 1
2021-09-09 23:31:03.713 [http-nio-10080-exec-1] DEBUG com.gdutelc.snp.dao.IUserDao.getOpenidByUid - ==> Parameters: 1(Integer)
2021-09-09 23:31:03.902 [http-nio-10080-exec-1] DEBUG com.gdutelc.snp.dao.IUserDao.getOpenidByUid - <==      Total: 1
2021-09-09 23:31:03.937 [http-nio-10080-exec-1] DEBUG com.gdutelc.snp.dao.ISignDao.getDsignByUid - ==>  Preparing: SELECT `name`, grade, college, major, class, dsp, dno,secdno, gender, sno, qq, domitory, know, party FROM db_sign_up.t_sign WHERE uid = ? LIMIT 1
2021-09-09 23:31:03.937 [http-nio-10080-exec-1] DEBUG com.gdutelc.snp.dao.ISignDao.getDsignByUid - ==> Parameters: 1(Integer)
2021-09-09 23:31:04.112 [http-nio-10080-exec-1] DEBUG com.gdutelc.snp.dao.ISignDao.getDsignByUid - <==      Total: 1
2021-09-09 23:31:04.206 [http-nio-10080-exec-1] DEBUG o.s.w.s.m.m.a.RequestResponseBodyMethodProcessor - Using 'application/json', given [*/*] and supported [application/json, application/*+json, application/json, application/*+json]
2021-09-09 23:31:04.211 [http-nio-10080-exec-1] DEBUG o.s.w.s.m.m.a.RequestResponseBodyMethodProcessor - Writing [Result(code=1, msg=成功, data={"college":1,"dno":1,"domitory":"东十四409","dsp":"kid","gender":true,"grad (truncated)...]
2021-09-09 23:31:04.232 [http-nio-10080-exec-1] DEBUG org.springframework.web.servlet.DispatcherServlet - Completed 200 OK
2021-09-09 23:35:19.292 [File Watcher] DEBUG o.springframework.boot.devtools.restart.Restarter - Restarting application
2021-09-09 23:35:19.293 [Thread-5] DEBUG o.springframework.boot.devtools.restart.Restarter - Stopping application
2021-09-09 23:35:19.293 [Thread-5] DEBUG o.s.boot.availability.ApplicationAvailabilityBean - Application availability state ReadinessState changed from ACCEPTING_TRAFFIC to REFUSING_TRAFFIC
2021-09-09 23:35:19.293 [Thread-5] DEBUG o.s.b.w.s.c.AnnotationConfigServletWebServerApplicationContext - Closing org.springframework.boot.web.servlet.context.AnnotationConfigServletWebServerApplicationContext@2e5cc845, started on Thu Sep 09 23:30:48 CST 2021
2021-09-09 23:35:20.018 [Thread-5] DEBUG o.springframework.boot.devtools.restart.Restarter - Created RestartClassLoader org.springframework.boot.devtools.restart.classloader.RestartClassLoader@d022b75
2021-09-09 23:35:20.018 [Thread-5] DEBUG o.springframework.boot.devtools.restart.Restarter - Starting application com.gdutelc.snp.SnpApplication with URLs [file:/D:/java%20project/SNP-backend/target/classes/]
2021-09-09 23:35:20.100 [restartedMain] DEBUG com.gdutelc.snp.SnpApplication - Running with Spring Boot v2.5.2, Spring v5.3.8
2021-09-09 23:35:20.101 [restartedMain] DEBUG org.springframework.boot.SpringApplication - Loading source class com.gdutelc.snp.SnpApplication
2021-09-09 23:35:20.105 [restartedMain] DEBUG o.s.b.w.s.c.AnnotationConfigServletWebServerApplicationContext - Refreshing org.springframework.boot.web.servlet.context.AnnotationConfigServletWebServerApplicationContext@68b510b
2021-09-09 23:35:20.308 [restartedMain] DEBUG o.s.boot.autoconfigure.AutoConfigurationPackages - @EnableAutoConfiguration was declared on a class in the package 'com.gdutelc.snp'. Automatic @Repository and @Entity scanning is enabled.
2021-09-09 23:35:20.408 [restartedMain] DEBUG o.s.b.w.e.tomcat.TomcatServletWebServerFactory - Code archive: C:\Users\10501\.m2\repository\org\springframework\boot\spring-boot\2.5.2\spring-boot-2.5.2.jar
2021-09-09 23:35:20.408 [restartedMain] DEBUG o.s.b.w.e.tomcat.TomcatServletWebServerFactory - Code archive: C:\Users\10501\.m2\repository\org\springframework\boot\spring-boot\2.5.2\spring-boot-2.5.2.jar
2021-09-09 23:35:20.408 [restartedMain] DEBUG o.s.b.w.e.tomcat.TomcatServletWebServerFactory - None of the document roots [src/main/webapp, public, static] point to a directory and will be ignored.
2021-09-09 23:35:20.447 [restartedMain] DEBUG o.s.b.w.s.c.ServletWebServerApplicationContext - Published root WebApplicationContext as ServletContext attribute with name [org.springframework.web.context.WebApplicationContext.ROOT]
2021-09-09 23:35:20.454 [restartedMain] DEBUG o.s.b.web.servlet.ServletContextInitializerBeans - Mapping filters: characterEncodingFilter urls=[/*] order=-2147483648, formContentFilter urls=[/*] order=-9900, requestContextFilter urls=[/*] order=-105
2021-09-09 23:35:20.454 [restartedMain] DEBUG o.s.b.web.servlet.ServletContextInitializerBeans - Mapping servlets: dispatcherServlet urls=[/]
2021-09-09 23:35:20.454 [restartedMain] DEBUG o.s.b.w.servlet.filter.OrderedRequestContextFilter - Filter 'requestContextFilter' configured for use
2021-09-09 23:35:20.455 [restartedMain] DEBUG o.s.b.w.s.filter.OrderedCharacterEncodingFilter - Filter 'characterEncodingFilter' configured for use
2021-09-09 23:35:20.455 [restartedMain] DEBUG o.s.b.web.servlet.filter.OrderedFormContentFilter - Filter 'formContentFilter' configured for use
2021-09-09 23:35:20.613 [restartedMain] DEBUG o.s.w.s.m.m.a.RequestMappingHandlerAdapter - ControllerAdvice beans: 0 @ModelAttribute, 0 @InitBinder, 1 RequestBodyAdvice, 1 ResponseBodyAdvice
2021-09-09 23:35:20.627 [restartedMain] DEBUG o.s.w.s.m.m.a.RequestMappingHandlerMapping - 19 mappings in 'requestMappingHandlerMapping'
2021-09-09 23:35:20.646 [restartedMain] DEBUG o.s.web.servlet.handler.SimpleUrlHandlerMapping - Patterns [/webjars/**, /**] in 'resourceHandlerMapping'
2021-09-09 23:35:20.653 [restartedMain] DEBUG o.s.w.s.m.m.a.ExceptionHandlerExceptionResolver - ControllerAdvice beans: 1 @ExceptionHandler, 1 ResponseBodyAdvice
2021-09-09 23:35:20.729 [restartedMain] DEBUG o.s.boot.availability.ApplicationAvailabilityBean - Application availability state LivenessState changed to CORRECT
2021-09-09 23:35:20.730 [restartedMain] DEBUG o.s.boot.availability.ApplicationAvailabilityBean - Application availability state ReadinessState changed to ACCEPTING_TRAFFIC
2021-09-09 23:35:22.133 [File Watcher] DEBUG o.springframework.boot.devtools.restart.Restarter - Restarting application
2021-09-09 23:35:22.133 [Thread-7] DEBUG o.springframework.boot.devtools.restart.Restarter - Stopping application
2021-09-09 23:35:22.133 [Thread-7] DEBUG o.s.boot.availability.ApplicationAvailabilityBean - Application availability state ReadinessState changed from ACCEPTING_TRAFFIC to REFUSING_TRAFFIC
2021-09-09 23:35:22.134 [Thread-7] DEBUG o.s.b.w.s.c.AnnotationConfigServletWebServerApplicationContext - Closing org.springframework.boot.web.servlet.context.AnnotationConfigServletWebServerApplicationContext@68b510b, started on Thu Sep 09 23:35:20 CST 2021
2021-09-09 23:35:22.525 [Thread-7] DEBUG o.springframework.boot.devtools.restart.Restarter - Created RestartClassLoader org.springframework.boot.devtools.restart.classloader.RestartClassLoader@7c76464f
2021-09-09 23:35:22.525 [Thread-7] DEBUG o.springframework.boot.devtools.restart.Restarter - Starting application com.gdutelc.snp.SnpApplication with URLs [file:/D:/java%20project/SNP-backend/target/classes/]
2021-09-09 23:35:22.562 [restartedMain] DEBUG com.gdutelc.snp.SnpApplication - Running with Spring Boot v2.5.2, Spring v5.3.8
2021-09-09 23:35:22.563 [restartedMain] DEBUG org.springframework.boot.SpringApplication - Loading source class com.gdutelc.snp.SnpApplication
2021-09-09 23:35:22.565 [restartedMain] DEBUG o.s.b.w.s.c.AnnotationConfigServletWebServerApplicationContext - Refreshing org.springframework.boot.web.servlet.context.AnnotationConfigServletWebServerApplicationContext@1c255e42
2021-09-09 23:35:22.693 [restartedMain] DEBUG o.s.boot.autoconfigure.AutoConfigurationPackages - @EnableAutoConfiguration was declared on a class in the package 'com.gdutelc.snp'. Automatic @Repository and @Entity scanning is enabled.
2021-09-09 23:35:22.757 [restartedMain] DEBUG o.s.b.w.e.tomcat.TomcatServletWebServerFactory - Code archive: C:\Users\10501\.m2\repository\org\springframework\boot\spring-boot\2.5.2\spring-boot-2.5.2.jar
2021-09-09 23:35:22.757 [restartedMain] DEBUG o.s.b.w.e.tomcat.TomcatServletWebServerFactory - Code archive: C:\Users\10501\.m2\repository\org\springframework\boot\spring-boot\2.5.2\spring-boot-2.5.2.jar
2021-09-09 23:35:22.757 [restartedMain] DEBUG o.s.b.w.e.tomcat.TomcatServletWebServerFactory - None of the document roots [src/main/webapp, public, static] point to a directory and will be ignored.
2021-09-09 23:35:22.792 [restartedMain] DEBUG o.s.b.w.s.c.ServletWebServerApplicationContext - Published root WebApplicationContext as ServletContext attribute with name [org.springframework.web.context.WebApplicationContext.ROOT]
2021-09-09 23:35:22.797 [restartedMain] DEBUG o.s.b.web.servlet.ServletContextInitializerBeans - Mapping filters: characterEncodingFilter urls=[/*] order=-2147483648, formContentFilter urls=[/*] order=-9900, requestContextFilter urls=[/*] order=-105
2021-09-09 23:35:22.797 [restartedMain] DEBUG o.s.b.web.servlet.ServletContextInitializerBeans - Mapping servlets: dispatcherServlet urls=[/]
2021-09-09 23:35:22.798 [restartedMain] DEBUG o.s.b.w.servlet.filter.OrderedRequestContextFilter - Filter 'requestContextFilter' configured for use
2021-09-09 23:35:22.798 [restartedMain] DEBUG o.s.b.w.s.filter.OrderedCharacterEncodingFilter - Filter 'characterEncodingFilter' configured for use
2021-09-09 23:35:22.798 [restartedMain] DEBUG o.s.b.web.servlet.filter.OrderedFormContentFilter - Filter 'formContentFilter' configured for use
2021-09-09 23:35:22.912 [restartedMain] DEBUG o.s.w.s.m.m.a.RequestMappingHandlerAdapter - ControllerAdvice beans: 0 @ModelAttribute, 0 @InitBinder, 1 RequestBodyAdvice, 1 ResponseBodyAdvice
2021-09-09 23:35:22.918 [restartedMain] DEBUG o.s.w.s.m.m.a.RequestMappingHandlerMapping - 19 mappings in 'requestMappingHandlerMapping'
2021-09-09 23:35:22.930 [restartedMain] DEBUG o.s.web.servlet.handler.SimpleUrlHandlerMapping - Patterns [/webjars/**, /**] in 'resourceHandlerMapping'
2021-09-09 23:35:22.935 [restartedMain] DEBUG o.s.w.s.m.m.a.ExceptionHandlerExceptionResolver - ControllerAdvice beans: 1 @ExceptionHandler, 1 ResponseBodyAdvice
2021-09-09 23:35:22.983 [restartedMain] DEBUG o.s.boot.availability.ApplicationAvailabilityBean - Application availability state LivenessState changed to CORRECT
2021-09-09 23:35:22.984 [restartedMain] DEBUG o.s.boot.availability.ApplicationAvailabilityBean - Application availability state ReadinessState changed to ACCEPTING_TRAFFIC
2021-09-09 23:35:54.717 [File Watcher] DEBUG o.springframework.boot.devtools.restart.Restarter - Restarting application
2021-09-09 23:35:54.718 [Thread-11] DEBUG o.springframework.boot.devtools.restart.Restarter - Stopping application
2021-09-09 23:35:54.718 [Thread-11] DEBUG o.s.boot.availability.ApplicationAvailabilityBean - Application availability state ReadinessState changed from ACCEPTING_TRAFFIC to REFUSING_TRAFFIC
2021-09-09 23:35:54.718 [Thread-11] DEBUG o.s.b.w.s.c.AnnotationConfigServletWebServerApplicationContext - Closing org.springframework.boot.web.servlet.context.AnnotationConfigServletWebServerApplicationContext@1c255e42, started on Thu Sep 09 23:35:22 CST 2021
2021-09-09 23:35:55.215 [Thread-11] DEBUG o.springframework.boot.devtools.restart.Restarter - Created RestartClassLoader org.springframework.boot.devtools.restart.classloader.RestartClassLoader@4405484
2021-09-09 23:35:55.215 [Thread-11] DEBUG o.springframework.boot.devtools.restart.Restarter - Starting application com.gdutelc.snp.SnpApplication with URLs [file:/D:/java%20project/SNP-backend/target/classes/]
2021-09-09 23:35:55.261 [restartedMain] DEBUG com.gdutelc.snp.SnpApplication - Running with Spring Boot v2.5.2, Spring v5.3.8
2021-09-09 23:35:55.261 [restartedMain] DEBUG org.springframework.boot.SpringApplication - Loading source class com.gdutelc.snp.SnpApplication
2021-09-09 23:35:55.263 [restartedMain] DEBUG o.s.b.w.s.c.AnnotationConfigServletWebServerApplicationContext - Refreshing org.springframework.boot.web.servlet.context.AnnotationConfigServletWebServerApplicationContext@558d55b7
2021-09-09 23:35:55.403 [restartedMain] DEBUG o.s.boot.autoconfigure.AutoConfigurationPackages - @EnableAutoConfiguration was declared on a class in the package 'com.gdutelc.snp'. Automatic @Repository and @Entity scanning is enabled.
2021-09-09 23:35:55.493 [restartedMain] DEBUG o.s.b.w.e.tomcat.TomcatServletWebServerFactory - Code archive: C:\Users\10501\.m2\repository\org\springframework\boot\spring-boot\2.5.2\spring-boot-2.5.2.jar
2021-09-09 23:35:55.494 [restartedMain] DEBUG o.s.b.w.e.tomcat.TomcatServletWebServerFactory - Code archive: C:\Users\10501\.m2\repository\org\springframework\boot\spring-boot\2.5.2\spring-boot-2.5.2.jar
2021-09-09 23:35:55.494 [restartedMain] DEBUG o.s.b.w.e.tomcat.TomcatServletWebServerFactory - None of the document roots [src/main/webapp, public, static] point to a directory and will be ignored.
2021-09-09 23:35:55.548 [restartedMain] DEBUG o.s.b.w.s.c.ServletWebServerApplicationContext - Published root WebApplicationContext as ServletContext attribute with name [org.springframework.web.context.WebApplicationContext.ROOT]
2021-09-09 23:35:55.556 [restartedMain] DEBUG o.s.b.web.servlet.ServletContextInitializerBeans - Mapping filters: characterEncodingFilter urls=[/*] order=-2147483648, formContentFilter urls=[/*] order=-9900, requestContextFilter urls=[/*] order=-105
2021-09-09 23:35:55.556 [restartedMain] DEBUG o.s.b.web.servlet.ServletContextInitializerBeans - Mapping servlets: dispatcherServlet urls=[/]
2021-09-09 23:35:55.557 [restartedMain] DEBUG o.s.b.w.servlet.filter.OrderedRequestContextFilter - Filter 'requestContextFilter' configured for use
2021-09-09 23:35:55.557 [restartedMain] DEBUG o.s.b.w.s.filter.OrderedCharacterEncodingFilter - Filter 'characterEncodingFilter' configured for use
2021-09-09 23:35:55.557 [restartedMain] DEBUG o.s.b.web.servlet.filter.OrderedFormContentFilter - Filter 'formContentFilter' configured for use
2021-09-09 23:35:55.734 [restartedMain] DEBUG o.s.w.s.m.m.a.RequestMappingHandlerAdapter - ControllerAdvice beans: 0 @ModelAttribute, 0 @InitBinder, 1 RequestBodyAdvice, 1 ResponseBodyAdvice
2021-09-09 23:35:55.745 [restartedMain] DEBUG o.s.w.s.m.m.a.RequestMappingHandlerMapping - 19 mappings in 'requestMappingHandlerMapping'
2021-09-09 23:35:55.767 [restartedMain] DEBUG o.s.web.servlet.handler.SimpleUrlHandlerMapping - Patterns [/webjars/**, /**] in 'resourceHandlerMapping'
2021-09-09 23:35:55.774 [restartedMain] DEBUG o.s.w.s.m.m.a.ExceptionHandlerExceptionResolver - ControllerAdvice beans: 1 @ExceptionHandler, 1 ResponseBodyAdvice
2021-09-09 23:35:55.860 [restartedMain] DEBUG o.s.boot.availability.ApplicationAvailabilityBean - Application availability state LivenessState changed to CORRECT
2021-09-09 23:35:55.862 [restartedMain] DEBUG o.s.boot.availability.ApplicationAvailabilityBean - Application availability state ReadinessState changed to ACCEPTING_TRAFFIC
2021-09-09 23:37:39.350 [File Watcher] DEBUG o.springframework.boot.devtools.restart.Restarter - Restarting application
2021-09-09 23:37:39.350 [Thread-15] DEBUG o.springframework.boot.devtools.restart.Restarter - Stopping application
2021-09-09 23:37:39.350 [Thread-15] DEBUG o.s.boot.availability.ApplicationAvailabilityBean - Application availability state ReadinessState changed from ACCEPTING_TRAFFIC to REFUSING_TRAFFIC
2021-09-09 23:37:39.350 [Thread-15] DEBUG o.s.b.w.s.c.AnnotationConfigServletWebServerApplicationContext - Closing org.springframework.boot.web.servlet.context.AnnotationConfigServletWebServerApplicationContext@558d55b7, started on Thu Sep 09 23:35:55 CST 2021
2021-09-09 23:37:39.777 [Thread-15] DEBUG o.springframework.boot.devtools.restart.Restarter - Created RestartClassLoader org.springframework.boot.devtools.restart.classloader.RestartClassLoader@40dcab35
2021-09-09 23:37:39.777 [Thread-15] DEBUG o.springframework.boot.devtools.restart.Restarter - Starting application com.gdutelc.snp.SnpApplication with URLs [file:/D:/java%20project/SNP-backend/target/classes/]
2021-09-09 23:37:39.817 [restartedMain] DEBUG com.gdutelc.snp.SnpApplication - Running with Spring Boot v2.5.2, Spring v5.3.8
2021-09-09 23:37:39.817 [restartedMain] DEBUG org.springframework.boot.SpringApplication - Loading source class com.gdutelc.snp.SnpApplication
2021-09-09 23:37:39.819 [restartedMain] DEBUG o.s.b.w.s.c.AnnotationConfigServletWebServerApplicationContext - Refreshing org.springframework.boot.web.servlet.context.AnnotationConfigServletWebServerApplicationContext@34a8b03b
2021-09-09 23:37:39.952 [restartedMain] DEBUG o.s.boot.autoconfigure.AutoConfigurationPackages - @EnableAutoConfiguration was declared on a class in the package 'com.gdutelc.snp'. Automatic @Repository and @Entity scanning is enabled.
2021-09-09 23:37:40.011 [restartedMain] DEBUG o.s.b.w.e.tomcat.TomcatServletWebServerFactory - Code archive: C:\Users\10501\.m2\repository\org\springframework\boot\spring-boot\2.5.2\spring-boot-2.5.2.jar
2021-09-09 23:37:40.011 [restartedMain] DEBUG o.s.b.w.e.tomcat.TomcatServletWebServerFactory - Code archive: C:\Users\10501\.m2\repository\org\springframework\boot\spring-boot\2.5.2\spring-boot-2.5.2.jar
2021-09-09 23:37:40.011 [restartedMain] DEBUG o.s.b.w.e.tomcat.TomcatServletWebServerFactory - None of the document roots [src/main/webapp, public, static] point to a directory and will be ignored.
2021-09-09 23:37:40.048 [restartedMain] DEBUG o.s.b.w.s.c.ServletWebServerApplicationContext - Published root WebApplicationContext as ServletContext attribute with name [org.springframework.web.context.WebApplicationContext.ROOT]
2021-09-09 23:37:40.054 [restartedMain] DEBUG o.s.b.web.servlet.ServletContextInitializerBeans - Mapping filters: characterEncodingFilter urls=[/*] order=-2147483648, formContentFilter urls=[/*] order=-9900, requestContextFilter urls=[/*] order=-105
2021-09-09 23:37:40.054 [restartedMain] DEBUG o.s.b.web.servlet.ServletContextInitializerBeans - Mapping servlets: dispatcherServlet urls=[/]
2021-09-09 23:37:40.055 [restartedMain] DEBUG o.s.b.w.servlet.filter.OrderedRequestContextFilter - Filter 'requestContextFilter' configured for use
2021-09-09 23:37:40.055 [restartedMain] DEBUG o.s.b.w.s.filter.OrderedCharacterEncodingFilter - Filter 'characterEncodingFilter' configured for use
2021-09-09 23:37:40.056 [restartedMain] DEBUG o.s.b.web.servlet.filter.OrderedFormContentFilter - Filter 'formContentFilter' configured for use
2021-09-09 23:37:40.162 [restartedMain] DEBUG o.s.w.s.m.m.a.RequestMappingHandlerAdapter - ControllerAdvice beans: 0 @ModelAttribute, 0 @InitBinder, 1 RequestBodyAdvice, 1 ResponseBodyAdvice
2021-09-09 23:37:40.168 [restartedMain] DEBUG o.s.w.s.m.m.a.RequestMappingHandlerMapping - 19 mappings in 'requestMappingHandlerMapping'
2021-09-09 23:37:40.180 [restartedMain] DEBUG o.s.web.servlet.handler.SimpleUrlHandlerMapping - Patterns [/webjars/**, /**] in 'resourceHandlerMapping'
2021-09-09 23:37:40.184 [restartedMain] DEBUG o.s.w.s.m.m.a.ExceptionHandlerExceptionResolver - ControllerAdvice beans: 1 @ExceptionHandler, 1 ResponseBodyAdvice
2021-09-09 23:37:40.233 [restartedMain] DEBUG o.s.boot.availability.ApplicationAvailabilityBean - Application availability state LivenessState changed to CORRECT
2021-09-09 23:37:40.234 [restartedMain] DEBUG o.s.boot.availability.ApplicationAvailabilityBean - Application availability state ReadinessState changed to ACCEPTING_TRAFFIC
2021-09-09 23:37:53.790 [File Watcher] DEBUG o.springframework.boot.devtools.restart.Restarter - Restarting application
2021-09-09 23:37:53.790 [Thread-19] DEBUG o.springframework.boot.devtools.restart.Restarter - Stopping application
2021-09-09 23:37:53.790 [Thread-19] DEBUG o.s.boot.availability.ApplicationAvailabilityBean - Application availability state ReadinessState changed from ACCEPTING_TRAFFIC to REFUSING_TRAFFIC
2021-09-09 23:37:53.790 [Thread-19] DEBUG o.s.b.w.s.c.AnnotationConfigServletWebServerApplicationContext - Closing org.springframework.boot.web.servlet.context.AnnotationConfigServletWebServerApplicationContext@34a8b03b, started on Thu Sep 09 23:37:39 CST 2021
2021-09-09 23:37:54.263 [Thread-19] DEBUG o.springframework.boot.devtools.restart.Restarter - Created RestartClassLoader org.springframework.boot.devtools.restart.classloader.RestartClassLoader@7e547b27
2021-09-09 23:37:54.263 [Thread-19] DEBUG o.springframework.boot.devtools.restart.Restarter - Starting application com.gdutelc.snp.SnpApplication with URLs [file:/D:/java%20project/SNP-backend/target/classes/]
2021-09-09 23:37:54.309 [restartedMain] DEBUG com.gdutelc.snp.SnpApplication - Running with Spring Boot v2.5.2, Spring v5.3.8
2021-09-09 23:37:54.309 [restartedMain] DEBUG org.springframework.boot.SpringApplication - Loading source class com.gdutelc.snp.SnpApplication
2021-09-09 23:37:54.311 [restartedMain] DEBUG o.s.b.w.s.c.AnnotationConfigServletWebServerApplicationContext - Refreshing org.springframework.boot.web.servlet.context.AnnotationConfigServletWebServerApplicationContext@4b11b571
2021-09-09 23:37:54.475 [restartedMain] DEBUG o.s.boot.autoconfigure.AutoConfigurationPackages - @EnableAutoConfiguration was declared on a class in the package 'com.gdutelc.snp'. Automatic @Repository and @Entity scanning is enabled.
2021-09-09 23:37:54.540 [restartedMain] DEBUG o.s.b.w.e.tomcat.TomcatServletWebServerFactory - Code archive: C:\Users\10501\.m2\repository\org\springframework\boot\spring-boot\2.5.2\spring-boot-2.5.2.jar
2021-09-09 23:37:54.540 [restartedMain] DEBUG o.s.b.w.e.tomcat.TomcatServletWebServerFactory - Code archive: C:\Users\10501\.m2\repository\org\springframework\boot\spring-boot\2.5.2\spring-boot-2.5.2.jar
2021-09-09 23:37:54.540 [restartedMain] DEBUG o.s.b.w.e.tomcat.TomcatServletWebServerFactory - None of the document roots [src/main/webapp, public, static] point to a directory and will be ignored.
2021-09-09 23:37:54.582 [restartedMain] DEBUG o.s.b.w.s.c.ServletWebServerApplicationContext - Published root WebApplicationContext as ServletContext attribute with name [org.springframework.web.context.WebApplicationContext.ROOT]
2021-09-09 23:37:54.588 [restartedMain] DEBUG o.s.b.web.servlet.ServletContextInitializerBeans - Mapping filters: characterEncodingFilter urls=[/*] order=-2147483648, formContentFilter urls=[/*] order=-9900, requestContextFilter urls=[/*] order=-105
2021-09-09 23:37:54.588 [restartedMain] DEBUG o.s.b.web.servlet.ServletContextInitializerBeans - Mapping servlets: dispatcherServlet urls=[/]
2021-09-09 23:37:54.588 [restartedMain] DEBUG o.s.b.w.servlet.filter.OrderedRequestContextFilter - Filter 'requestContextFilter' configured for use
2021-09-09 23:37:54.588 [restartedMain] DEBUG o.s.b.w.s.filter.OrderedCharacterEncodingFilter - Filter 'characterEncodingFilter' configured for use
2021-09-09 23:37:54.589 [restartedMain] DEBUG o.s.b.web.servlet.filter.OrderedFormContentFilter - Filter 'formContentFilter' configured for use
2021-09-09 23:37:54.693 [restartedMain] DEBUG o.s.w.s.m.m.a.RequestMappingHandlerAdapter - ControllerAdvice beans: 0 @ModelAttribute, 0 @InitBinder, 1 RequestBodyAdvice, 1 ResponseBodyAdvice
2021-09-09 23:37:54.699 [restartedMain] DEBUG o.s.w.s.m.m.a.RequestMappingHandlerMapping - 19 mappings in 'requestMappingHandlerMapping'
2021-09-09 23:37:54.712 [restartedMain] DEBUG o.s.web.servlet.handler.SimpleUrlHandlerMapping - Patterns [/webjars/**, /**] in 'resourceHandlerMapping'
2021-09-09 23:37:54.716 [restartedMain] DEBUG o.s.w.s.m.m.a.ExceptionHandlerExceptionResolver - ControllerAdvice beans: 1 @ExceptionHandler, 1 ResponseBodyAdvice
2021-09-09 23:37:54.767 [restartedMain] DEBUG o.s.boot.availability.ApplicationAvailabilityBean - Application availability state LivenessState changed to CORRECT
2021-09-09 23:37:54.768 [restartedMain] DEBUG o.s.boot.availability.ApplicationAvailabilityBean - Application availability state ReadinessState changed to ACCEPTING_TRAFFIC
2021-09-09 23:39:22.542 [File Watcher] DEBUG o.springframework.boot.devtools.restart.Restarter - Restarting application
2021-09-09 23:39:22.563 [Thread-23] DEBUG o.springframework.boot.devtools.restart.Restarter - Stopping application
2021-09-09 23:39:22.565 [Thread-23] DEBUG o.s.boot.availability.ApplicationAvailabilityBean - Application availability state ReadinessState changed from ACCEPTING_TRAFFIC to REFUSING_TRAFFIC
2021-09-09 23:39:22.565 [Thread-23] DEBUG o.s.b.w.s.c.AnnotationConfigServletWebServerApplicationContext - Closing org.springframework.boot.web.servlet.context.AnnotationConfigServletWebServerApplicationContext@4b11b571, started on Thu Sep 09 23:37:54 CST 2021
2021-09-09 23:39:23.501 [Thread-23] DEBUG o.springframework.boot.devtools.restart.Restarter - Created RestartClassLoader org.springframework.boot.devtools.restart.classloader.RestartClassLoader@357fa57c
2021-09-09 23:39:23.501 [Thread-23] DEBUG o.springframework.boot.devtools.restart.Restarter - Starting application com.gdutelc.snp.SnpApplication with URLs [file:/D:/java%20project/SNP-backend/target/classes/]
2021-09-09 23:39:23.568 [restartedMain] DEBUG com.gdutelc.snp.SnpApplication - Running with Spring Boot v2.5.2, Spring v5.3.8
2021-09-09 23:39:23.568 [restartedMain] DEBUG org.springframework.boot.SpringApplication - Loading source class com.gdutelc.snp.SnpApplication
2021-09-09 23:39:23.571 [restartedMain] DEBUG o.s.b.w.s.c.AnnotationConfigServletWebServerApplicationContext - Refreshing org.springframework.boot.web.servlet.context.AnnotationConfigServletWebServerApplicationContext@4432e27
2021-09-09 23:39:23.839 [restartedMain] DEBUG o.s.boot.autoconfigure.AutoConfigurationPackages - @EnableAutoConfiguration was declared on a class in the package 'com.gdutelc.snp'. Automatic @Repository and @Entity scanning is enabled.
2021-09-09 23:39:23.994 [restartedMain] DEBUG o.s.b.w.e.tomcat.TomcatServletWebServerFactory - Code archive: C:\Users\10501\.m2\repository\org\springframework\boot\spring-boot\2.5.2\spring-boot-2.5.2.jar
2021-09-09 23:39:23.994 [restartedMain] DEBUG o.s.b.w.e.tomcat.TomcatServletWebServerFactory - Code archive: C:\Users\10501\.m2\repository\org\springframework\boot\spring-boot\2.5.2\spring-boot-2.5.2.jar
2021-09-09 23:39:23.994 [restartedMain] DEBUG o.s.b.w.e.tomcat.TomcatServletWebServerFactory - None of the document roots [src/main/webapp, public, static] point to a directory and will be ignored.
2021-09-09 23:39:24.071 [restartedMain] DEBUG o.s.b.w.s.c.ServletWebServerApplicationContext - Published root WebApplicationContext as ServletContext attribute with name [org.springframework.web.context.WebApplicationContext.ROOT]
2021-09-09 23:39:24.080 [restartedMain] DEBUG o.s.b.web.servlet.ServletContextInitializerBeans - Mapping filters: characterEncodingFilter urls=[/*] order=-2147483648, formContentFilter urls=[/*] order=-9900, requestContextFilter urls=[/*] order=-105
2021-09-09 23:39:24.080 [restartedMain] DEBUG o.s.b.web.servlet.ServletContextInitializerBeans - Mapping servlets: dispatcherServlet urls=[/]
2021-09-09 23:39:24.081 [restartedMain] DEBUG o.s.b.w.servlet.filter.OrderedRequestContextFilter - Filter 'requestContextFilter' configured for use
2021-09-09 23:39:24.081 [restartedMain] DEBUG o.s.b.w.s.filter.OrderedCharacterEncodingFilter - Filter 'characterEncodingFilter' configured for use
2021-09-09 23:39:24.081 [restartedMain] DEBUG o.s.b.web.servlet.filter.OrderedFormContentFilter - Filter 'formContentFilter' configured for use
2021-09-09 23:39:24.213 [restartedMain] DEBUG o.s.b.diagnostics.LoggingFailureAnalysisReporter - Application failed to start due to an exception
org.springframework.beans.factory.NoSuchBeanDefinitionException: No qualifying bean of type 'com.gdutelc.snp.service.UserApiService' available: expected at least 1 bean which qualifies as autowire candidate. Dependency annotations: {@javax.annotation.Resource(shareable=true, lookup="", name="", description="", authenticationType=CONTAINER, type=java.lang.Object.class, mappedName="")}
	at org.springframework.beans.factory.support.DefaultListableBeanFactory.raiseNoMatchingBeanFound(DefaultListableBeanFactory.java:1790)
	at org.springframework.beans.factory.support.DefaultListableBeanFactory.doResolveDependency(DefaultListableBeanFactory.java:1346)
	at org.springframework.beans.factory.support.DefaultListableBeanFactory.resolveDependency(DefaultListableBeanFactory.java:1300)
	at org.springframework.context.annotation.CommonAnnotationBeanPostProcessor.autowireResource(CommonAnnotationBeanPostProcessor.java:521)
	at org.springframework.context.annotation.CommonAnnotationBeanPostProcessor.getResource(CommonAnnotationBeanPostProcessor.java:497)
	at org.springframework.context.annotation.CommonAnnotationBeanPostProcessor$ResourceElement.getResourceToInject(CommonAnnotationBeanPostProcessor.java:650)
	at org.springframework.beans.factory.annotation.InjectionMetadata$InjectedElement.inject(InjectionMetadata.java:228)
	at org.springframework.beans.factory.annotation.InjectionMetadata.inject(InjectionMetadata.java:119)
	at org.springframework.context.annotation.CommonAnnotationBeanPostProcessor.postProcessProperties(CommonAnnotationBeanPostProcessor.java:318)
	at org.springframework.beans.factory.support.AbstractAutowireCapableBeanFactory.populateBean(AbstractAutowireCapableBeanFactory.java:1413)
	at org.springframework.beans.factory.support.AbstractAutowireCapableBeanFactory.doCreateBean(AbstractAutowireCapableBeanFactory.java:601)
	at org.springframework.beans.factory.support.AbstractAutowireCapableBeanFactory.createBean(AbstractAutowireCapableBeanFactory.java:524)
	at org.springframework.beans.factory.support.AbstractBeanFactory.lambda$doGetBean$0(AbstractBeanFactory.java:335)
	at org.springframework.beans.factory.support.DefaultSingletonBeanRegistry.getSingleton(DefaultSingletonBeanRegistry.java:234)
	at org.springframework.beans.factory.support.AbstractBeanFactory.doGetBean(AbstractBeanFactory.java:333)
	at org.springframework.beans.factory.support.AbstractBeanFactory.getBean(AbstractBeanFactory.java:208)
	at org.springframework.beans.factory.support.DefaultListableBeanFactory.preInstantiateSingletons(DefaultListableBeanFactory.java:944)
	at org.springframework.context.support.AbstractApplicationContext.finishBeanFactoryInitialization(AbstractApplicationContext.java:918)
	at org.springframework.context.support.AbstractApplicationContext.refresh(AbstractApplicationContext.java:583)
	at org.springframework.boot.web.servlet.context.ServletWebServerApplicationContext.refresh(ServletWebServerApplicationContext.java:145)
	at org.springframework.boot.SpringApplication.refresh(SpringApplication.java:754)
	at org.springframework.boot.SpringApplication.refreshContext(SpringApplication.java:434)
	at org.springframework.boot.SpringApplication.run(SpringApplication.java:338)
	at org.springframework.boot.SpringApplication.run(SpringApplication.java:1343)
	at org.springframework.boot.SpringApplication.run(SpringApplication.java:1332)
	at com.gdutelc.snp.SnpApplication.main(SnpApplication.java:16)
	at java.base/jdk.internal.reflect.NativeMethodAccessorImpl.invoke0(Native Method)
	at java.base/jdk.internal.reflect.NativeMethodAccessorImpl.invoke(NativeMethodAccessorImpl.java:62)
	at java.base/jdk.internal.reflect.DelegatingMethodAccessorImpl.invoke(DelegatingMethodAccessorImpl.java:43)
	at java.base/java.lang.reflect.Method.invoke(Method.java:566)
	at org.springframework.boot.devtools.restart.RestartLauncher.run(RestartLauncher.java:49)
2021-09-09 23:39:25.668 [Thread-23] DEBUG o.springframework.boot.devtools.restart.Restarter - Created RestartClassLoader org.springframework.boot.devtools.restart.classloader.RestartClassLoader@55505a33
2021-09-09 23:39:25.671 [Thread-23] DEBUG o.springframework.boot.devtools.restart.Restarter - Starting application com.gdutelc.snp.SnpApplication with URLs [file:/D:/java%20project/SNP-backend/target/classes/]
2021-09-09 23:39:25.728 [restartedMain] DEBUG com.gdutelc.snp.SnpApplication - Running with Spring Boot v2.5.2, Spring v5.3.8
2021-09-09 23:39:25.728 [restartedMain] DEBUG org.springframework.boot.SpringApplication - Loading source class com.gdutelc.snp.SnpApplication
2021-09-09 23:39:25.730 [restartedMain] DEBUG o.s.b.w.s.c.AnnotationConfigServletWebServerApplicationContext - Refreshing org.springframework.boot.web.servlet.context.AnnotationConfigServletWebServerApplicationContext@671d12e9
2021-09-09 23:39:25.865 [restartedMain] DEBUG o.s.boot.autoconfigure.AutoConfigurationPackages - @EnableAutoConfiguration was declared on a class in the package 'com.gdutelc.snp'. Automatic @Repository and @Entity scanning is enabled.
2021-09-09 23:39:25.928 [restartedMain] DEBUG o.s.b.w.e.tomcat.TomcatServletWebServerFactory - Code archive: C:\Users\10501\.m2\repository\org\springframework\boot\spring-boot\2.5.2\spring-boot-2.5.2.jar
2021-09-09 23:39:25.928 [restartedMain] DEBUG o.s.b.w.e.tomcat.TomcatServletWebServerFactory - Code archive: C:\Users\10501\.m2\repository\org\springframework\boot\spring-boot\2.5.2\spring-boot-2.5.2.jar
2021-09-09 23:39:25.929 [restartedMain] DEBUG o.s.b.w.e.tomcat.TomcatServletWebServerFactory - None of the document roots [src/main/webapp, public, static] point to a directory and will be ignored.
2021-09-09 23:39:25.978 [restartedMain] DEBUG o.s.b.w.s.c.ServletWebServerApplicationContext - Published root WebApplicationContext as ServletContext attribute with name [org.springframework.web.context.WebApplicationContext.ROOT]
2021-09-09 23:39:25.983 [restartedMain] DEBUG o.s.b.web.servlet.ServletContextInitializerBeans - Mapping filters: characterEncodingFilter urls=[/*] order=-2147483648, formContentFilter urls=[/*] order=-9900, requestContextFilter urls=[/*] order=-105
2021-09-09 23:39:25.983 [restartedMain] DEBUG o.s.b.web.servlet.ServletContextInitializerBeans - Mapping servlets: dispatcherServlet urls=[/]
2021-09-09 23:39:25.984 [restartedMain] DEBUG o.s.b.w.servlet.filter.OrderedRequestContextFilter - Filter 'requestContextFilter' configured for use
2021-09-09 23:39:25.984 [restartedMain] DEBUG o.s.b.w.s.filter.OrderedCharacterEncodingFilter - Filter 'characterEncodingFilter' configured for use
2021-09-09 23:39:25.984 [restartedMain] DEBUG o.s.b.web.servlet.filter.OrderedFormContentFilter - Filter 'formContentFilter' configured for use
2021-09-09 23:39:26.093 [restartedMain] DEBUG o.s.w.s.m.m.a.RequestMappingHandlerAdapter - ControllerAdvice beans: 0 @ModelAttribute, 0 @InitBinder, 1 RequestBodyAdvice, 1 ResponseBodyAdvice
2021-09-09 23:39:26.100 [restartedMain] DEBUG o.s.w.s.m.m.a.RequestMappingHandlerMapping - 19 mappings in 'requestMappingHandlerMapping'
2021-09-09 23:39:26.112 [restartedMain] DEBUG o.s.web.servlet.handler.SimpleUrlHandlerMapping - Patterns [/webjars/**, /**] in 'resourceHandlerMapping'
2021-09-09 23:39:26.116 [restartedMain] DEBUG o.s.w.s.m.m.a.ExceptionHandlerExceptionResolver - ControllerAdvice beans: 1 @ExceptionHandler, 1 ResponseBodyAdvice
2021-09-09 23:39:26.163 [restartedMain] DEBUG o.s.boot.availability.ApplicationAvailabilityBean - Application availability state LivenessState changed to CORRECT
2021-09-09 23:39:26.164 [restartedMain] DEBUG o.s.boot.availability.ApplicationAvailabilityBean - Application availability state ReadinessState changed to ACCEPTING_TRAFFIC
2021-09-09 23:39:37.769 [File Watcher] DEBUG o.springframework.boot.devtools.restart.Restarter - Restarting application
2021-09-09 23:39:37.770 [Thread-27] DEBUG o.springframework.boot.devtools.restart.Restarter - Stopping application
2021-09-09 23:39:37.770 [Thread-27] DEBUG o.s.boot.availability.ApplicationAvailabilityBean - Application availability state ReadinessState changed from ACCEPTING_TRAFFIC to REFUSING_TRAFFIC
2021-09-09 23:39:37.770 [Thread-27] DEBUG o.s.b.w.s.c.AnnotationConfigServletWebServerApplicationContext - Closing org.springframework.boot.web.servlet.context.AnnotationConfigServletWebServerApplicationContext@671d12e9, started on Thu Sep 09 23:39:25 CST 2021
2021-09-09 23:39:38.331 [Thread-27] DEBUG o.springframework.boot.devtools.restart.Restarter - Created RestartClassLoader org.springframework.boot.devtools.restart.classloader.RestartClassLoader@71e2726d
2021-09-09 23:39:38.332 [Thread-27] DEBUG o.springframework.boot.devtools.restart.Restarter - Starting application com.gdutelc.snp.SnpApplication with URLs [file:/D:/java%20project/SNP-backend/target/classes/]
2021-09-09 23:39:38.384 [restartedMain] DEBUG com.gdutelc.snp.SnpApplication - Running with Spring Boot v2.5.2, Spring v5.3.8
2021-09-09 23:39:38.384 [restartedMain] DEBUG org.springframework.boot.SpringApplication - Loading source class com.gdutelc.snp.SnpApplication
2021-09-09 23:39:38.387 [restartedMain] DEBUG o.s.b.w.s.c.AnnotationConfigServletWebServerApplicationContext - Refreshing org.springframework.boot.web.servlet.context.AnnotationConfigServletWebServerApplicationContext@7fa17aec
2021-09-09 23:39:38.543 [restartedMain] DEBUG o.s.boot.autoconfigure.AutoConfigurationPackages - @EnableAutoConfiguration was declared on a class in the package 'com.gdutelc.snp'. Automatic @Repository and @Entity scanning is enabled.
2021-09-09 23:39:38.617 [restartedMain] DEBUG o.s.b.w.e.tomcat.TomcatServletWebServerFactory - Code archive: C:\Users\10501\.m2\repository\org\springframework\boot\spring-boot\2.5.2\spring-boot-2.5.2.jar
2021-09-09 23:39:38.617 [restartedMain] DEBUG o.s.b.w.e.tomcat.TomcatServletWebServerFactory - Code archive: C:\Users\10501\.m2\repository\org\springframework\boot\spring-boot\2.5.2\spring-boot-2.5.2.jar
2021-09-09 23:39:38.617 [restartedMain] DEBUG o.s.b.w.e.tomcat.TomcatServletWebServerFactory - None of the document roots [src/main/webapp, public, static] point to a directory and will be ignored.
2021-09-09 23:39:38.660 [restartedMain] DEBUG o.s.b.w.s.c.ServletWebServerApplicationContext - Published root WebApplicationContext as ServletContext attribute with name [org.springframework.web.context.WebApplicationContext.ROOT]
2021-09-09 23:39:38.666 [restartedMain] DEBUG o.s.b.web.servlet.ServletContextInitializerBeans - Mapping filters: characterEncodingFilter urls=[/*] order=-2147483648, formContentFilter urls=[/*] order=-9900, requestContextFilter urls=[/*] order=-105
2021-09-09 23:39:38.666 [restartedMain] DEBUG o.s.b.web.servlet.ServletContextInitializerBeans - Mapping servlets: dispatcherServlet urls=[/]
2021-09-09 23:39:38.667 [restartedMain] DEBUG o.s.b.w.servlet.filter.OrderedRequestContextFilter - Filter 'requestContextFilter' configured for use
2021-09-09 23:39:38.667 [restartedMain] DEBUG o.s.b.w.s.filter.OrderedCharacterEncodingFilter - Filter 'characterEncodingFilter' configured for use
2021-09-09 23:39:38.667 [restartedMain] DEBUG o.s.b.web.servlet.filter.OrderedFormContentFilter - Filter 'formContentFilter' configured for use
2021-09-09 23:39:38.791 [restartedMain] DEBUG o.s.w.s.m.m.a.RequestMappingHandlerAdapter - ControllerAdvice beans: 0 @ModelAttribute, 0 @InitBinder, 1 RequestBodyAdvice, 1 ResponseBodyAdvice
2021-09-09 23:39:38.800 [restartedMain] DEBUG o.s.w.s.m.m.a.RequestMappingHandlerMapping - 19 mappings in 'requestMappingHandlerMapping'
2021-09-09 23:39:38.815 [restartedMain] DEBUG o.s.web.servlet.handler.SimpleUrlHandlerMapping - Patterns [/webjars/**, /**] in 'resourceHandlerMapping'
2021-09-09 23:39:38.820 [restartedMain] DEBUG o.s.w.s.m.m.a.ExceptionHandlerExceptionResolver - ControllerAdvice beans: 1 @ExceptionHandler, 1 ResponseBodyAdvice
2021-09-09 23:39:38.883 [restartedMain] DEBUG o.s.boot.availability.ApplicationAvailabilityBean - Application availability state LivenessState changed to CORRECT
2021-09-09 23:39:38.884 [restartedMain] DEBUG o.s.boot.availability.ApplicationAvailabilityBean - Application availability state ReadinessState changed to ACCEPTING_TRAFFIC
2021-09-09 23:39:40.284 [File Watcher] DEBUG o.springframework.boot.devtools.restart.Restarter - Restarting application
2021-09-09 23:39:40.286 [Thread-34] DEBUG o.springframework.boot.devtools.restart.Restarter - Stopping application
2021-09-09 23:39:40.286 [Thread-34] DEBUG o.s.boot.availability.ApplicationAvailabilityBean - Application availability state ReadinessState changed from ACCEPTING_TRAFFIC to REFUSING_TRAFFIC
2021-09-09 23:39:40.286 [Thread-34] DEBUG o.s.b.w.s.c.AnnotationConfigServletWebServerApplicationContext - Closing org.springframework.boot.web.servlet.context.AnnotationConfigServletWebServerApplicationContext@7fa17aec, started on Thu Sep 09 23:39:38 CST 2021
2021-09-09 23:39:40.687 [Thread-34] DEBUG o.springframework.boot.devtools.restart.Restarter - Created RestartClassLoader org.springframework.boot.devtools.restart.classloader.RestartClassLoader@426e7f94
2021-09-09 23:39:40.687 [Thread-34] DEBUG o.springframework.boot.devtools.restart.Restarter - Starting application com.gdutelc.snp.SnpApplication with URLs [file:/D:/java%20project/SNP-backend/target/classes/]
2021-09-09 23:39:40.715 [restartedMain] DEBUG com.gdutelc.snp.SnpApplication - Running with Spring Boot v2.5.2, Spring v5.3.8
2021-09-09 23:39:40.715 [restartedMain] DEBUG org.springframework.boot.SpringApplication - Loading source class com.gdutelc.snp.SnpApplication
2021-09-09 23:39:40.717 [restartedMain] DEBUG o.s.b.w.s.c.AnnotationConfigServletWebServerApplicationContext - Refreshing org.springframework.boot.web.servlet.context.AnnotationConfigServletWebServerApplicationContext@200fa0e0
2021-09-09 23:39:40.840 [restartedMain] DEBUG o.s.boot.autoconfigure.AutoConfigurationPackages - @EnableAutoConfiguration was declared on a class in the package 'com.gdutelc.snp'. Automatic @Repository and @Entity scanning is enabled.
2021-09-09 23:39:40.905 [restartedMain] DEBUG o.s.b.w.e.tomcat.TomcatServletWebServerFactory - Code archive: C:\Users\10501\.m2\repository\org\springframework\boot\spring-boot\2.5.2\spring-boot-2.5.2.jar
2021-09-09 23:39:40.905 [restartedMain] DEBUG o.s.b.w.e.tomcat.TomcatServletWebServerFactory - Code archive: C:\Users\10501\.m2\repository\org\springframework\boot\spring-boot\2.5.2\spring-boot-2.5.2.jar
2021-09-09 23:39:40.905 [restartedMain] DEBUG o.s.b.w.e.tomcat.TomcatServletWebServerFactory - None of the document roots [src/main/webapp, public, static] point to a directory and will be ignored.
2021-09-09 23:39:40.952 [restartedMain] DEBUG o.s.b.w.s.c.ServletWebServerApplicationContext - Published root WebApplicationContext as ServletContext attribute with name [org.springframework.web.context.WebApplicationContext.ROOT]
2021-09-09 23:39:40.960 [restartedMain] DEBUG o.s.b.web.servlet.ServletContextInitializerBeans - Mapping filters: characterEncodingFilter urls=[/*] order=-2147483648, formContentFilter urls=[/*] order=-9900, requestContextFilter urls=[/*] order=-105
2021-09-09 23:39:40.960 [restartedMain] DEBUG o.s.b.web.servlet.ServletContextInitializerBeans - Mapping servlets: dispatcherServlet urls=[/]
2021-09-09 23:39:40.961 [restartedMain] DEBUG o.s.b.w.servlet.filter.OrderedRequestContextFilter - Filter 'requestContextFilter' configured for use
2021-09-09 23:39:40.961 [restartedMain] DEBUG o.s.b.w.s.filter.OrderedCharacterEncodingFilter - Filter 'characterEncodingFilter' configured for use
2021-09-09 23:39:40.961 [restartedMain] DEBUG o.s.b.web.servlet.filter.OrderedFormContentFilter - Filter 'formContentFilter' configured for use
2021-09-09 23:39:41.071 [restartedMain] DEBUG o.s.w.s.m.m.a.RequestMappingHandlerAdapter - ControllerAdvice beans: 0 @ModelAttribute, 0 @InitBinder, 1 RequestBodyAdvice, 1 ResponseBodyAdvice
2021-09-09 23:39:41.078 [restartedMain] DEBUG o.s.w.s.m.m.a.RequestMappingHandlerMapping - 19 mappings in 'requestMappingHandlerMapping'
2021-09-09 23:39:41.090 [restartedMain] DEBUG o.s.web.servlet.handler.SimpleUrlHandlerMapping - Patterns [/webjars/**, /**] in 'resourceHandlerMapping'
2021-09-09 23:39:41.094 [restartedMain] DEBUG o.s.w.s.m.m.a.ExceptionHandlerExceptionResolver - ControllerAdvice beans: 1 @ExceptionHandler, 1 ResponseBodyAdvice
2021-09-09 23:39:41.146 [restartedMain] DEBUG o.s.boot.availability.ApplicationAvailabilityBean - Application availability state LivenessState changed to CORRECT
2021-09-09 23:39:41.147 [restartedMain] DEBUG o.s.boot.availability.ApplicationAvailabilityBean - Application availability state ReadinessState changed to ACCEPTING_TRAFFIC
2021-09-09 23:39:45.625 [File Watcher] DEBUG o.springframework.boot.devtools.restart.Restarter - Restarting application
2021-09-09 23:39:45.625 [Thread-38] DEBUG o.springframework.boot.devtools.restart.Restarter - Stopping application
2021-09-09 23:39:45.625 [Thread-38] DEBUG o.s.boot.availability.ApplicationAvailabilityBean - Application availability state ReadinessState changed from ACCEPTING_TRAFFIC to REFUSING_TRAFFIC
2021-09-09 23:39:45.625 [Thread-38] DEBUG o.s.b.w.s.c.AnnotationConfigServletWebServerApplicationContext - Closing org.springframework.boot.web.servlet.context.AnnotationConfigServletWebServerApplicationContext@200fa0e0, started on Thu Sep 09 23:39:40 CST 2021
2021-09-09 23:39:46.657 [Thread-38] DEBUG o.springframework.boot.devtools.restart.Restarter - Created RestartClassLoader org.springframework.boot.devtools.restart.classloader.RestartClassLoader@79a8baea
2021-09-09 23:39:46.657 [Thread-38] DEBUG o.springframework.boot.devtools.restart.Restarter - Starting application com.gdutelc.snp.SnpApplication with URLs [file:/D:/java%20project/SNP-backend/target/classes/]
2021-09-09 23:39:46.693 [restartedMain] DEBUG com.gdutelc.snp.SnpApplication - Running with Spring Boot v2.5.2, Spring v5.3.8
2021-09-09 23:39:46.693 [restartedMain] DEBUG org.springframework.boot.SpringApplication - Loading source class com.gdutelc.snp.SnpApplication
2021-09-09 23:39:46.695 [restartedMain] DEBUG o.s.b.w.s.c.AnnotationConfigServletWebServerApplicationContext - Refreshing org.springframework.boot.web.servlet.context.AnnotationConfigServletWebServerApplicationContext@4db16e2f
2021-09-09 23:39:46.835 [restartedMain] DEBUG o.s.boot.autoconfigure.AutoConfigurationPackages - @EnableAutoConfiguration was declared on a class in the package 'com.gdutelc.snp'. Automatic @Repository and @Entity scanning is enabled.
2021-09-09 23:39:47.203 [restartedMain] DEBUG o.s.b.w.e.tomcat.TomcatServletWebServerFactory - Code archive: C:\Users\10501\.m2\repository\org\springframework\boot\spring-boot\2.5.2\spring-boot-2.5.2.jar
2021-09-09 23:39:47.203 [restartedMain] DEBUG o.s.b.w.e.tomcat.TomcatServletWebServerFactory - Code archive: C:\Users\10501\.m2\repository\org\springframework\boot\spring-boot\2.5.2\spring-boot-2.5.2.jar
2021-09-09 23:39:47.203 [restartedMain] DEBUG o.s.b.w.e.tomcat.TomcatServletWebServerFactory - None of the document roots [src/main/webapp, public, static] point to a directory and will be ignored.
2021-09-09 23:39:47.263 [restartedMain] DEBUG o.s.b.w.s.c.ServletWebServerApplicationContext - Published root WebApplicationContext as ServletContext attribute with name [org.springframework.web.context.WebApplicationContext.ROOT]
2021-09-09 23:39:47.273 [restartedMain] DEBUG o.s.b.web.servlet.ServletContextInitializerBeans - Mapping filters: characterEncodingFilter urls=[/*] order=-2147483648, formContentFilter urls=[/*] order=-9900, requestContextFilter urls=[/*] order=-105
2021-09-09 23:39:47.273 [restartedMain] DEBUG o.s.b.web.servlet.ServletContextInitializerBeans - Mapping servlets: dispatcherServlet urls=[/]
2021-09-09 23:39:47.274 [restartedMain] DEBUG o.s.b.w.servlet.filter.OrderedRequestContextFilter - Filter 'requestContextFilter' configured for use
2021-09-09 23:39:47.274 [restartedMain] DEBUG o.s.b.w.s.filter.OrderedCharacterEncodingFilter - Filter 'characterEncodingFilter' configured for use
2021-09-09 23:39:47.274 [restartedMain] DEBUG o.s.b.web.servlet.filter.OrderedFormContentFilter - Filter 'formContentFilter' configured for use
2021-09-09 23:39:47.412 [restartedMain] DEBUG o.s.w.s.m.m.a.RequestMappingHandlerAdapter - ControllerAdvice beans: 0 @ModelAttribute, 0 @InitBinder, 1 RequestBodyAdvice, 1 ResponseBodyAdvice
2021-09-09 23:39:47.420 [restartedMain] DEBUG o.s.w.s.m.m.a.RequestMappingHandlerMapping - 19 mappings in 'requestMappingHandlerMapping'
2021-09-09 23:39:47.434 [restartedMain] DEBUG o.s.web.servlet.handler.SimpleUrlHandlerMapping - Patterns [/webjars/**, /**] in 'resourceHandlerMapping'
2021-09-09 23:39:47.439 [restartedMain] DEBUG o.s.w.s.m.m.a.ExceptionHandlerExceptionResolver - ControllerAdvice beans: 1 @ExceptionHandler, 1 ResponseBodyAdvice
2021-09-09 23:39:47.501 [restartedMain] DEBUG o.s.boot.availability.ApplicationAvailabilityBean - Application availability state LivenessState changed to CORRECT
2021-09-09 23:39:47.503 [restartedMain] DEBUG o.s.boot.availability.ApplicationAvailabilityBean - Application availability state ReadinessState changed to ACCEPTING_TRAFFIC
2021-09-09 23:56:06.152 [File Watcher] DEBUG o.springframework.boot.devtools.restart.Restarter - Restarting application
2021-09-09 23:56:06.173 [Thread-42] DEBUG o.springframework.boot.devtools.restart.Restarter - Stopping application
2021-09-09 23:56:06.173 [Thread-42] DEBUG o.s.boot.availability.ApplicationAvailabilityBean - Application availability state ReadinessState changed from ACCEPTING_TRAFFIC to REFUSING_TRAFFIC
2021-09-09 23:56:06.173 [Thread-42] DEBUG o.s.b.w.s.c.AnnotationConfigServletWebServerApplicationContext - Closing org.springframework.boot.web.servlet.context.AnnotationConfigServletWebServerApplicationContext@4db16e2f, started on Thu Sep 09 23:39:46 CST 2021
2021-09-09 23:56:06.677 [Thread-42] DEBUG o.springframework.boot.devtools.restart.Restarter - Created RestartClassLoader org.springframework.boot.devtools.restart.classloader.RestartClassLoader@1e8cd421
2021-09-09 23:56:06.677 [Thread-42] DEBUG o.springframework.boot.devtools.restart.Restarter - Starting application com.gdutelc.snp.SnpApplication with URLs [file:/D:/java%20project/SNP-backend/target/classes/]
2021-09-09 23:56:06.707 [restartedMain] DEBUG com.gdutelc.snp.SnpApplication - Running with Spring Boot v2.5.2, Spring v5.3.8
2021-09-09 23:56:06.707 [restartedMain] DEBUG org.springframework.boot.SpringApplication - Loading source class com.gdutelc.snp.SnpApplication
2021-09-09 23:56:06.708 [restartedMain] DEBUG o.s.b.w.s.c.AnnotationConfigServletWebServerApplicationContext - Refreshing org.springframework.boot.web.servlet.context.AnnotationConfigServletWebServerApplicationContext@76196233
2021-09-09 23:56:06.831 [restartedMain] DEBUG o.s.boot.autoconfigure.AutoConfigurationPackages - @EnableAutoConfiguration was declared on a class in the package 'com.gdutelc.snp'. Automatic @Repository and @Entity scanning is enabled.
2021-09-09 23:56:06.898 [restartedMain] DEBUG o.s.b.w.e.tomcat.TomcatServletWebServerFactory - Code archive: C:\Users\10501\.m2\repository\org\springframework\boot\spring-boot\2.5.2\spring-boot-2.5.2.jar
2021-09-09 23:56:06.899 [restartedMain] DEBUG o.s.b.w.e.tomcat.TomcatServletWebServerFactory - Code archive: C:\Users\10501\.m2\repository\org\springframework\boot\spring-boot\2.5.2\spring-boot-2.5.2.jar
2021-09-09 23:56:06.899 [restartedMain] DEBUG o.s.b.w.e.tomcat.TomcatServletWebServerFactory - None of the document roots [src/main/webapp, public, static] point to a directory and will be ignored.
2021-09-09 23:56:06.948 [restartedMain] DEBUG o.s.b.w.s.c.ServletWebServerApplicationContext - Published root WebApplicationContext as ServletContext attribute with name [org.springframework.web.context.WebApplicationContext.ROOT]
2021-09-09 23:56:06.954 [restartedMain] DEBUG o.s.b.web.servlet.ServletContextInitializerBeans - Mapping filters: characterEncodingFilter urls=[/*] order=-2147483648, formContentFilter urls=[/*] order=-9900, requestContextFilter urls=[/*] order=-105
2021-09-09 23:56:06.954 [restartedMain] DEBUG o.s.b.web.servlet.ServletContextInitializerBeans - Mapping servlets: dispatcherServlet urls=[/]
2021-09-09 23:56:06.954 [restartedMain] DEBUG o.s.b.w.servlet.filter.OrderedRequestContextFilter - Filter 'requestContextFilter' configured for use
2021-09-09 23:56:06.954 [restartedMain] DEBUG o.s.b.w.s.filter.OrderedCharacterEncodingFilter - Filter 'characterEncodingFilter' configured for use
2021-09-09 23:56:06.954 [restartedMain] DEBUG o.s.b.web.servlet.filter.OrderedFormContentFilter - Filter 'formContentFilter' configured for use
2021-09-09 23:56:07.035 [restartedMain] DEBUG o.s.b.diagnostics.LoggingFailureAnalysisReporter - Application failed to start due to an exception
org.springframework.beans.factory.NoSuchBeanDefinitionException: No qualifying bean of type 'com.gdutelc.snp.service.UserApiService' available: expected at least 1 bean which qualifies as autowire candidate. Dependency annotations: {@javax.annotation.Resource(shareable=true, lookup="", name="", description="", authenticationType=CONTAINER, type=java.lang.Object.class, mappedName="")}
	at org.springframework.beans.factory.support.DefaultListableBeanFactory.raiseNoMatchingBeanFound(DefaultListableBeanFactory.java:1790)
	at org.springframework.beans.factory.support.DefaultListableBeanFactory.doResolveDependency(DefaultListableBeanFactory.java:1346)
	at org.springframework.beans.factory.support.DefaultListableBeanFactory.resolveDependency(DefaultListableBeanFactory.java:1300)
	at org.springframework.context.annotation.CommonAnnotationBeanPostProcessor.autowireResource(CommonAnnotationBeanPostProcessor.java:521)
	at org.springframework.context.annotation.CommonAnnotationBeanPostProcessor.getResource(CommonAnnotationBeanPostProcessor.java:497)
	at org.springframework.context.annotation.CommonAnnotationBeanPostProcessor$ResourceElement.getResourceToInject(CommonAnnotationBeanPostProcessor.java:650)
	at org.springframework.beans.factory.annotation.InjectionMetadata$InjectedElement.inject(InjectionMetadata.java:228)
	at org.springframework.beans.factory.annotation.InjectionMetadata.inject(InjectionMetadata.java:119)
	at org.springframework.context.annotation.CommonAnnotationBeanPostProcessor.postProcessProperties(CommonAnnotationBeanPostProcessor.java:318)
	at org.springframework.beans.factory.support.AbstractAutowireCapableBeanFactory.populateBean(AbstractAutowireCapableBeanFactory.java:1413)
	at org.springframework.beans.factory.support.AbstractAutowireCapableBeanFactory.doCreateBean(AbstractAutowireCapableBeanFactory.java:601)
	at org.springframework.beans.factory.support.AbstractAutowireCapableBeanFactory.createBean(AbstractAutowireCapableBeanFactory.java:524)
	at org.springframework.beans.factory.support.AbstractBeanFactory.lambda$doGetBean$0(AbstractBeanFactory.java:335)
	at org.springframework.beans.factory.support.DefaultSingletonBeanRegistry.getSingleton(DefaultSingletonBeanRegistry.java:234)
	at org.springframework.beans.factory.support.AbstractBeanFactory.doGetBean(AbstractBeanFactory.java:333)
	at org.springframework.beans.factory.support.AbstractBeanFactory.getBean(AbstractBeanFactory.java:208)
	at org.springframework.beans.factory.support.DefaultListableBeanFactory.preInstantiateSingletons(DefaultListableBeanFactory.java:944)
	at org.springframework.context.support.AbstractApplicationContext.finishBeanFactoryInitialization(AbstractApplicationContext.java:918)
	at org.springframework.context.support.AbstractApplicationContext.refresh(AbstractApplicationContext.java:583)
	at org.springframework.boot.web.servlet.context.ServletWebServerApplicationContext.refresh(ServletWebServerApplicationContext.java:145)
	at org.springframework.boot.SpringApplication.refresh(SpringApplication.java:754)
	at org.springframework.boot.SpringApplication.refreshContext(SpringApplication.java:434)
	at org.springframework.boot.SpringApplication.run(SpringApplication.java:338)
	at org.springframework.boot.SpringApplication.run(SpringApplication.java:1343)
	at org.springframework.boot.SpringApplication.run(SpringApplication.java:1332)
	at com.gdutelc.snp.SnpApplication.main(SnpApplication.java:16)
	at java.base/jdk.internal.reflect.NativeMethodAccessorImpl.invoke0(Native Method)
	at java.base/jdk.internal.reflect.NativeMethodAccessorImpl.invoke(NativeMethodAccessorImpl.java:62)
	at java.base/jdk.internal.reflect.DelegatingMethodAccessorImpl.invoke(DelegatingMethodAccessorImpl.java:43)
	at java.base/java.lang.reflect.Method.invoke(Method.java:566)
	at org.springframework.boot.devtools.restart.RestartLauncher.run(RestartLauncher.java:49)
2021-09-09 23:56:20.570 [Thread-42] DEBUG o.springframework.boot.devtools.restart.Restarter - Created RestartClassLoader org.springframework.boot.devtools.restart.classloader.RestartClassLoader@7e4869ae
2021-09-09 23:56:20.571 [Thread-42] DEBUG o.springframework.boot.devtools.restart.Restarter - Starting application com.gdutelc.snp.SnpApplication with URLs [file:/D:/java%20project/SNP-backend/target/classes/]
2021-09-09 23:56:20.609 [restartedMain] DEBUG com.gdutelc.snp.SnpApplication - Running with Spring Boot v2.5.2, Spring v5.3.8
2021-09-09 23:56:20.609 [restartedMain] DEBUG org.springframework.boot.SpringApplication - Loading source class com.gdutelc.snp.SnpApplication
2021-09-09 23:56:20.611 [restartedMain] DEBUG o.s.b.w.s.c.AnnotationConfigServletWebServerApplicationContext - Refreshing org.springframework.boot.web.servlet.context.AnnotationConfigServletWebServerApplicationContext@ae6c4c3
2021-09-09 23:56:20.761 [restartedMain] DEBUG o.s.boot.autoconfigure.AutoConfigurationPackages - @EnableAutoConfiguration was declared on a class in the package 'com.gdutelc.snp'. Automatic @Repository and @Entity scanning is enabled.
2021-09-09 23:56:20.834 [restartedMain] DEBUG o.s.b.w.e.tomcat.TomcatServletWebServerFactory - Code archive: C:\Users\10501\.m2\repository\org\springframework\boot\spring-boot\2.5.2\spring-boot-2.5.2.jar
2021-09-09 23:56:20.834 [restartedMain] DEBUG o.s.b.w.e.tomcat.TomcatServletWebServerFactory - Code archive: C:\Users\10501\.m2\repository\org\springframework\boot\spring-boot\2.5.2\spring-boot-2.5.2.jar
2021-09-09 23:56:20.834 [restartedMain] DEBUG o.s.b.w.e.tomcat.TomcatServletWebServerFactory - None of the document roots [src/main/webapp, public, static] point to a directory and will be ignored.
2021-09-09 23:56:20.884 [restartedMain] DEBUG o.s.b.w.s.c.ServletWebServerApplicationContext - Published root WebApplicationContext as ServletContext attribute with name [org.springframework.web.context.WebApplicationContext.ROOT]
2021-09-09 23:56:20.890 [restartedMain] DEBUG o.s.b.web.servlet.ServletContextInitializerBeans - Mapping filters: characterEncodingFilter urls=[/*] order=-2147483648, formContentFilter urls=[/*] order=-9900, requestContextFilter urls=[/*] order=-105
2021-09-09 23:56:20.890 [restartedMain] DEBUG o.s.b.web.servlet.ServletContextInitializerBeans - Mapping servlets: dispatcherServlet urls=[/]
2021-09-09 23:56:20.891 [restartedMain] DEBUG o.s.b.w.servlet.filter.OrderedRequestContextFilter - Filter 'requestContextFilter' configured for use
2021-09-09 23:56:20.891 [restartedMain] DEBUG o.s.b.w.s.filter.OrderedCharacterEncodingFilter - Filter 'characterEncodingFilter' configured for use
2021-09-09 23:56:20.891 [restartedMain] DEBUG o.s.b.web.servlet.filter.OrderedFormContentFilter - Filter 'formContentFilter' configured for use
2021-09-09 23:56:21.066 [restartedMain] DEBUG o.s.w.s.m.m.a.RequestMappingHandlerAdapter - ControllerAdvice beans: 0 @ModelAttribute, 0 @InitBinder, 1 RequestBodyAdvice, 1 ResponseBodyAdvice
2021-09-09 23:56:21.078 [restartedMain] DEBUG o.s.w.s.m.m.a.RequestMappingHandlerMapping - 19 mappings in 'requestMappingHandlerMapping'
2021-09-09 23:56:21.101 [restartedMain] DEBUG o.s.web.servlet.handler.SimpleUrlHandlerMapping - Patterns [/webjars/**, /**] in 'resourceHandlerMapping'
2021-09-09 23:56:21.109 [restartedMain] DEBUG o.s.w.s.m.m.a.ExceptionHandlerExceptionResolver - ControllerAdvice beans: 1 @ExceptionHandler, 1 ResponseBodyAdvice
2021-09-09 23:56:21.180 [restartedMain] DEBUG o.s.boot.availability.ApplicationAvailabilityBean - Application availability state LivenessState changed to CORRECT
2021-09-09 23:56:21.182 [restartedMain] DEBUG o.s.boot.availability.ApplicationAvailabilityBean - Application availability state ReadinessState changed to ACCEPTING_TRAFFIC
2021-09-09 23:56:22.956 [main] DEBUG com.gdutelc.snp.UserDaoTests - Running with Spring Boot v2.5.2, Spring v5.3.8
2021-09-09 23:56:29.625 [main] DEBUG com.gdutelc.snp.dao.IUserDao.getUserByOpenid - ==>  Preparing: SELECT uid, openid, phone, enroll, `check`, `result`, que FROM db_sign_up.t_user WHERE openid = ? LIMIT 1
2021-09-09 23:56:29.649 [main] DEBUG com.gdutelc.snp.dao.IUserDao.getUserByOpenid - ==> Parameters: 12354(String)
2021-09-09 23:56:29.835 [main] DEBUG com.gdutelc.snp.dao.IUserDao.getUserByOpenid - <==      Total: 0
