2021-08-14 23:30:00.096 [restartedMain] INFO  com.gdutelc.snp.SnpApplication - Starting SnpApplication using Java 11.0.6 on LAPTOP-E3MO6SU7 with PID 22064 (D:\java project\SNP-backend\target\classes started by 10501 in D:\java project\SNP-backend)
2021-08-14 23:30:00.101 [restartedMain] INFO  com.gdutelc.snp.SnpApplication - No active profile set, falling back to default profiles: default
2021-08-14 23:30:00.151 [restartedMain] INFO  o.s.b.d.env.DevToolsPropertyDefaultsPostProcessor - Devtools property defaults active! Set 'spring.devtools.add-properties' to 'false' to disable
2021-08-14 23:30:00.151 [restartedMain] INFO  o.s.b.d.env.DevToolsPropertyDefaultsPostProcessor - For additional web related logging consider setting the 'logging.level.web' property to 'DEBUG'
2021-08-14 23:30:00.641 [restartedMain] INFO  o.s.d.r.config.RepositoryConfigurationDelegate - Multiple Spring Data modules found, entering strict repository configuration mode!
2021-08-14 23:30:00.642 [restartedMain] INFO  o.s.d.r.config.RepositoryConfigurationDelegate - Bootstrapping Spring Data Redis repositories in DEFAULT mode.
2021-08-14 23:30:00.661 [restartedMain] INFO  o.s.d.r.config.RepositoryConfigurationDelegate - Finished Spring Data repository scanning in 9 ms. Found 0 Redis repository interfaces.
2021-08-14 23:30:01.337 [restartedMain] INFO  o.s.boot.web.embedded.tomcat.TomcatWebServer - Tomcat initialized with port(s): 10080 (http)
2021-08-14 23:30:01.344 [restartedMain] INFO  org.apache.coyote.http11.Http11NioProtocol - Initializing ProtocolHandler ["http-nio-10080"]
2021-08-14 23:30:01.344 [restartedMain] INFO  org.apache.catalina.core.StandardService - Starting service [Tomcat]
2021-08-14 23:30:01.344 [restartedMain] INFO  org.apache.catalina.core.StandardEngine - Starting Servlet engine: [Apache Tomcat/9.0.48]
2021-08-14 23:30:01.428 [restartedMain] INFO  o.a.c.core.ContainerBase.[Tomcat].[localhost].[/] - Initializing Spring embedded WebApplicationContext
2021-08-14 23:30:01.428 [restartedMain] INFO  o.s.b.w.s.c.ServletWebServerApplicationContext - Root WebApplicationContext: initialization completed in 1276 ms
2021-08-14 23:30:02.033 [restartedMain] INFO  org.apache.catalina.core.StandardService - Stopping service [Tomcat]
2021-08-14 23:30:02.045 [restartedMain] INFO  o.s.b.a.l.ConditionEvaluationReportLoggingListener - 

Error starting ApplicationContext. To display the conditions report re-run your application with 'debug' enabled.
2021-08-14 23:31:23.759 [restartedMain] INFO  com.gdutelc.snp.SnpApplication - Starting SnpApplication using Java 11.0.6 on LAPTOP-E3MO6SU7 with PID 11272 (D:\java project\SNP-backend\target\classes started by 10501 in D:\java project\SNP-backend)
2021-08-14 23:31:23.764 [restartedMain] INFO  com.gdutelc.snp.SnpApplication - No active profile set, falling back to default profiles: default
2021-08-14 23:31:23.810 [restartedMain] INFO  o.s.b.d.env.DevToolsPropertyDefaultsPostProcessor - Devtools property defaults active! Set 'spring.devtools.add-properties' to 'false' to disable
2021-08-14 23:31:23.811 [restartedMain] INFO  o.s.b.d.env.DevToolsPropertyDefaultsPostProcessor - For additional web related logging consider setting the 'logging.level.web' property to 'DEBUG'
2021-08-14 23:31:24.283 [restartedMain] INFO  o.s.d.r.config.RepositoryConfigurationDelegate - Multiple Spring Data modules found, entering strict repository configuration mode!
2021-08-14 23:31:24.284 [restartedMain] INFO  o.s.d.r.config.RepositoryConfigurationDelegate - Bootstrapping Spring Data Redis repositories in DEFAULT mode.
2021-08-14 23:31:24.302 [restartedMain] INFO  o.s.d.r.config.RepositoryConfigurationDelegate - Finished Spring Data repository scanning in 9 ms. Found 0 Redis repository interfaces.
2021-08-14 23:31:24.963 [restartedMain] INFO  o.s.boot.web.embedded.tomcat.TomcatWebServer - Tomcat initialized with port(s): 10080 (http)
2021-08-14 23:31:24.970 [restartedMain] INFO  org.apache.coyote.http11.Http11NioProtocol - Initializing ProtocolHandler ["http-nio-10080"]
2021-08-14 23:31:24.970 [restartedMain] INFO  org.apache.catalina.core.StandardService - Starting service [Tomcat]
2021-08-14 23:31:24.970 [restartedMain] INFO  org.apache.catalina.core.StandardEngine - Starting Servlet engine: [Apache Tomcat/9.0.48]
2021-08-14 23:31:25.054 [restartedMain] INFO  o.a.c.core.ContainerBase.[Tomcat].[localhost].[/] - Initializing Spring embedded WebApplicationContext
2021-08-14 23:31:25.054 [restartedMain] INFO  o.s.b.w.s.c.ServletWebServerApplicationContext - Root WebApplicationContext: initialization completed in 1243 ms
2021-08-14 23:31:25.720 [restartedMain] INFO  o.s.b.d.autoconfigure.OptionalLiveReloadServer - LiveReload server is running on port 35729
2021-08-14 23:31:25.739 [restartedMain] INFO  org.apache.coyote.http11.Http11NioProtocol - Starting ProtocolHandler ["http-nio-10080"]
2021-08-14 23:31:25.753 [restartedMain] INFO  o.s.boot.web.embedded.tomcat.TomcatWebServer - Tomcat started on port(s): 10080 (http) with context path ''
2021-08-14 23:31:25.762 [restartedMain] INFO  com.gdutelc.snp.SnpApplication - Started SnpApplication in 2.5 seconds (JVM running for 3.05)
2021-08-14 23:32:11.883 [restartedMain] INFO  com.gdutelc.snp.SnpApplication - Starting SnpApplication using Java 11.0.6 on LAPTOP-E3MO6SU7 with PID 11272 (D:\java project\SNP-backend\target\classes started by 10501 in D:\java project\SNP-backend)
2021-08-14 23:32:11.884 [restartedMain] INFO  com.gdutelc.snp.SnpApplication - No active profile set, falling back to default profiles: default
2021-08-14 23:32:12.058 [restartedMain] INFO  o.s.d.r.config.RepositoryConfigurationDelegate - Multiple Spring Data modules found, entering strict repository configuration mode!
2021-08-14 23:32:12.059 [restartedMain] INFO  o.s.d.r.config.RepositoryConfigurationDelegate - Bootstrapping Spring Data Redis repositories in DEFAULT mode.
2021-08-14 23:32:12.065 [restartedMain] INFO  o.s.d.r.config.RepositoryConfigurationDelegate - Finished Spring Data repository scanning in 6 ms. Found 0 Redis repository interfaces.
2021-08-14 23:32:12.146 [restartedMain] INFO  o.s.boot.web.embedded.tomcat.TomcatWebServer - Tomcat initialized with port(s): 10080 (http)
2021-08-14 23:32:12.147 [restartedMain] INFO  org.apache.coyote.http11.Http11NioProtocol - Initializing ProtocolHandler ["http-nio-10080"]
2021-08-14 23:32:12.147 [restartedMain] INFO  org.apache.catalina.core.StandardService - Starting service [Tomcat]
2021-08-14 23:32:12.147 [restartedMain] INFO  org.apache.catalina.core.StandardEngine - Starting Servlet engine: [Apache Tomcat/9.0.48]
2021-08-14 23:32:12.188 [restartedMain] INFO  o.a.c.core.ContainerBase.[Tomcat].[localhost].[/] - Initializing Spring embedded WebApplicationContext
2021-08-14 23:32:12.188 [restartedMain] INFO  o.s.b.w.s.c.ServletWebServerApplicationContext - Root WebApplicationContext: initialization completed in 302 ms
2021-08-14 23:32:12.379 [restartedMain] INFO  o.s.b.d.autoconfigure.OptionalLiveReloadServer - LiveReload server is running on port 35729
2021-08-14 23:32:12.396 [restartedMain] INFO  org.apache.coyote.http11.Http11NioProtocol - Starting ProtocolHandler ["http-nio-10080"]
2021-08-14 23:32:12.399 [restartedMain] INFO  o.s.boot.web.embedded.tomcat.TomcatWebServer - Tomcat started on port(s): 10080 (http) with context path ''
2021-08-14 23:32:12.404 [restartedMain] INFO  com.gdutelc.snp.SnpApplication - Started SnpApplication in 0.572 seconds (JVM running for 49.692)
2021-08-14 23:32:12.406 [restartedMain] INFO  o.s.b.d.a.ConditionEvaluationDeltaLoggingListener - Condition evaluation unchanged
2021-08-14 23:33:01.618 [restartedMain] INFO  com.gdutelc.snp.SnpApplication - Starting SnpApplication using Java 11.0.6 on LAPTOP-E3MO6SU7 with PID 11272 (D:\java project\SNP-backend\target\classes started by 10501 in D:\java project\SNP-backend)
2021-08-14 23:33:01.618 [restartedMain] INFO  com.gdutelc.snp.SnpApplication - No active profile set, falling back to default profiles: default
2021-08-14 23:33:01.940 [restartedMain] INFO  o.s.d.r.config.RepositoryConfigurationDelegate - Multiple Spring Data modules found, entering strict repository configuration mode!
2021-08-14 23:33:01.940 [restartedMain] INFO  o.s.d.r.config.RepositoryConfigurationDelegate - Bootstrapping Spring Data Redis repositories in DEFAULT mode.
2021-08-14 23:33:01.950 [restartedMain] INFO  o.s.d.r.config.RepositoryConfigurationDelegate - Finished Spring Data repository scanning in 9 ms. Found 0 Redis repository interfaces.
2021-08-14 23:33:02.072 [restartedMain] INFO  o.s.boot.web.embedded.tomcat.TomcatWebServer - Tomcat initialized with port(s): 10080 (http)
2021-08-14 23:33:02.073 [restartedMain] INFO  org.apache.coyote.http11.Http11NioProtocol - Initializing ProtocolHandler ["http-nio-10080"]
2021-08-14 23:33:02.073 [restartedMain] INFO  org.apache.catalina.core.StandardService - Starting service [Tomcat]
2021-08-14 23:33:02.073 [restartedMain] INFO  org.apache.catalina.core.StandardEngine - Starting Servlet engine: [Apache Tomcat/9.0.48]
2021-08-14 23:33:02.123 [restartedMain] INFO  o.a.c.core.ContainerBase.[Tomcat].[localhost].[/] - Initializing Spring embedded WebApplicationContext
2021-08-14 23:33:02.123 [restartedMain] INFO  o.s.b.w.s.c.ServletWebServerApplicationContext - Root WebApplicationContext: initialization completed in 502 ms
2021-08-14 23:33:02.428 [restartedMain] INFO  o.s.b.d.autoconfigure.OptionalLiveReloadServer - LiveReload server is running on port 35729
2021-08-14 23:33:02.441 [restartedMain] INFO  org.apache.coyote.http11.Http11NioProtocol - Starting ProtocolHandler ["http-nio-10080"]
2021-08-14 23:33:02.443 [restartedMain] INFO  o.s.boot.web.embedded.tomcat.TomcatWebServer - Tomcat started on port(s): 10080 (http) with context path ''
2021-08-14 23:33:02.447 [restartedMain] INFO  com.gdutelc.snp.SnpApplication - Started SnpApplication in 0.897 seconds (JVM running for 99.735)
2021-08-14 23:33:02.449 [restartedMain] INFO  o.s.b.d.a.ConditionEvaluationDeltaLoggingListener - Condition evaluation unchanged
