2021-09-02 00:09:39.548 [kafka-producer-network-thread | producer-1] ERROR o.s.kafka.support.LoggingProducerListener - Exception thrown when sending a message with key='null' and payload='17727329450' to topic phone:
org.apache.kafka.common.KafkaException: Producer is closed forcefully.
	at org.apache.kafka.clients.producer.internals.RecordAccumulator.abortBatches(RecordAccumulator.java:750)
	at org.apache.kafka.clients.producer.internals.RecordAccumulator.abortIncompleteBatches(RecordAccumulator.java:737)
	at org.apache.kafka.clients.producer.internals.Sender.run(Sender.java:280)
	at java.base/java.lang.Thread.run(Thread.java:834)
2021-09-02 00:12:34.957 [restartedMain] ERROR o.s.b.diagnostics.LoggingFailureAnalysisReporter - 

***************************
APPLICATION FAILED TO START
***************************

Description:

A component required a bean of type 'com.gdutelc.snp.service.UserApiService' that could not be found.


Action:

Consider defining a bean of type 'com.gdutelc.snp.service.UserApiService' in your configuration.

2021-09-02 00:13:16.334 [kafka-producer-network-thread | producer-2] ERROR o.s.kafka.support.LoggingProducerListener - Exception thrown when sending a message with key='null' and payload='17727329450' to topic phone:
org.apache.kafka.common.KafkaException: Producer is closed forcefully.
	at org.apache.kafka.clients.producer.internals.RecordAccumulator.abortBatches(RecordAccumulator.java:750)
	at org.apache.kafka.clients.producer.internals.RecordAccumulator.abortIncompleteBatches(RecordAccumulator.java:737)
	at org.apache.kafka.clients.producer.internals.Sender.run(Sender.java:280)
	at java.base/java.lang.Thread.run(Thread.java:834)
2021-09-02 00:15:53.840 [kafka-producer-network-thread | producer-1] ERROR o.s.kafka.support.LoggingProducerListener - Exception thrown when sending a message with key='null' and payload='17727329450' to topic phone:
org.apache.kafka.common.errors.TimeoutException: Expiring 1 record(s) for phone-0:120003 ms has passed since batch creation
2021-09-02 00:20:37.188 [kafka-producer-network-thread | producer-2] ERROR o.s.kafka.support.LoggingProducerListener - Exception thrown when sending a message with key='null' and payload='17727329450' to topic phone:
org.apache.kafka.common.KafkaException: Producer is closed forcefully.
	at org.apache.kafka.clients.producer.internals.RecordAccumulator.abortBatches(RecordAccumulator.java:750)
	at org.apache.kafka.clients.producer.internals.RecordAccumulator.abortIncompleteBatches(RecordAccumulator.java:737)
	at org.apache.kafka.clients.producer.internals.Sender.run(Sender.java:280)
	at java.base/java.lang.Thread.run(Thread.java:834)
2021-09-02 00:30:45.550 [kafka-producer-network-thread | producer-1] ERROR o.s.kafka.support.LoggingProducerListener - Exception thrown when sending a message with key='null' and payload='17727329450' to topic phone:
org.apache.kafka.common.KafkaException: Producer is closed forcefully.
	at org.apache.kafka.clients.producer.internals.RecordAccumulator.abortBatches(RecordAccumulator.java:750)
	at org.apache.kafka.clients.producer.internals.RecordAccumulator.abortIncompleteBatches(RecordAccumulator.java:737)
	at org.apache.kafka.clients.producer.internals.Sender.run(Sender.java:280)
	at java.base/java.lang.Thread.run(Thread.java:834)
2021-09-02 12:54:43.640 [kafka-producer-network-thread | producer-1] ERROR o.s.kafka.support.LoggingProducerListener - Exception thrown when sending a message with key='null' and payload='17727329450' to topic phone:
org.apache.kafka.common.KafkaException: Producer is closed forcefully.
	at org.apache.kafka.clients.producer.internals.RecordAccumulator.abortBatches(RecordAccumulator.java:750)
	at org.apache.kafka.clients.producer.internals.RecordAccumulator.abortIncompleteBatches(RecordAccumulator.java:737)
	at org.apache.kafka.clients.producer.internals.Sender.run(Sender.java:280)
	at java.base/java.lang.Thread.run(Thread.java:834)
2021-09-02 13:12:00.511 [kafka-producer-network-thread | producer-2] ERROR o.s.kafka.support.LoggingProducerListener - Exception thrown when sending a message with key='null' and payload='17727329450' to topic phone:
org.apache.kafka.common.KafkaException: Producer is closed forcefully.
	at org.apache.kafka.clients.producer.internals.RecordAccumulator.abortBatches(RecordAccumulator.java:750)
	at org.apache.kafka.clients.producer.internals.RecordAccumulator.abortIncompleteBatches(RecordAccumulator.java:737)
	at org.apache.kafka.clients.producer.internals.Sender.run(Sender.java:280)
	at java.base/java.lang.Thread.run(Thread.java:834)
2021-09-02 13:19:05.381 [kafka-producer-network-thread | producer-3] ERROR o.s.kafka.support.LoggingProducerListener - Exception thrown when sending a message with key='null' and payload='17727329450' to topic phone:
org.apache.kafka.common.KafkaException: Producer is closed forcefully.
	at org.apache.kafka.clients.producer.internals.RecordAccumulator.abortBatches(RecordAccumulator.java:750)
	at org.apache.kafka.clients.producer.internals.RecordAccumulator.abortIncompleteBatches(RecordAccumulator.java:737)
	at org.apache.kafka.clients.producer.internals.Sender.run(Sender.java:280)
	at java.base/java.lang.Thread.run(Thread.java:834)
2021-09-02 13:21:16.017 [kafka-producer-network-thread | producer-1] ERROR o.s.kafka.support.LoggingProducerListener - Exception thrown when sending a message with key='null' and payload='17727329450' to topic phone:
org.apache.kafka.common.KafkaException: Producer is closed forcefully.
	at org.apache.kafka.clients.producer.internals.RecordAccumulator.abortBatches(RecordAccumulator.java:750)
	at org.apache.kafka.clients.producer.internals.RecordAccumulator.abortIncompleteBatches(RecordAccumulator.java:737)
	at org.apache.kafka.clients.producer.internals.Sender.run(Sender.java:280)
	at java.base/java.lang.Thread.run(Thread.java:834)
2021-09-02 13:22:51.904 [kafka-producer-network-thread | producer-2] ERROR o.s.kafka.support.LoggingProducerListener - Exception thrown when sending a message with key='null' and payload='17727329450' to topic phone:
org.apache.kafka.common.KafkaException: Producer is closed forcefully.
	at org.apache.kafka.clients.producer.internals.RecordAccumulator.abortBatches(RecordAccumulator.java:750)
	at org.apache.kafka.clients.producer.internals.RecordAccumulator.abortIncompleteBatches(RecordAccumulator.java:737)
	at org.apache.kafka.clients.producer.internals.Sender.run(Sender.java:280)
	at java.base/java.lang.Thread.run(Thread.java:834)
2021-09-02 13:24:32.033 [kafka-producer-network-thread | producer-3] ERROR o.s.kafka.support.LoggingProducerListener - Exception thrown when sending a message with key='null' and payload='17727329450' to topic phone:
org.apache.kafka.common.KafkaException: Producer is closed forcefully.
	at org.apache.kafka.clients.producer.internals.RecordAccumulator.abortBatches(RecordAccumulator.java:750)
	at org.apache.kafka.clients.producer.internals.RecordAccumulator.abortIncompleteBatches(RecordAccumulator.java:737)
	at org.apache.kafka.clients.producer.internals.Sender.run(Sender.java:280)
	at java.base/java.lang.Thread.run(Thread.java:834)
2021-09-02 13:29:53.171 [kafka-producer-network-thread | producer-4] ERROR o.s.kafka.support.LoggingProducerListener - Exception thrown when sending a message with key='null' and payload='17727329450' to topic phone:
org.apache.kafka.common.KafkaException: Producer is closed forcefully.
	at org.apache.kafka.clients.producer.internals.RecordAccumulator.abortBatches(RecordAccumulator.java:750)
	at org.apache.kafka.clients.producer.internals.RecordAccumulator.abortIncompleteBatches(RecordAccumulator.java:737)
	at org.apache.kafka.clients.producer.internals.Sender.run(Sender.java:280)
	at java.base/java.lang.Thread.run(Thread.java:834)
2021-09-02 13:36:53.741 [kafka-producer-network-thread | producer-5] ERROR o.s.kafka.support.LoggingProducerListener - Exception thrown when sending a message with key='null' and payload='17727329450' to topic phone:
org.apache.kafka.common.KafkaException: Producer is closed forcefully.
	at org.apache.kafka.clients.producer.internals.RecordAccumulator.abortBatches(RecordAccumulator.java:750)
	at org.apache.kafka.clients.producer.internals.RecordAccumulator.abortIncompleteBatches(RecordAccumulator.java:737)
	at org.apache.kafka.clients.producer.internals.Sender.run(Sender.java:280)
	at java.base/java.lang.Thread.run(Thread.java:834)
2021-09-02 13:38:58.789 [kafka-producer-network-thread | producer-6] ERROR o.s.kafka.support.LoggingProducerListener - Exception thrown when sending a message with key='null' and payload='17727329450' to topic phone:
org.apache.kafka.common.KafkaException: Producer is closed forcefully.
	at org.apache.kafka.clients.producer.internals.RecordAccumulator.abortBatches(RecordAccumulator.java:750)
	at org.apache.kafka.clients.producer.internals.RecordAccumulator.abortIncompleteBatches(RecordAccumulator.java:737)
	at org.apache.kafka.clients.producer.internals.Sender.run(Sender.java:280)
	at java.base/java.lang.Thread.run(Thread.java:834)
2021-09-02 13:41:59.882 [kafka-producer-network-thread | producer-7] ERROR o.s.kafka.support.LoggingProducerListener - Exception thrown when sending a message with key='null' and payload='17727329450' to topic phone:
org.apache.kafka.common.KafkaException: Producer is closed forcefully.
	at org.apache.kafka.clients.producer.internals.RecordAccumulator.abortBatches(RecordAccumulator.java:750)
	at org.apache.kafka.clients.producer.internals.RecordAccumulator.abortIncompleteBatches(RecordAccumulator.java:737)
	at org.apache.kafka.clients.producer.internals.Sender.run(Sender.java:280)
	at java.base/java.lang.Thread.run(Thread.java:834)
2021-09-02 18:45:04.235 [kafka-producer-network-thread | producer-1] ERROR o.s.kafka.support.LoggingProducerListener - Exception thrown when sending a message with key='null' and payload='17727329450' to topic phone:
org.apache.kafka.common.KafkaException: Producer is closed forcefully.
	at org.apache.kafka.clients.producer.internals.RecordAccumulator.abortBatches(RecordAccumulator.java:750)
	at org.apache.kafka.clients.producer.internals.RecordAccumulator.abortIncompleteBatches(RecordAccumulator.java:737)
	at org.apache.kafka.clients.producer.internals.Sender.run(Sender.java:280)
	at java.base/java.lang.Thread.run(Thread.java:834)
2021-09-02 19:28:25.521 [restartedMain] ERROR o.s.b.diagnostics.LoggingFailureAnalysisReporter - 

***************************
APPLICATION FAILED TO START
***************************

Description:

Failed to bind properties under 'spring.kafka.consumer.value-deserializer' to java.lang.Class<?>:

    Property: spring.kafka.consumer.value-deserializer
    Value: org.springframework.kafka.support.serializer.StringDeserializer
    Origin: class path resource [application.yml] - 48:27
    Reason: failed to convert java.lang.String to java.lang.Class<?> (caused by java.lang.ClassNotFoundException: org.springframework.kafka.support.serializer.StringDeserializer)

Action:

Update your application's configuration

2021-09-02 19:28:50.510 [restartedMain] ERROR o.s.b.diagnostics.LoggingFailureAnalysisReporter - 

***************************
APPLICATION FAILED TO START
***************************

Description:

Failed to bind properties under 'spring.kafka.consumer.value-deserializer' to java.lang.Class<?>:

    Property: spring.kafka.consumer.value-deserializer
    Value: org.springframework.kafka.support.serializer.StringDeserializer
    Origin: class path resource [application.yml] - 48:27
    Reason: failed to convert java.lang.String to java.lang.Class<?> (caused by java.lang.ClassNotFoundException: org.springframework.kafka.support.serializer.StringDeserializer)

Action:

Update your application's configuration

