2021-09-08 23:01:44.438 [restartedMain] DEBUG com.gdutelc.snp.SnpApplication - Running with Spring Boot v2.5.2, Spring v5.3.8
2021-09-08 23:01:44.441 [restartedMain] DEBUG org.springframework.boot.SpringApplication - Loading source class com.gdutelc.snp.SnpApplication
2021-09-08 23:01:44.494 [restartedMain] DEBUG o.s.boot.devtools.restart.ChangeableUrls - Matching URLs for reloading : [file:/D:/java%20project/SNP-backend/target/classes/]
2021-09-08 23:01:44.494 [restartedMain] DEBUG o.s.boot.devtools.settings.DevToolsSettings - Included patterns for restart : []
2021-09-08 23:01:44.494 [restartedMain] DEBUG o.s.boot.devtools.settings.DevToolsSettings - Excluded patterns for restart : [/spring-boot-starter-[\w-]+/, /spring-boot/(bin|build|out)/, /spring-boot-starter/(bin|build|out)/, /spring-boot-devtools/(bin|build|out)/, /spring-boot-actuator/(bin|build|out)/, /spring-boot-autoconfigure/(bin|build|out)/]
2021-09-08 23:01:44.495 [restartedMain] DEBUG o.s.b.w.s.c.AnnotationConfigServletWebServerApplicationContext - Refreshing org.springframework.boot.web.servlet.context.AnnotationConfigServletWebServerApplicationContext@15b28c2b
2021-09-08 23:01:45.121 [restartedMain] DEBUG o.s.boot.autoconfigure.AutoConfigurationPackages - @EnableAutoConfiguration was declared on a class in the package 'com.gdutelc.snp'. Automatic @Repository and @Entity scanning is enabled.
2021-09-08 23:01:46.008 [restartedMain] DEBUG o.s.b.w.e.tomcat.TomcatServletWebServerFactory - Code archive: C:\Users\10501\.m2\repository\org\springframework\boot\spring-boot\2.5.2\spring-boot-2.5.2.jar
2021-09-08 23:01:46.008 [restartedMain] DEBUG o.s.b.w.e.tomcat.TomcatServletWebServerFactory - Code archive: C:\Users\10501\.m2\repository\org\springframework\boot\spring-boot\2.5.2\spring-boot-2.5.2.jar
2021-09-08 23:01:46.009 [restartedMain] DEBUG o.s.b.w.e.tomcat.TomcatServletWebServerFactory - None of the document roots [src/main/webapp, public, static] point to a directory and will be ignored.
2021-09-08 23:01:46.142 [restartedMain] DEBUG o.s.b.w.s.c.ServletWebServerApplicationContext - Published root WebApplicationContext as ServletContext attribute with name [org.springframework.web.context.WebApplicationContext.ROOT]
2021-09-08 23:01:46.156 [restartedMain] DEBUG o.s.b.web.servlet.ServletContextInitializerBeans - Mapping filters: characterEncodingFilter urls=[/*] order=-2147483648, formContentFilter urls=[/*] order=-9900, requestContextFilter urls=[/*] order=-105
2021-09-08 23:01:46.157 [restartedMain] DEBUG o.s.b.web.servlet.ServletContextInitializerBeans - Mapping servlets: dispatcherServlet urls=[/]
2021-09-08 23:01:46.171 [restartedMain] DEBUG o.s.b.w.servlet.filter.OrderedRequestContextFilter - Filter 'requestContextFilter' configured for use
2021-09-08 23:01:46.171 [restartedMain] DEBUG o.s.b.w.s.filter.OrderedCharacterEncodingFilter - Filter 'characterEncodingFilter' configured for use
2021-09-08 23:01:46.171 [restartedMain] DEBUG o.s.b.web.servlet.filter.OrderedFormContentFilter - Filter 'formContentFilter' configured for use
2021-09-08 23:01:46.708 [restartedMain] DEBUG o.s.w.s.m.m.a.RequestMappingHandlerAdapter - ControllerAdvice beans: 0 @ModelAttribute, 0 @InitBinder, 1 RequestBodyAdvice, 1 ResponseBodyAdvice
2021-09-08 23:01:46.752 [restartedMain] DEBUG o.s.w.s.m.m.a.RequestMappingHandlerMapping - 19 mappings in 'requestMappingHandlerMapping'
2021-09-08 23:01:46.779 [restartedMain] DEBUG o.s.web.servlet.handler.SimpleUrlHandlerMapping - Patterns [/webjars/**, /**] in 'resourceHandlerMapping'
2021-09-08 23:01:46.786 [restartedMain] DEBUG o.s.w.s.m.m.a.ExceptionHandlerExceptionResolver - ControllerAdvice beans: 1 @ExceptionHandler, 1 ResponseBodyAdvice
2021-09-08 23:01:46.949 [restartedMain] DEBUG o.s.boot.devtools.livereload.LiveReloadServer - Starting live reload server on port 35729
2021-09-08 23:01:46.990 [restartedMain] DEBUG o.s.boot.availability.ApplicationAvailabilityBean - Application availability state LivenessState changed to CORRECT
2021-09-08 23:01:46.991 [restartedMain] DEBUG o.springframework.boot.devtools.restart.Restarter - Creating new Restarter for thread Thread[main,5,main]
2021-09-08 23:01:46.991 [restartedMain] DEBUG o.springframework.boot.devtools.restart.Restarter - Immediately restarting application
2021-09-08 23:01:46.992 [restartedMain] DEBUG o.springframework.boot.devtools.restart.Restarter - Created RestartClassLoader org.springframework.boot.devtools.restart.classloader.RestartClassLoader@7d26a2e6
2021-09-08 23:01:46.992 [restartedMain] DEBUG o.springframework.boot.devtools.restart.Restarter - Starting application com.gdutelc.snp.SnpApplication with URLs [file:/D:/java%20project/SNP-backend/target/classes/]
2021-09-08 23:01:46.992 [restartedMain] DEBUG o.s.boot.availability.ApplicationAvailabilityBean - Application availability state ReadinessState changed to ACCEPTING_TRAFFIC
2021-09-08 23:02:42.815 [File Watcher] DEBUG o.springframework.boot.devtools.restart.Restarter - Restarting application
2021-09-08 23:02:42.816 [Thread-5] DEBUG o.springframework.boot.devtools.restart.Restarter - Stopping application
2021-09-08 23:02:42.817 [Thread-5] DEBUG o.s.boot.availability.ApplicationAvailabilityBean - Application availability state ReadinessState changed from ACCEPTING_TRAFFIC to REFUSING_TRAFFIC
2021-09-08 23:02:42.817 [Thread-5] DEBUG o.s.b.w.s.c.AnnotationConfigServletWebServerApplicationContext - Closing org.springframework.boot.web.servlet.context.AnnotationConfigServletWebServerApplicationContext@15b28c2b, started on Wed Sep 08 23:01:44 CST 2021
2021-09-08 23:02:43.345 [Thread-5] DEBUG o.springframework.boot.devtools.restart.Restarter - Created RestartClassLoader org.springframework.boot.devtools.restart.classloader.RestartClassLoader@669e875d
2021-09-08 23:02:43.345 [Thread-5] DEBUG o.springframework.boot.devtools.restart.Restarter - Starting application com.gdutelc.snp.SnpApplication with URLs [file:/D:/java%20project/SNP-backend/target/classes/]
2021-09-08 23:02:43.407 [restartedMain] DEBUG com.gdutelc.snp.SnpApplication - Running with Spring Boot v2.5.2, Spring v5.3.8
2021-09-08 23:02:43.407 [restartedMain] DEBUG org.springframework.boot.SpringApplication - Loading source class com.gdutelc.snp.SnpApplication
2021-09-08 23:02:43.409 [restartedMain] DEBUG o.s.b.w.s.c.AnnotationConfigServletWebServerApplicationContext - Refreshing org.springframework.boot.web.servlet.context.AnnotationConfigServletWebServerApplicationContext@6ef4d076
2021-09-08 23:02:43.647 [restartedMain] DEBUG o.s.boot.autoconfigure.AutoConfigurationPackages - @EnableAutoConfiguration was declared on a class in the package 'com.gdutelc.snp'. Automatic @Repository and @Entity scanning is enabled.
2021-09-08 23:02:43.769 [restartedMain] DEBUG o.s.b.w.e.tomcat.TomcatServletWebServerFactory - Code archive: C:\Users\10501\.m2\repository\org\springframework\boot\spring-boot\2.5.2\spring-boot-2.5.2.jar
2021-09-08 23:02:43.769 [restartedMain] DEBUG o.s.b.w.e.tomcat.TomcatServletWebServerFactory - Code archive: C:\Users\10501\.m2\repository\org\springframework\boot\spring-boot\2.5.2\spring-boot-2.5.2.jar
2021-09-08 23:02:43.770 [restartedMain] DEBUG o.s.b.w.e.tomcat.TomcatServletWebServerFactory - None of the document roots [src/main/webapp, public, static] point to a directory and will be ignored.
2021-09-08 23:02:43.842 [restartedMain] DEBUG o.s.b.w.s.c.ServletWebServerApplicationContext - Published root WebApplicationContext as ServletContext attribute with name [org.springframework.web.context.WebApplicationContext.ROOT]
2021-09-08 23:02:43.854 [restartedMain] DEBUG o.s.b.web.servlet.ServletContextInitializerBeans - Mapping filters: characterEncodingFilter urls=[/*] order=-2147483648, formContentFilter urls=[/*] order=-9900, requestContextFilter urls=[/*] order=-105
2021-09-08 23:02:43.854 [restartedMain] DEBUG o.s.b.web.servlet.ServletContextInitializerBeans - Mapping servlets: dispatcherServlet urls=[/]
2021-09-08 23:02:43.855 [restartedMain] DEBUG o.s.b.w.servlet.filter.OrderedRequestContextFilter - Filter 'requestContextFilter' configured for use
2021-09-08 23:02:43.857 [restartedMain] DEBUG o.s.b.w.s.filter.OrderedCharacterEncodingFilter - Filter 'characterEncodingFilter' configured for use
2021-09-08 23:02:43.857 [restartedMain] DEBUG o.s.b.web.servlet.filter.OrderedFormContentFilter - Filter 'formContentFilter' configured for use
2021-09-08 23:02:44.170 [restartedMain] DEBUG o.s.w.s.m.m.a.RequestMappingHandlerAdapter - ControllerAdvice beans: 0 @ModelAttribute, 0 @InitBinder, 1 RequestBodyAdvice, 1 ResponseBodyAdvice
2021-09-08 23:02:44.191 [restartedMain] DEBUG o.s.w.s.m.m.a.RequestMappingHandlerMapping - 19 mappings in 'requestMappingHandlerMapping'
2021-09-08 23:02:44.207 [restartedMain] DEBUG o.s.web.servlet.handler.SimpleUrlHandlerMapping - Patterns [/webjars/**, /**] in 'resourceHandlerMapping'
2021-09-08 23:02:44.218 [restartedMain] DEBUG o.s.w.s.m.m.a.ExceptionHandlerExceptionResolver - ControllerAdvice beans: 1 @ExceptionHandler, 1 ResponseBodyAdvice
2021-09-08 23:02:44.350 [restartedMain] DEBUG o.s.boot.availability.ApplicationAvailabilityBean - Application availability state LivenessState changed to CORRECT
2021-09-08 23:02:44.352 [restartedMain] DEBUG o.s.boot.availability.ApplicationAvailabilityBean - Application availability state ReadinessState changed to ACCEPTING_TRAFFIC
2021-09-08 23:02:45.141 [main] DEBUG com.gdutelc.snp.JwtTests - Running with Spring Boot v2.5.2, Spring v5.3.8
2021-09-08 23:03:00.160 [File Watcher] DEBUG o.springframework.boot.devtools.restart.Restarter - Restarting application
2021-09-08 23:03:00.161 [Thread-7] DEBUG o.springframework.boot.devtools.restart.Restarter - Stopping application
2021-09-08 23:03:00.161 [Thread-7] DEBUG o.s.boot.availability.ApplicationAvailabilityBean - Application availability state ReadinessState changed from ACCEPTING_TRAFFIC to REFUSING_TRAFFIC
2021-09-08 23:03:00.161 [Thread-7] DEBUG o.s.b.w.s.c.AnnotationConfigServletWebServerApplicationContext - Closing org.springframework.boot.web.servlet.context.AnnotationConfigServletWebServerApplicationContext@6ef4d076, started on Wed Sep 08 23:02:43 CST 2021
2021-09-08 23:03:00.709 [Thread-7] DEBUG o.springframework.boot.devtools.restart.Restarter - Created RestartClassLoader org.springframework.boot.devtools.restart.classloader.RestartClassLoader@54560836
2021-09-08 23:03:00.709 [Thread-7] DEBUG o.springframework.boot.devtools.restart.Restarter - Starting application com.gdutelc.snp.SnpApplication with URLs [file:/D:/java%20project/SNP-backend/target/classes/]
2021-09-08 23:03:00.747 [restartedMain] DEBUG com.gdutelc.snp.SnpApplication - Running with Spring Boot v2.5.2, Spring v5.3.8
2021-09-08 23:03:00.747 [restartedMain] DEBUG org.springframework.boot.SpringApplication - Loading source class com.gdutelc.snp.SnpApplication
2021-09-08 23:03:00.749 [restartedMain] DEBUG o.s.b.w.s.c.AnnotationConfigServletWebServerApplicationContext - Refreshing org.springframework.boot.web.servlet.context.AnnotationConfigServletWebServerApplicationContext@21400426
2021-09-08 23:03:00.904 [restartedMain] DEBUG o.s.boot.autoconfigure.AutoConfigurationPackages - @EnableAutoConfiguration was declared on a class in the package 'com.gdutelc.snp'. Automatic @Repository and @Entity scanning is enabled.
2021-09-08 23:03:00.995 [restartedMain] DEBUG o.s.b.w.e.tomcat.TomcatServletWebServerFactory - Code archive: C:\Users\10501\.m2\repository\org\springframework\boot\spring-boot\2.5.2\spring-boot-2.5.2.jar
2021-09-08 23:03:00.996 [restartedMain] DEBUG o.s.b.w.e.tomcat.TomcatServletWebServerFactory - Code archive: C:\Users\10501\.m2\repository\org\springframework\boot\spring-boot\2.5.2\spring-boot-2.5.2.jar
2021-09-08 23:03:00.996 [restartedMain] DEBUG o.s.b.w.e.tomcat.TomcatServletWebServerFactory - None of the document roots [src/main/webapp, public, static] point to a directory and will be ignored.
2021-09-08 23:03:01.045 [restartedMain] DEBUG o.s.b.w.s.c.ServletWebServerApplicationContext - Published root WebApplicationContext as ServletContext attribute with name [org.springframework.web.context.WebApplicationContext.ROOT]
2021-09-08 23:03:01.053 [restartedMain] DEBUG o.s.b.web.servlet.ServletContextInitializerBeans - Mapping filters: characterEncodingFilter urls=[/*] order=-2147483648, formContentFilter urls=[/*] order=-9900, requestContextFilter urls=[/*] order=-105
2021-09-08 23:03:01.053 [restartedMain] DEBUG o.s.b.web.servlet.ServletContextInitializerBeans - Mapping servlets: dispatcherServlet urls=[/]
2021-09-08 23:03:01.054 [restartedMain] DEBUG o.s.b.w.servlet.filter.OrderedRequestContextFilter - Filter 'requestContextFilter' configured for use
2021-09-08 23:03:01.054 [restartedMain] DEBUG o.s.b.w.s.filter.OrderedCharacterEncodingFilter - Filter 'characterEncodingFilter' configured for use
2021-09-08 23:03:01.054 [restartedMain] DEBUG o.s.b.web.servlet.filter.OrderedFormContentFilter - Filter 'formContentFilter' configured for use
2021-09-08 23:03:01.226 [restartedMain] DEBUG o.s.w.s.m.m.a.RequestMappingHandlerAdapter - ControllerAdvice beans: 0 @ModelAttribute, 0 @InitBinder, 1 RequestBodyAdvice, 1 ResponseBodyAdvice
2021-09-08 23:03:01.239 [restartedMain] DEBUG o.s.w.s.m.m.a.RequestMappingHandlerMapping - 19 mappings in 'requestMappingHandlerMapping'
2021-09-08 23:03:01.263 [restartedMain] DEBUG o.s.web.servlet.handler.SimpleUrlHandlerMapping - Patterns [/webjars/**, /**] in 'resourceHandlerMapping'
2021-09-08 23:03:01.273 [restartedMain] DEBUG o.s.w.s.m.m.a.ExceptionHandlerExceptionResolver - ControllerAdvice beans: 1 @ExceptionHandler, 1 ResponseBodyAdvice
2021-09-08 23:03:01.372 [restartedMain] DEBUG o.s.boot.availability.ApplicationAvailabilityBean - Application availability state LivenessState changed to CORRECT
2021-09-08 23:03:01.374 [restartedMain] DEBUG o.s.boot.availability.ApplicationAvailabilityBean - Application availability state ReadinessState changed to ACCEPTING_TRAFFIC
2021-09-08 23:03:14.960 [http-nio-10080-exec-1] DEBUG org.springframework.web.servlet.DispatcherServlet - Detected StandardServletMultipartResolver
2021-09-08 23:03:14.960 [http-nio-10080-exec-1] DEBUG org.springframework.web.servlet.DispatcherServlet - Detected AcceptHeaderLocaleResolver
2021-09-08 23:03:14.960 [http-nio-10080-exec-1] DEBUG org.springframework.web.servlet.DispatcherServlet - Detected FixedThemeResolver
2021-09-08 23:03:14.961 [http-nio-10080-exec-1] DEBUG org.springframework.web.servlet.DispatcherServlet - Detected org.springframework.web.servlet.view.DefaultRequestToViewNameTranslator@553dd47d
2021-09-08 23:03:14.961 [http-nio-10080-exec-1] DEBUG org.springframework.web.servlet.DispatcherServlet - Detected org.springframework.web.servlet.support.SessionFlashMapManager@1246a2bb
2021-09-08 23:03:14.961 [http-nio-10080-exec-1] DEBUG org.springframework.web.servlet.DispatcherServlet - enableLoggingRequestDetails='false': request parameters and headers will be masked to prevent unsafe logging of potentially sensitive data
2021-09-08 23:03:14.966 [http-nio-10080-exec-1] DEBUG org.springframework.web.servlet.DispatcherServlet - POST "/user/appGetPhone", parameters={masked}
2021-09-08 23:03:14.968 [http-nio-10080-exec-1] DEBUG o.s.w.s.m.m.a.RequestMappingHandlerMapping - Mapped to com.gdutelc.snp.controller.UserApiController#appGetPhone(String, String)
2021-09-08 23:03:17.731 [http-nio-10080-exec-1] DEBUG com.gdutelc.snp.dao.IUserDao.getOpenidByUid - ==>  Preparing: SELECT openid FROM db_sign_up.t_user WHERE uid = ? LIMIT 1
2021-09-08 23:03:17.744 [http-nio-10080-exec-1] DEBUG com.gdutelc.snp.dao.IUserDao.getOpenidByUid - ==> Parameters: 1(Integer)
2021-09-08 23:03:17.954 [http-nio-10080-exec-1] DEBUG com.gdutelc.snp.dao.IUserDao.getOpenidByUid - <==      Total: 1
2021-09-08 23:03:18.868 [http-nio-10080-exec-1] DEBUG o.s.w.s.m.m.a.RequestResponseBodyMethodProcessor - Using 'application/json', given [*/*] and supported [application/json, application/*+json, application/json, application/*+json]
2021-09-08 23:03:18.871 [http-nio-10080-exec-1] DEBUG o.s.w.s.m.m.a.RequestResponseBodyMethodProcessor - Writing [Result(code=1, msg=成功, data=null)]
2021-09-08 23:03:18.882 [http-nio-10080-exec-1] DEBUG org.springframework.web.servlet.DispatcherServlet - Completed 200 OK
2021-09-08 23:03:47.133 [File Watcher] DEBUG o.springframework.boot.devtools.restart.Restarter - Restarting application
2021-09-08 23:03:47.133 [Thread-11] DEBUG o.springframework.boot.devtools.restart.Restarter - Stopping application
2021-09-08 23:03:47.133 [Thread-11] DEBUG o.s.boot.availability.ApplicationAvailabilityBean - Application availability state ReadinessState changed from ACCEPTING_TRAFFIC to REFUSING_TRAFFIC
2021-09-08 23:03:47.134 [Thread-11] DEBUG o.s.b.w.s.c.AnnotationConfigServletWebServerApplicationContext - Closing org.springframework.boot.web.servlet.context.AnnotationConfigServletWebServerApplicationContext@21400426, started on Wed Sep 08 23:03:00 CST 2021
2021-09-08 23:03:47.664 [Thread-11] DEBUG o.springframework.boot.devtools.restart.Restarter - Created RestartClassLoader org.springframework.boot.devtools.restart.classloader.RestartClassLoader@53bdb8d0
2021-09-08 23:03:47.664 [Thread-11] DEBUG o.springframework.boot.devtools.restart.Restarter - Starting application com.gdutelc.snp.SnpApplication with URLs [file:/D:/java%20project/SNP-backend/target/classes/]
2021-09-08 23:03:47.726 [restartedMain] DEBUG com.gdutelc.snp.SnpApplication - Running with Spring Boot v2.5.2, Spring v5.3.8
2021-09-08 23:03:47.726 [restartedMain] DEBUG org.springframework.boot.SpringApplication - Loading source class com.gdutelc.snp.SnpApplication
2021-09-08 23:03:47.728 [restartedMain] DEBUG o.s.b.w.s.c.AnnotationConfigServletWebServerApplicationContext - Refreshing org.springframework.boot.web.servlet.context.AnnotationConfigServletWebServerApplicationContext@6cb2c922
2021-09-08 23:03:47.995 [restartedMain] DEBUG o.s.boot.autoconfigure.AutoConfigurationPackages - @EnableAutoConfiguration was declared on a class in the package 'com.gdutelc.snp'. Automatic @Repository and @Entity scanning is enabled.
2021-09-08 23:03:48.132 [restartedMain] DEBUG o.s.b.w.e.tomcat.TomcatServletWebServerFactory - Code archive: C:\Users\10501\.m2\repository\org\springframework\boot\spring-boot\2.5.2\spring-boot-2.5.2.jar
2021-09-08 23:03:48.132 [restartedMain] DEBUG o.s.b.w.e.tomcat.TomcatServletWebServerFactory - Code archive: C:\Users\10501\.m2\repository\org\springframework\boot\spring-boot\2.5.2\spring-boot-2.5.2.jar
2021-09-08 23:03:48.133 [restartedMain] DEBUG o.s.b.w.e.tomcat.TomcatServletWebServerFactory - None of the document roots [src/main/webapp, public, static] point to a directory and will be ignored.
2021-09-08 23:03:48.186 [restartedMain] DEBUG o.s.b.w.s.c.ServletWebServerApplicationContext - Published root WebApplicationContext as ServletContext attribute with name [org.springframework.web.context.WebApplicationContext.ROOT]
2021-09-08 23:03:48.193 [restartedMain] DEBUG o.s.b.web.servlet.ServletContextInitializerBeans - Mapping filters: characterEncodingFilter urls=[/*] order=-2147483648, formContentFilter urls=[/*] order=-9900, requestContextFilter urls=[/*] order=-105
2021-09-08 23:03:48.193 [restartedMain] DEBUG o.s.b.web.servlet.ServletContextInitializerBeans - Mapping servlets: dispatcherServlet urls=[/]
2021-09-08 23:03:48.193 [restartedMain] DEBUG o.s.b.w.servlet.filter.OrderedRequestContextFilter - Filter 'requestContextFilter' configured for use
2021-09-08 23:03:48.194 [restartedMain] DEBUG o.s.b.w.s.filter.OrderedCharacterEncodingFilter - Filter 'characterEncodingFilter' configured for use
2021-09-08 23:03:48.194 [restartedMain] DEBUG o.s.b.web.servlet.filter.OrderedFormContentFilter - Filter 'formContentFilter' configured for use
2021-09-08 23:03:48.340 [restartedMain] DEBUG o.s.w.s.m.m.a.RequestMappingHandlerAdapter - ControllerAdvice beans: 0 @ModelAttribute, 0 @InitBinder, 1 RequestBodyAdvice, 1 ResponseBodyAdvice
2021-09-08 23:03:48.347 [restartedMain] DEBUG o.s.w.s.m.m.a.RequestMappingHandlerMapping - 19 mappings in 'requestMappingHandlerMapping'
2021-09-08 23:03:48.360 [restartedMain] DEBUG o.s.web.servlet.handler.SimpleUrlHandlerMapping - Patterns [/webjars/**, /**] in 'resourceHandlerMapping'
2021-09-08 23:03:48.366 [restartedMain] DEBUG o.s.w.s.m.m.a.ExceptionHandlerExceptionResolver - ControllerAdvice beans: 1 @ExceptionHandler, 1 ResponseBodyAdvice
2021-09-08 23:03:48.436 [restartedMain] DEBUG o.s.boot.availability.ApplicationAvailabilityBean - Application availability state LivenessState changed to CORRECT
2021-09-08 23:03:48.437 [restartedMain] DEBUG o.s.boot.availability.ApplicationAvailabilityBean - Application availability state ReadinessState changed to ACCEPTING_TRAFFIC
2021-09-08 23:04:33.145 [http-nio-10080-exec-2] DEBUG org.springframework.web.servlet.DispatcherServlet - Detected StandardServletMultipartResolver
2021-09-08 23:04:33.146 [http-nio-10080-exec-2] DEBUG org.springframework.web.servlet.DispatcherServlet - Detected AcceptHeaderLocaleResolver
2021-09-08 23:04:33.146 [http-nio-10080-exec-2] DEBUG org.springframework.web.servlet.DispatcherServlet - Detected FixedThemeResolver
2021-09-08 23:04:33.146 [http-nio-10080-exec-2] DEBUG org.springframework.web.servlet.DispatcherServlet - Detected org.springframework.web.servlet.view.DefaultRequestToViewNameTranslator@1b4b403b
2021-09-08 23:04:33.146 [http-nio-10080-exec-2] DEBUG org.springframework.web.servlet.DispatcherServlet - Detected org.springframework.web.servlet.support.SessionFlashMapManager@158cbd22
2021-09-08 23:04:33.146 [http-nio-10080-exec-2] DEBUG org.springframework.web.servlet.DispatcherServlet - enableLoggingRequestDetails='false': request parameters and headers will be masked to prevent unsafe logging of potentially sensitive data
2021-09-08 23:04:33.146 [http-nio-10080-exec-2] DEBUG org.springframework.web.servlet.DispatcherServlet - POST "/user/appsign", parameters={masked}
2021-09-08 23:04:33.147 [http-nio-10080-exec-2] DEBUG o.s.w.s.m.m.a.RequestMappingHandlerMapping - Mapped to com.gdutelc.snp.controller.UserApiController#appSign(String, String, Integer, Integer, String, String, String, Integer, Integer, Boolean, String, String, String, String, String, String)
2021-09-08 23:04:33.148 [http-nio-10080-exec-2] DEBUG o.s.w.s.m.m.a.ExceptionHandlerExceptionResolver - Using @ExceptionHandler com.gdutelc.snp.controller.GlobalExceptionController#jwtErrorException(JwtErrorException)
2021-09-08 23:04:33.155 [http-nio-10080-exec-2] DEBUG org.springframework.web.servlet.DispatcherServlet - Using resolved error view: ModelAndView [view="user/appsign"; model={result=Result(code=-404, msg=jwt为空, data=null)}]
2021-09-08 23:04:33.158 [http-nio-10080-exec-2] DEBUG o.s.w.servlet.view.ContentNegotiatingViewResolver - Selected '*/*' given [*/*]
2021-09-08 23:04:33.159 [http-nio-10080-exec-2] DEBUG o.s.web.servlet.view.InternalResourceView - View name 'user/appsign', model {result=Result(code=-404, msg=jwt为空, data=null)}
2021-09-08 23:04:33.159 [http-nio-10080-exec-2] DEBUG o.s.web.servlet.view.InternalResourceView - Forwarding to [user/appsign]
2021-09-08 23:04:33.161 [http-nio-10080-exec-2] DEBUG org.springframework.web.servlet.DispatcherServlet - "FORWARD" dispatch for POST "/user/user/appsign", parameters={masked}
2021-09-08 23:04:33.162 [http-nio-10080-exec-2] DEBUG o.s.web.servlet.handler.SimpleUrlHandlerMapping - Mapped to ResourceHttpRequestHandler [Classpath [META-INF/resources/], Classpath [resources/], Classpath [static/], Classpath [public/], ServletContext [/]]
2021-09-08 23:04:33.163 [http-nio-10080-exec-2] DEBUG o.s.w.servlet.resource.ResourceHttpRequestHandler - Resource not found
2021-09-08 23:04:33.164 [http-nio-10080-exec-2] DEBUG org.springframework.web.servlet.DispatcherServlet - Exiting from "FORWARD" dispatch, status 404
2021-09-08 23:04:33.164 [http-nio-10080-exec-2] DEBUG org.springframework.web.servlet.DispatcherServlet - Completed 404 NOT_FOUND
2021-09-08 23:04:33.164 [http-nio-10080-exec-2] DEBUG org.springframework.web.servlet.DispatcherServlet - "ERROR" dispatch for POST "/error", parameters={masked}
2021-09-08 23:04:33.165 [http-nio-10080-exec-2] DEBUG o.s.w.s.m.m.a.RequestMappingHandlerMapping - Mapped to org.springframework.boot.autoconfigure.web.servlet.error.BasicErrorController#error(HttpServletRequest)
2021-09-08 23:04:33.169 [http-nio-10080-exec-2] DEBUG o.s.w.s.m.m.annotation.HttpEntityMethodProcessor - Using 'application/json', given [*/*] and supported [application/json, application/*+json, application/json, application/*+json]
2021-09-08 23:04:33.169 [http-nio-10080-exec-2] DEBUG o.s.w.s.m.m.annotation.HttpEntityMethodProcessor - Writing [{timestamp=Wed Sep 08 23:04:33 CST 2021, status=404, error=Not Found, trace=com.gdutelc.snp.exceptio (truncated)...]
2021-09-08 23:04:33.174 [http-nio-10080-exec-2] DEBUG org.springframework.web.servlet.DispatcherServlet - Exiting from "ERROR" dispatch, status 404
2021-09-08 23:04:45.361 [File Watcher] DEBUG o.springframework.boot.devtools.restart.Restarter - Restarting application
2021-09-08 23:04:45.362 [Thread-15] DEBUG o.springframework.boot.devtools.restart.Restarter - Stopping application
2021-09-08 23:04:45.362 [Thread-15] DEBUG o.s.boot.availability.ApplicationAvailabilityBean - Application availability state ReadinessState changed from ACCEPTING_TRAFFIC to REFUSING_TRAFFIC
2021-09-08 23:04:45.362 [Thread-15] DEBUG o.s.b.w.s.c.AnnotationConfigServletWebServerApplicationContext - Closing org.springframework.boot.web.servlet.context.AnnotationConfigServletWebServerApplicationContext@6cb2c922, started on Wed Sep 08 23:03:47 CST 2021
2021-09-08 23:04:45.914 [Thread-15] DEBUG o.springframework.boot.devtools.restart.Restarter - Created RestartClassLoader org.springframework.boot.devtools.restart.classloader.RestartClassLoader@66d53b56
2021-09-08 23:04:45.914 [Thread-15] DEBUG o.springframework.boot.devtools.restart.Restarter - Starting application com.gdutelc.snp.SnpApplication with URLs [file:/D:/java%20project/SNP-backend/target/classes/]
2021-09-08 23:04:45.950 [restartedMain] DEBUG com.gdutelc.snp.SnpApplication - Running with Spring Boot v2.5.2, Spring v5.3.8
2021-09-08 23:04:45.950 [restartedMain] DEBUG org.springframework.boot.SpringApplication - Loading source class com.gdutelc.snp.SnpApplication
2021-09-08 23:04:45.952 [restartedMain] DEBUG o.s.b.w.s.c.AnnotationConfigServletWebServerApplicationContext - Refreshing org.springframework.boot.web.servlet.context.AnnotationConfigServletWebServerApplicationContext@6baeae4a
2021-09-08 23:04:46.084 [restartedMain] DEBUG o.s.boot.autoconfigure.AutoConfigurationPackages - @EnableAutoConfiguration was declared on a class in the package 'com.gdutelc.snp'. Automatic @Repository and @Entity scanning is enabled.
2021-09-08 23:04:46.155 [restartedMain] DEBUG o.s.b.w.e.tomcat.TomcatServletWebServerFactory - Code archive: C:\Users\10501\.m2\repository\org\springframework\boot\spring-boot\2.5.2\spring-boot-2.5.2.jar
2021-09-08 23:04:46.155 [restartedMain] DEBUG o.s.b.w.e.tomcat.TomcatServletWebServerFactory - Code archive: C:\Users\10501\.m2\repository\org\springframework\boot\spring-boot\2.5.2\spring-boot-2.5.2.jar
2021-09-08 23:04:46.155 [restartedMain] DEBUG o.s.b.w.e.tomcat.TomcatServletWebServerFactory - None of the document roots [src/main/webapp, public, static] point to a directory and will be ignored.
2021-09-08 23:04:46.200 [restartedMain] DEBUG o.s.b.w.s.c.ServletWebServerApplicationContext - Published root WebApplicationContext as ServletContext attribute with name [org.springframework.web.context.WebApplicationContext.ROOT]
2021-09-08 23:04:46.207 [restartedMain] DEBUG o.s.b.web.servlet.ServletContextInitializerBeans - Mapping filters: characterEncodingFilter urls=[/*] order=-2147483648, formContentFilter urls=[/*] order=-9900, requestContextFilter urls=[/*] order=-105
2021-09-08 23:04:46.207 [restartedMain] DEBUG o.s.b.web.servlet.ServletContextInitializerBeans - Mapping servlets: dispatcherServlet urls=[/]
2021-09-08 23:04:46.208 [restartedMain] DEBUG o.s.b.w.servlet.filter.OrderedRequestContextFilter - Filter 'requestContextFilter' configured for use
2021-09-08 23:04:46.209 [restartedMain] DEBUG o.s.b.w.s.filter.OrderedCharacterEncodingFilter - Filter 'characterEncodingFilter' configured for use
2021-09-08 23:04:46.209 [restartedMain] DEBUG o.s.b.web.servlet.filter.OrderedFormContentFilter - Filter 'formContentFilter' configured for use
2021-09-08 23:04:46.361 [restartedMain] DEBUG o.s.w.s.m.m.a.RequestMappingHandlerAdapter - ControllerAdvice beans: 0 @ModelAttribute, 0 @InitBinder, 1 RequestBodyAdvice, 1 ResponseBodyAdvice
2021-09-08 23:04:46.371 [restartedMain] DEBUG o.s.w.s.m.m.a.RequestMappingHandlerMapping - 19 mappings in 'requestMappingHandlerMapping'
2021-09-08 23:04:46.388 [restartedMain] DEBUG o.s.web.servlet.handler.SimpleUrlHandlerMapping - Patterns [/webjars/**, /**] in 'resourceHandlerMapping'
2021-09-08 23:04:46.395 [restartedMain] DEBUG o.s.w.s.m.m.a.ExceptionHandlerExceptionResolver - ControllerAdvice beans: 1 @ExceptionHandler, 1 ResponseBodyAdvice
2021-09-08 23:04:46.483 [restartedMain] DEBUG o.s.boot.availability.ApplicationAvailabilityBean - Application availability state LivenessState changed to CORRECT
2021-09-08 23:04:46.484 [restartedMain] DEBUG o.s.boot.availability.ApplicationAvailabilityBean - Application availability state ReadinessState changed to ACCEPTING_TRAFFIC
2021-09-08 23:04:54.671 [http-nio-10080-exec-1] DEBUG org.springframework.web.servlet.DispatcherServlet - Detected StandardServletMultipartResolver
2021-09-08 23:04:54.672 [http-nio-10080-exec-1] DEBUG org.springframework.web.servlet.DispatcherServlet - Detected AcceptHeaderLocaleResolver
2021-09-08 23:04:54.672 [http-nio-10080-exec-1] DEBUG org.springframework.web.servlet.DispatcherServlet - Detected FixedThemeResolver
2021-09-08 23:04:54.672 [http-nio-10080-exec-1] DEBUG org.springframework.web.servlet.DispatcherServlet - Detected org.springframework.web.servlet.view.DefaultRequestToViewNameTranslator@1fa01e66
2021-09-08 23:04:54.672 [http-nio-10080-exec-1] DEBUG org.springframework.web.servlet.DispatcherServlet - Detected org.springframework.web.servlet.support.SessionFlashMapManager@1167e3e2
2021-09-08 23:04:54.672 [http-nio-10080-exec-1] DEBUG org.springframework.web.servlet.DispatcherServlet - enableLoggingRequestDetails='false': request parameters and headers will be masked to prevent unsafe logging of potentially sensitive data
2021-09-08 23:04:54.672 [http-nio-10080-exec-1] DEBUG org.springframework.web.servlet.DispatcherServlet - POST "/user/appsign", parameters={masked}
2021-09-08 23:04:54.673 [http-nio-10080-exec-1] DEBUG o.s.w.s.m.m.a.RequestMappingHandlerMapping - Mapped to com.gdutelc.snp.controller.UserApiController#appSign(String, String, Integer, Integer, String, String, String, Integer, Integer, Boolean, String, String, String, String, String, String)
2021-09-08 23:04:57.057 [http-nio-10080-exec-1] DEBUG com.gdutelc.snp.dao.IUserDao.getOpenidByUid - ==>  Preparing: SELECT openid FROM db_sign_up.t_user WHERE uid = ? LIMIT 1
2021-09-08 23:04:57.058 [http-nio-10080-exec-1] DEBUG com.gdutelc.snp.dao.IUserDao.getOpenidByUid - ==> Parameters: 1(Integer)
2021-09-08 23:04:57.242 [http-nio-10080-exec-1] DEBUG com.gdutelc.snp.dao.IUserDao.getOpenidByUid - <==      Total: 1
2021-09-08 23:04:57.261 [http-nio-10080-exec-1] DEBUG org.springframework.web.method.HandlerMethod - Could not resolve parameter [2] in public com.gdutelc.snp.result.Result<java.lang.Object> com.gdutelc.snp.controller.UserApiController.appSign(java.lang.String,java.lang.String,java.lang.Integer,java.lang.Integer,java.lang.String,java.lang.String,java.lang.String,java.lang.Integer,java.lang.Integer,java.lang.Boolean,java.lang.String,java.lang.String,java.lang.String,java.lang.String,java.lang.String,java.lang.String): Required request parameter 'grade' for method parameter type Integer is present but converted to null
2021-09-08 23:04:57.263 [http-nio-10080-exec-1] DEBUG org.springframework.web.servlet.DispatcherServlet - Completed 400 BAD_REQUEST
2021-09-08 23:04:57.264 [http-nio-10080-exec-1] DEBUG org.springframework.web.servlet.DispatcherServlet - "ERROR" dispatch for POST "/error", parameters={masked}
2021-09-08 23:04:57.265 [http-nio-10080-exec-1] DEBUG o.s.w.s.m.m.a.RequestMappingHandlerMapping - Mapped to org.springframework.boot.autoconfigure.web.servlet.error.BasicErrorController#error(HttpServletRequest)
2021-09-08 23:04:57.267 [http-nio-10080-exec-1] DEBUG o.s.w.s.m.m.annotation.HttpEntityMethodProcessor - Using 'application/json', given [*/*] and supported [application/json, application/*+json, application/json, application/*+json]
2021-09-08 23:04:57.267 [http-nio-10080-exec-1] DEBUG o.s.w.s.m.m.annotation.HttpEntityMethodProcessor - Writing [{timestamp=Wed Sep 08 23:04:57 CST 2021, status=400, error=Bad Request, trace=org.springframework.we (truncated)...]
2021-09-08 23:04:57.272 [http-nio-10080-exec-1] DEBUG org.springframework.web.servlet.DispatcherServlet - Exiting from "ERROR" dispatch, status 400
2021-09-08 23:05:23.978 [File Watcher] DEBUG o.springframework.boot.devtools.restart.Restarter - Restarting application
2021-09-08 23:05:23.978 [Thread-19] DEBUG o.springframework.boot.devtools.restart.Restarter - Stopping application
2021-09-08 23:05:23.978 [Thread-19] DEBUG o.s.boot.availability.ApplicationAvailabilityBean - Application availability state ReadinessState changed from ACCEPTING_TRAFFIC to REFUSING_TRAFFIC
2021-09-08 23:05:23.978 [Thread-19] DEBUG o.s.b.w.s.c.AnnotationConfigServletWebServerApplicationContext - Closing org.springframework.boot.web.servlet.context.AnnotationConfigServletWebServerApplicationContext@6baeae4a, started on Wed Sep 08 23:04:45 CST 2021
2021-09-08 23:05:24.489 [Thread-19] DEBUG o.springframework.boot.devtools.restart.Restarter - Created RestartClassLoader org.springframework.boot.devtools.restart.classloader.RestartClassLoader@47f65aee
2021-09-08 23:05:24.489 [Thread-19] DEBUG o.springframework.boot.devtools.restart.Restarter - Starting application com.gdutelc.snp.SnpApplication with URLs [file:/D:/java%20project/SNP-backend/target/classes/]
2021-09-08 23:05:24.543 [restartedMain] DEBUG com.gdutelc.snp.SnpApplication - Running with Spring Boot v2.5.2, Spring v5.3.8
2021-09-08 23:05:24.544 [restartedMain] DEBUG org.springframework.boot.SpringApplication - Loading source class com.gdutelc.snp.SnpApplication
2021-09-08 23:05:24.547 [restartedMain] DEBUG o.s.b.w.s.c.AnnotationConfigServletWebServerApplicationContext - Refreshing org.springframework.boot.web.servlet.context.AnnotationConfigServletWebServerApplicationContext@34292977
2021-09-08 23:05:24.785 [restartedMain] DEBUG o.s.boot.autoconfigure.AutoConfigurationPackages - @EnableAutoConfiguration was declared on a class in the package 'com.gdutelc.snp'. Automatic @Repository and @Entity scanning is enabled.
2021-09-08 23:05:24.900 [restartedMain] DEBUG o.s.b.w.e.tomcat.TomcatServletWebServerFactory - Code archive: C:\Users\10501\.m2\repository\org\springframework\boot\spring-boot\2.5.2\spring-boot-2.5.2.jar
2021-09-08 23:05:24.901 [restartedMain] DEBUG o.s.b.w.e.tomcat.TomcatServletWebServerFactory - Code archive: C:\Users\10501\.m2\repository\org\springframework\boot\spring-boot\2.5.2\spring-boot-2.5.2.jar
2021-09-08 23:05:24.901 [restartedMain] DEBUG o.s.b.w.e.tomcat.TomcatServletWebServerFactory - None of the document roots [src/main/webapp, public, static] point to a directory and will be ignored.
2021-09-08 23:05:24.951 [restartedMain] DEBUG o.s.b.w.s.c.ServletWebServerApplicationContext - Published root WebApplicationContext as ServletContext attribute with name [org.springframework.web.context.WebApplicationContext.ROOT]
2021-09-08 23:05:24.959 [restartedMain] DEBUG o.s.b.web.servlet.ServletContextInitializerBeans - Mapping filters: characterEncodingFilter urls=[/*] order=-2147483648, formContentFilter urls=[/*] order=-9900, requestContextFilter urls=[/*] order=-105
2021-09-08 23:05:24.959 [restartedMain] DEBUG o.s.b.web.servlet.ServletContextInitializerBeans - Mapping servlets: dispatcherServlet urls=[/]
2021-09-08 23:05:24.959 [restartedMain] DEBUG o.s.b.w.servlet.filter.OrderedRequestContextFilter - Filter 'requestContextFilter' configured for use
2021-09-08 23:05:24.960 [restartedMain] DEBUG o.s.b.w.s.filter.OrderedCharacterEncodingFilter - Filter 'characterEncodingFilter' configured for use
2021-09-08 23:05:24.960 [restartedMain] DEBUG o.s.b.web.servlet.filter.OrderedFormContentFilter - Filter 'formContentFilter' configured for use
2021-09-08 23:05:25.082 [restartedMain] DEBUG o.s.w.s.m.m.a.RequestMappingHandlerAdapter - ControllerAdvice beans: 0 @ModelAttribute, 0 @InitBinder, 1 RequestBodyAdvice, 1 ResponseBodyAdvice
2021-09-08 23:05:25.089 [restartedMain] DEBUG o.s.w.s.m.m.a.RequestMappingHandlerMapping - 19 mappings in 'requestMappingHandlerMapping'
2021-09-08 23:05:25.102 [restartedMain] DEBUG o.s.web.servlet.handler.SimpleUrlHandlerMapping - Patterns [/webjars/**, /**] in 'resourceHandlerMapping'
2021-09-08 23:05:25.106 [restartedMain] DEBUG o.s.w.s.m.m.a.ExceptionHandlerExceptionResolver - ControllerAdvice beans: 1 @ExceptionHandler, 1 ResponseBodyAdvice
2021-09-08 23:05:25.163 [restartedMain] DEBUG o.s.boot.availability.ApplicationAvailabilityBean - Application availability state LivenessState changed to CORRECT
2021-09-08 23:05:25.164 [restartedMain] DEBUG o.s.boot.availability.ApplicationAvailabilityBean - Application availability state ReadinessState changed to ACCEPTING_TRAFFIC
2021-09-08 23:05:35.602 [http-nio-10080-exec-1] DEBUG org.springframework.web.servlet.DispatcherServlet - Detected StandardServletMultipartResolver
2021-09-08 23:05:35.603 [http-nio-10080-exec-1] DEBUG org.springframework.web.servlet.DispatcherServlet - Detected AcceptHeaderLocaleResolver
2021-09-08 23:05:35.603 [http-nio-10080-exec-1] DEBUG org.springframework.web.servlet.DispatcherServlet - Detected FixedThemeResolver
2021-09-08 23:05:35.603 [http-nio-10080-exec-1] DEBUG org.springframework.web.servlet.DispatcherServlet - Detected org.springframework.web.servlet.view.DefaultRequestToViewNameTranslator@7d057d6d
2021-09-08 23:05:35.603 [http-nio-10080-exec-1] DEBUG org.springframework.web.servlet.DispatcherServlet - Detected org.springframework.web.servlet.support.SessionFlashMapManager@73c28cbd
2021-09-08 23:05:35.603 [http-nio-10080-exec-1] DEBUG org.springframework.web.servlet.DispatcherServlet - enableLoggingRequestDetails='false': request parameters and headers will be masked to prevent unsafe logging of potentially sensitive data
2021-09-08 23:05:35.604 [http-nio-10080-exec-1] DEBUG org.springframework.web.servlet.DispatcherServlet - POST "/user/appsign", parameters={masked}
2021-09-08 23:05:35.604 [http-nio-10080-exec-1] DEBUG o.s.w.s.m.m.a.RequestMappingHandlerMapping - Mapped to com.gdutelc.snp.controller.UserApiController#appSign(String, String, Integer, Integer, String, String, String, Integer, Integer, Boolean, String, String, String, String, String, String)
2021-09-08 23:05:37.875 [http-nio-10080-exec-1] DEBUG com.gdutelc.snp.dao.IUserDao.getOpenidByUid - ==>  Preparing: SELECT openid FROM db_sign_up.t_user WHERE uid = ? LIMIT 1
2021-09-08 23:05:37.876 [http-nio-10080-exec-1] DEBUG com.gdutelc.snp.dao.IUserDao.getOpenidByUid - ==> Parameters: 1(Integer)
2021-09-08 23:05:38.051 [http-nio-10080-exec-1] DEBUG com.gdutelc.snp.dao.IUserDao.getOpenidByUid - <==      Total: 1
2021-09-08 23:05:38.074 [http-nio-10080-exec-1] DEBUG com.gdutelc.snp.dao.IUserDao.getUserByUid - ==>  Preparing: SELECT uid, openid, phone, enroll, `check`, `result`, que FROM db_sign_up.t_user WHERE uid = ? LIMIT 1
2021-09-08 23:05:38.074 [http-nio-10080-exec-1] DEBUG com.gdutelc.snp.dao.IUserDao.getUserByUid - ==> Parameters: 1(Integer)
2021-09-08 23:05:38.251 [http-nio-10080-exec-1] DEBUG com.gdutelc.snp.dao.IUserDao.getUserByUid - <==      Total: 1
2021-09-08 23:05:38.252 [http-nio-10080-exec-1] DEBUG com.gdutelc.snp.dao.IUserDao.getPhoneByUid - ==>  Preparing: SELECT phone FROM db_sign_up.t_user WHERE uid = ? LIMIT 1
2021-09-08 23:05:38.252 [http-nio-10080-exec-1] DEBUG com.gdutelc.snp.dao.IUserDao.getPhoneByUid - ==> Parameters: 1(Integer)
2021-09-08 23:05:38.425 [http-nio-10080-exec-1] DEBUG com.gdutelc.snp.dao.IUserDao.getPhoneByUid - <==      Total: 1
2021-09-08 23:05:39.942 [http-nio-10080-exec-1] DEBUG o.s.w.s.m.m.a.ExceptionHandlerExceptionResolver - Using @ExceptionHandler com.gdutelc.snp.controller.GlobalExceptionController#userServiceException(UserServiceException)
2021-09-08 23:05:39.948 [http-nio-10080-exec-1] DEBUG org.springframework.web.servlet.DispatcherServlet - Using resolved error view: ModelAndView [view="user/appsign"; model={result=Result(code=-506, msg=获取小程序端报名信息失败, data=null)}]
2021-09-08 23:05:39.952 [http-nio-10080-exec-1] DEBUG o.s.w.servlet.view.ContentNegotiatingViewResolver - Selected '*/*' given [*/*]
2021-09-08 23:05:39.952 [http-nio-10080-exec-1] DEBUG o.s.web.servlet.view.InternalResourceView - View name 'user/appsign', model {result=Result(code=-506, msg=获取小程序端报名信息失败, data=null)}
2021-09-08 23:05:39.952 [http-nio-10080-exec-1] DEBUG o.s.web.servlet.view.InternalResourceView - Forwarding to [user/appsign]
2021-09-08 23:05:39.952 [http-nio-10080-exec-1] DEBUG org.springframework.web.servlet.DispatcherServlet - "FORWARD" dispatch for POST "/user/user/appsign", parameters={masked}
2021-09-08 23:05:39.953 [http-nio-10080-exec-1] DEBUG o.s.web.servlet.handler.SimpleUrlHandlerMapping - Mapped to ResourceHttpRequestHandler [Classpath [META-INF/resources/], Classpath [resources/], Classpath [static/], Classpath [public/], ServletContext [/]]
2021-09-08 23:05:39.954 [http-nio-10080-exec-1] DEBUG o.s.w.servlet.resource.ResourceHttpRequestHandler - Resource not found
2021-09-08 23:05:39.954 [http-nio-10080-exec-1] DEBUG org.springframework.web.servlet.DispatcherServlet - Exiting from "FORWARD" dispatch, status 404
2021-09-08 23:05:39.955 [http-nio-10080-exec-1] DEBUG org.springframework.web.servlet.DispatcherServlet - Completed 404 NOT_FOUND
2021-09-08 23:05:39.955 [http-nio-10080-exec-1] DEBUG org.springframework.web.servlet.DispatcherServlet - "ERROR" dispatch for POST "/error", parameters={masked}
2021-09-08 23:05:39.955 [http-nio-10080-exec-1] DEBUG o.s.w.s.m.m.a.RequestMappingHandlerMapping - Mapped to org.springframework.boot.autoconfigure.web.servlet.error.BasicErrorController#error(HttpServletRequest)
2021-09-08 23:05:39.957 [http-nio-10080-exec-1] DEBUG o.s.w.s.m.m.annotation.HttpEntityMethodProcessor - Using 'application/json', given [*/*] and supported [application/json, application/*+json, application/json, application/*+json]
2021-09-08 23:05:39.958 [http-nio-10080-exec-1] DEBUG o.s.w.s.m.m.annotation.HttpEntityMethodProcessor - Writing [{timestamp=Wed Sep 08 23:05:39 CST 2021, status=404, error=Not Found, trace=com.gdutelc.snp.exceptio (truncated)...]
2021-09-08 23:05:39.960 [http-nio-10080-exec-1] DEBUG org.springframework.web.servlet.DispatcherServlet - Exiting from "ERROR" dispatch, status 404
2021-09-08 23:05:41.911 [http-nio-10080-exec-2] DEBUG org.springframework.web.servlet.DispatcherServlet - POST "/user/appsign", parameters={masked}
2021-09-08 23:05:41.912 [http-nio-10080-exec-2] DEBUG o.s.w.s.m.m.a.RequestMappingHandlerMapping - Mapped to com.gdutelc.snp.controller.UserApiController#appSign(String, String, Integer, Integer, String, String, String, Integer, Integer, Boolean, String, String, String, String, String, String)
2021-09-08 23:05:42.498 [http-nio-10080-exec-2] DEBUG com.gdutelc.snp.dao.IUserDao.getOpenidByUid - ==>  Preparing: SELECT openid FROM db_sign_up.t_user WHERE uid = ? LIMIT 1
2021-09-08 23:05:42.498 [http-nio-10080-exec-2] DEBUG com.gdutelc.snp.dao.IUserDao.getOpenidByUid - ==> Parameters: 1(Integer)
2021-09-08 23:05:42.671 [http-nio-10080-exec-2] DEBUG com.gdutelc.snp.dao.IUserDao.getOpenidByUid - <==      Total: 1
2021-09-08 23:05:42.676 [http-nio-10080-exec-2] DEBUG com.gdutelc.snp.dao.IUserDao.getUserByUid - ==>  Preparing: SELECT uid, openid, phone, enroll, `check`, `result`, que FROM db_sign_up.t_user WHERE uid = ? LIMIT 1
2021-09-08 23:05:42.676 [http-nio-10080-exec-2] DEBUG com.gdutelc.snp.dao.IUserDao.getUserByUid - ==> Parameters: 1(Integer)
2021-09-08 23:05:42.848 [http-nio-10080-exec-2] DEBUG com.gdutelc.snp.dao.IUserDao.getUserByUid - <==      Total: 1
2021-09-08 23:05:42.849 [http-nio-10080-exec-2] DEBUG com.gdutelc.snp.dao.IUserDao.getPhoneByUid - ==>  Preparing: SELECT phone FROM db_sign_up.t_user WHERE uid = ? LIMIT 1
2021-09-08 23:05:42.850 [http-nio-10080-exec-2] DEBUG com.gdutelc.snp.dao.IUserDao.getPhoneByUid - ==> Parameters: 1(Integer)
2021-09-08 23:05:43.024 [http-nio-10080-exec-2] DEBUG com.gdutelc.snp.dao.IUserDao.getPhoneByUid - <==      Total: 1
2021-09-08 23:05:43.205 [http-nio-10080-exec-2] DEBUG o.s.w.s.m.m.a.ExceptionHandlerExceptionResolver - Using @ExceptionHandler com.gdutelc.snp.controller.GlobalExceptionController#userServiceException(UserServiceException)
2021-09-08 23:05:43.213 [http-nio-10080-exec-2] DEBUG org.springframework.web.servlet.DispatcherServlet - Using resolved error view: ModelAndView [view="user/appsign"; model={result=Result(code=-506, msg=获取小程序端报名信息失败, data=null)}]
2021-09-08 23:05:43.214 [http-nio-10080-exec-2] DEBUG o.s.w.servlet.view.ContentNegotiatingViewResolver - Selected '*/*' given [*/*]
2021-09-08 23:05:43.214 [http-nio-10080-exec-2] DEBUG o.s.web.servlet.view.InternalResourceView - View name 'user/appsign', model {result=Result(code=-506, msg=获取小程序端报名信息失败, data=null)}
2021-09-08 23:05:43.214 [http-nio-10080-exec-2] DEBUG o.s.web.servlet.view.InternalResourceView - Forwarding to [user/appsign]
2021-09-08 23:05:43.215 [http-nio-10080-exec-2] DEBUG org.springframework.web.servlet.DispatcherServlet - "FORWARD" dispatch for POST "/user/user/appsign", parameters={masked}
2021-09-08 23:05:43.216 [http-nio-10080-exec-2] DEBUG o.s.web.servlet.handler.SimpleUrlHandlerMapping - Mapped to ResourceHttpRequestHandler [Classpath [META-INF/resources/], Classpath [resources/], Classpath [static/], Classpath [public/], ServletContext [/]]
2021-09-08 23:05:43.218 [http-nio-10080-exec-2] DEBUG o.s.w.servlet.resource.ResourceHttpRequestHandler - Resource not found
2021-09-08 23:05:43.218 [http-nio-10080-exec-2] DEBUG org.springframework.web.servlet.DispatcherServlet - Exiting from "FORWARD" dispatch, status 404
2021-09-08 23:05:43.218 [http-nio-10080-exec-2] DEBUG org.springframework.web.servlet.DispatcherServlet - Completed 404 NOT_FOUND
2021-09-08 23:05:43.219 [http-nio-10080-exec-2] DEBUG org.springframework.web.servlet.DispatcherServlet - "ERROR" dispatch for POST "/error", parameters={masked}
2021-09-08 23:05:43.219 [http-nio-10080-exec-2] DEBUG o.s.w.s.m.m.a.RequestMappingHandlerMapping - Mapped to org.springframework.boot.autoconfigure.web.servlet.error.BasicErrorController#error(HttpServletRequest)
2021-09-08 23:05:43.222 [http-nio-10080-exec-2] DEBUG o.s.w.s.m.m.annotation.HttpEntityMethodProcessor - Using 'application/json', given [*/*] and supported [application/json, application/*+json, application/json, application/*+json]
2021-09-08 23:05:43.223 [http-nio-10080-exec-2] DEBUG o.s.w.s.m.m.annotation.HttpEntityMethodProcessor - Writing [{timestamp=Wed Sep 08 23:05:43 CST 2021, status=404, error=Not Found, trace=com.gdutelc.snp.exceptio (truncated)...]
2021-09-08 23:05:43.227 [http-nio-10080-exec-2] DEBUG org.springframework.web.servlet.DispatcherServlet - Exiting from "ERROR" dispatch, status 404
2021-09-08 23:06:53.998 [restartedMain] DEBUG com.gdutelc.snp.SnpApplication - Running with Spring Boot v2.5.2, Spring v5.3.8
2021-09-08 23:06:53.999 [restartedMain] DEBUG org.springframework.boot.SpringApplication - Loading source class com.gdutelc.snp.SnpApplication
2021-09-08 23:06:54.059 [restartedMain] DEBUG o.s.boot.devtools.restart.ChangeableUrls - Matching URLs for reloading : [file:/D:/java%20project/SNP-backend/target/classes/]
2021-09-08 23:06:54.059 [restartedMain] DEBUG o.s.boot.devtools.settings.DevToolsSettings - Included patterns for restart : []
2021-09-08 23:06:54.059 [restartedMain] DEBUG o.s.boot.devtools.settings.DevToolsSettings - Excluded patterns for restart : [/spring-boot-starter-[\w-]+/, /spring-boot/(bin|build|out)/, /spring-boot-starter/(bin|build|out)/, /spring-boot-devtools/(bin|build|out)/, /spring-boot-actuator/(bin|build|out)/, /spring-boot-autoconfigure/(bin|build|out)/]
2021-09-08 23:06:54.060 [restartedMain] DEBUG o.s.b.w.s.c.AnnotationConfigServletWebServerApplicationContext - Refreshing org.springframework.boot.web.servlet.context.AnnotationConfigServletWebServerApplicationContext@7dd678ea
2021-09-08 23:06:54.628 [restartedMain] DEBUG o.s.boot.autoconfigure.AutoConfigurationPackages - @EnableAutoConfiguration was declared on a class in the package 'com.gdutelc.snp'. Automatic @Repository and @Entity scanning is enabled.
2021-09-08 23:06:55.425 [restartedMain] DEBUG o.s.b.w.e.tomcat.TomcatServletWebServerFactory - Code archive: C:\Users\10501\.m2\repository\org\springframework\boot\spring-boot\2.5.2\spring-boot-2.5.2.jar
2021-09-08 23:06:55.425 [restartedMain] DEBUG o.s.b.w.e.tomcat.TomcatServletWebServerFactory - Code archive: C:\Users\10501\.m2\repository\org\springframework\boot\spring-boot\2.5.2\spring-boot-2.5.2.jar
2021-09-08 23:06:55.426 [restartedMain] DEBUG o.s.b.w.e.tomcat.TomcatServletWebServerFactory - None of the document roots [src/main/webapp, public, static] point to a directory and will be ignored.
2021-09-08 23:06:55.570 [restartedMain] DEBUG o.s.b.w.s.c.ServletWebServerApplicationContext - Published root WebApplicationContext as ServletContext attribute with name [org.springframework.web.context.WebApplicationContext.ROOT]
2021-09-08 23:06:55.586 [restartedMain] DEBUG o.s.b.web.servlet.ServletContextInitializerBeans - Mapping filters: characterEncodingFilter urls=[/*] order=-2147483648, formContentFilter urls=[/*] order=-9900, requestContextFilter urls=[/*] order=-105
2021-09-08 23:06:55.587 [restartedMain] DEBUG o.s.b.web.servlet.ServletContextInitializerBeans - Mapping servlets: dispatcherServlet urls=[/]
2021-09-08 23:06:55.606 [restartedMain] DEBUG o.s.b.w.servlet.filter.OrderedRequestContextFilter - Filter 'requestContextFilter' configured for use
2021-09-08 23:06:55.607 [restartedMain] DEBUG o.s.b.w.s.filter.OrderedCharacterEncodingFilter - Filter 'characterEncodingFilter' configured for use
2021-09-08 23:06:55.607 [restartedMain] DEBUG o.s.b.web.servlet.filter.OrderedFormContentFilter - Filter 'formContentFilter' configured for use
2021-09-08 23:06:56.426 [restartedMain] DEBUG o.s.w.s.m.m.a.RequestMappingHandlerAdapter - ControllerAdvice beans: 0 @ModelAttribute, 0 @InitBinder, 1 RequestBodyAdvice, 1 ResponseBodyAdvice
2021-09-08 23:06:56.477 [restartedMain] DEBUG o.s.w.s.m.m.a.RequestMappingHandlerMapping - 19 mappings in 'requestMappingHandlerMapping'
2021-09-08 23:06:56.504 [restartedMain] DEBUG o.s.web.servlet.handler.SimpleUrlHandlerMapping - Patterns [/webjars/**, /**] in 'resourceHandlerMapping'
2021-09-08 23:06:56.512 [restartedMain] DEBUG o.s.w.s.m.m.a.ExceptionHandlerExceptionResolver - ControllerAdvice beans: 1 @ExceptionHandler, 1 ResponseBodyAdvice
2021-09-08 23:06:56.672 [restartedMain] DEBUG o.s.boot.devtools.livereload.LiveReloadServer - Starting live reload server on port 35729
2021-09-08 23:06:56.713 [restartedMain] DEBUG o.s.boot.availability.ApplicationAvailabilityBean - Application availability state LivenessState changed to CORRECT
2021-09-08 23:06:56.714 [restartedMain] DEBUG o.springframework.boot.devtools.restart.Restarter - Creating new Restarter for thread Thread[main,5,main]
2021-09-08 23:06:56.714 [restartedMain] DEBUG o.springframework.boot.devtools.restart.Restarter - Immediately restarting application
2021-09-08 23:06:56.714 [restartedMain] DEBUG o.springframework.boot.devtools.restart.Restarter - Created RestartClassLoader org.springframework.boot.devtools.restart.classloader.RestartClassLoader@11d24b36
2021-09-08 23:06:56.714 [restartedMain] DEBUG o.springframework.boot.devtools.restart.Restarter - Starting application com.gdutelc.snp.SnpApplication with URLs [file:/D:/java%20project/SNP-backend/target/classes/]
2021-09-08 23:06:56.714 [restartedMain] DEBUG o.s.boot.availability.ApplicationAvailabilityBean - Application availability state ReadinessState changed to ACCEPTING_TRAFFIC
2021-09-08 23:07:00.012 [http-nio-10080-exec-1] DEBUG org.springframework.web.servlet.DispatcherServlet - Detected StandardServletMultipartResolver
2021-09-08 23:07:00.012 [http-nio-10080-exec-1] DEBUG org.springframework.web.servlet.DispatcherServlet - Detected AcceptHeaderLocaleResolver
2021-09-08 23:07:00.012 [http-nio-10080-exec-1] DEBUG org.springframework.web.servlet.DispatcherServlet - Detected FixedThemeResolver
2021-09-08 23:07:00.013 [http-nio-10080-exec-1] DEBUG org.springframework.web.servlet.DispatcherServlet - Detected org.springframework.web.servlet.view.DefaultRequestToViewNameTranslator@1dc5eeae
2021-09-08 23:07:00.013 [http-nio-10080-exec-1] DEBUG org.springframework.web.servlet.DispatcherServlet - Detected org.springframework.web.servlet.support.SessionFlashMapManager@38f0ba1e
2021-09-08 23:07:00.013 [http-nio-10080-exec-1] DEBUG org.springframework.web.servlet.DispatcherServlet - enableLoggingRequestDetails='false': request parameters and headers will be masked to prevent unsafe logging of potentially sensitive data
2021-09-08 23:07:00.020 [http-nio-10080-exec-1] DEBUG org.springframework.web.servlet.DispatcherServlet - POST "/user/appsign", parameters={masked}
2021-09-08 23:07:00.023 [http-nio-10080-exec-1] DEBUG o.s.w.s.m.m.a.RequestMappingHandlerMapping - Mapped to com.gdutelc.snp.controller.UserApiController#appSign(String, String, Integer, Integer, String, String, String, Integer, Integer, Boolean, String, String, String, String, String, String)
2021-09-08 23:07:03.649 [http-nio-10080-exec-1] DEBUG com.gdutelc.snp.dao.IUserDao.getOpenidByUid - ==>  Preparing: SELECT openid FROM db_sign_up.t_user WHERE uid = ? LIMIT 1
2021-09-08 23:07:03.669 [http-nio-10080-exec-1] DEBUG com.gdutelc.snp.dao.IUserDao.getOpenidByUid - ==> Parameters: 1(Integer)
2021-09-08 23:07:03.864 [http-nio-10080-exec-1] DEBUG com.gdutelc.snp.dao.IUserDao.getOpenidByUid - <==      Total: 1
2021-09-08 23:07:03.905 [http-nio-10080-exec-1] DEBUG com.gdutelc.snp.dao.IUserDao.getUserByUid - ==>  Preparing: SELECT uid, openid, phone, enroll, `check`, `result`, que FROM db_sign_up.t_user WHERE uid = ? LIMIT 1
2021-09-08 23:07:03.905 [http-nio-10080-exec-1] DEBUG com.gdutelc.snp.dao.IUserDao.getUserByUid - ==> Parameters: 1(Integer)
2021-09-08 23:07:04.093 [http-nio-10080-exec-1] DEBUG com.gdutelc.snp.dao.IUserDao.getUserByUid - <==      Total: 1
2021-09-08 23:07:04.095 [http-nio-10080-exec-1] DEBUG com.gdutelc.snp.dao.IUserDao.getPhoneByUid - ==>  Preparing: SELECT phone FROM db_sign_up.t_user WHERE uid = ? LIMIT 1
2021-09-08 23:07:04.096 [http-nio-10080-exec-1] DEBUG com.gdutelc.snp.dao.IUserDao.getPhoneByUid - ==> Parameters: 1(Integer)
2021-09-08 23:07:04.277 [http-nio-10080-exec-1] DEBUG com.gdutelc.snp.dao.IUserDao.getPhoneByUid - <==      Total: 1
2021-09-08 23:07:05.805 [http-nio-10080-exec-1] DEBUG o.s.w.s.m.m.a.ExceptionHandlerExceptionResolver - Using @ExceptionHandler com.gdutelc.snp.controller.GlobalExceptionController#userServiceException(UserServiceException)
2021-09-08 23:07:05.828 [http-nio-10080-exec-1] DEBUG org.springframework.web.servlet.DispatcherServlet - Using resolved error view: ModelAndView [view="user/appsign"; model={result=Result(code=-506, msg=获取小程序端报名信息失败, data=null)}]
2021-09-08 23:07:05.836 [http-nio-10080-exec-1] DEBUG o.s.w.servlet.view.ContentNegotiatingViewResolver - Selected '*/*' given [*/*]
2021-09-08 23:07:05.836 [http-nio-10080-exec-1] DEBUG o.s.web.servlet.view.InternalResourceView - View name 'user/appsign', model {result=Result(code=-506, msg=获取小程序端报名信息失败, data=null)}
2021-09-08 23:07:05.838 [http-nio-10080-exec-1] DEBUG o.s.web.servlet.view.InternalResourceView - Forwarding to [user/appsign]
2021-09-08 23:07:05.841 [http-nio-10080-exec-1] DEBUG org.springframework.web.servlet.DispatcherServlet - "FORWARD" dispatch for POST "/user/user/appsign", parameters={masked}
2021-09-08 23:07:05.844 [http-nio-10080-exec-1] DEBUG o.s.web.servlet.handler.SimpleUrlHandlerMapping - Mapped to ResourceHttpRequestHandler [Classpath [META-INF/resources/], Classpath [resources/], Classpath [static/], Classpath [public/], ServletContext [/]]
2021-09-08 23:07:05.846 [http-nio-10080-exec-1] DEBUG o.s.w.servlet.resource.ResourceHttpRequestHandler - Resource not found
2021-09-08 23:07:05.846 [http-nio-10080-exec-1] DEBUG org.springframework.web.servlet.DispatcherServlet - Exiting from "FORWARD" dispatch, status 404
2021-09-08 23:07:05.848 [http-nio-10080-exec-1] DEBUG org.springframework.web.servlet.DispatcherServlet - Completed 404 NOT_FOUND
2021-09-08 23:07:05.848 [http-nio-10080-exec-1] DEBUG org.springframework.web.servlet.DispatcherServlet - "ERROR" dispatch for POST "/error", parameters={masked}
2021-09-08 23:07:05.849 [http-nio-10080-exec-1] DEBUG o.s.w.s.m.m.a.RequestMappingHandlerMapping - Mapped to org.springframework.boot.autoconfigure.web.servlet.error.BasicErrorController#error(HttpServletRequest)
2021-09-08 23:07:05.860 [http-nio-10080-exec-1] DEBUG o.s.w.s.m.m.annotation.HttpEntityMethodProcessor - Using 'application/json', given [*/*] and supported [application/json, application/*+json, application/json, application/*+json]
2021-09-08 23:07:05.861 [http-nio-10080-exec-1] DEBUG o.s.w.s.m.m.annotation.HttpEntityMethodProcessor - Writing [{timestamp=Wed Sep 08 23:07:05 CST 2021, status=404, error=Not Found, trace=com.gdutelc.snp.exceptio (truncated)...]
2021-09-08 23:07:05.881 [http-nio-10080-exec-1] DEBUG org.springframework.web.servlet.DispatcherServlet - Exiting from "ERROR" dispatch, status 404
