2021-09-01 20:19:04.669 [kafka-producer-network-thread | producer-1] ERROR o.s.kafka.support.LoggingProducerListener - Exception thrown when sending a message with key='null' and payload='17727329450' to topic phone:
org.apache.kafka.common.KafkaException: Producer is closed forcefully.
	at org.apache.kafka.clients.producer.internals.RecordAccumulator.abortBatches(RecordAccumulator.java:750)
	at org.apache.kafka.clients.producer.internals.RecordAccumulator.abortIncompleteBatches(RecordAccumulator.java:737)
	at org.apache.kafka.clients.producer.internals.Sender.run(Sender.java:280)
	at java.base/java.lang.Thread.run(Thread.java:834)
2021-09-01 20:33:35.333 [kafka-producer-network-thread | producer-1] ERROR o.s.kafka.support.LoggingProducerListener - Exception thrown when sending a message with key='null' and payload='17727329450' to topic phone:
org.apache.kafka.common.KafkaException: Producer is closed forcefully.
	at org.apache.kafka.clients.producer.internals.RecordAccumulator.abortBatches(RecordAccumulator.java:750)
	at org.apache.kafka.clients.producer.internals.RecordAccumulator.abortIncompleteBatches(RecordAccumulator.java:737)
	at org.apache.kafka.clients.producer.internals.Sender.run(Sender.java:280)
	at java.base/java.lang.Thread.run(Thread.java:834)
2021-09-01 20:34:09.082 [kafka-producer-network-thread | producer-2] ERROR o.s.kafka.support.LoggingProducerListener - Exception thrown when sending a message with key='null' and payload='17727329450' to topic phone:
org.apache.kafka.common.KafkaException: Producer is closed forcefully.
	at org.apache.kafka.clients.producer.internals.RecordAccumulator.abortBatches(RecordAccumulator.java:750)
	at org.apache.kafka.clients.producer.internals.RecordAccumulator.abortIncompleteBatches(RecordAccumulator.java:737)
	at org.apache.kafka.clients.producer.internals.Sender.run(Sender.java:280)
	at java.base/java.lang.Thread.run(Thread.java:834)
2021-09-01 23:22:43.835 [restartedMain] ERROR o.s.b.diagnostics.LoggingFailureAnalysisReporter - 

***************************
APPLICATION FAILED TO START
***************************

Description:

Web server failed to start. Port 10080 was already in use.

Action:

Identify and stop the process that's listening on port 10080 or configure this application to listen on another port.

2021-09-01 23:27:51.292 [http-nio-10080-exec-2] ERROR o.a.c.c.C.[.[localhost].[/].[dispatcherServlet] - Servlet.service() for servlet [dispatcherServlet] in context with path [] threw exception [Request processing failed; nested exception is java.lang.NumberFormatException: null] with root cause
java.lang.NumberFormatException: null
	at java.base/java.lang.Integer.parseInt(Integer.java:614)
	at java.base/java.lang.Integer.parseInt(Integer.java:770)
	at com.gdutelc.snp.interceptor.UserJwtInterceptor.preHandle(UserJwtInterceptor.java:48)
	at org.springframework.web.servlet.HandlerExecutionChain.applyPreHandle(HandlerExecutionChain.java:148)
	at org.springframework.web.servlet.DispatcherServlet.doDispatch(DispatcherServlet.java:1058)
	at org.springframework.web.servlet.DispatcherServlet.doService(DispatcherServlet.java:963)
	at org.springframework.web.servlet.FrameworkServlet.processRequest(FrameworkServlet.java:1006)
	at org.springframework.web.servlet.FrameworkServlet.doPost(FrameworkServlet.java:909)
	at javax.servlet.http.HttpServlet.service(HttpServlet.java:681)
	at org.springframework.web.servlet.FrameworkServlet.service(FrameworkServlet.java:883)
	at javax.servlet.http.HttpServlet.service(HttpServlet.java:764)
	at org.apache.catalina.core.ApplicationFilterChain.internalDoFilter(ApplicationFilterChain.java:228)
	at org.apache.catalina.core.ApplicationFilterChain.doFilter(ApplicationFilterChain.java:163)
	at org.apache.tomcat.websocket.server.WsFilter.doFilter(WsFilter.java:53)
	at org.apache.catalina.core.ApplicationFilterChain.internalDoFilter(ApplicationFilterChain.java:190)
	at org.apache.catalina.core.ApplicationFilterChain.doFilter(ApplicationFilterChain.java:163)
	at org.springframework.web.filter.RequestContextFilter.doFilterInternal(RequestContextFilter.java:100)
	at org.springframework.web.filter.OncePerRequestFilter.doFilter(OncePerRequestFilter.java:119)
	at org.apache.catalina.core.ApplicationFilterChain.internalDoFilter(ApplicationFilterChain.java:190)
	at org.apache.catalina.core.ApplicationFilterChain.doFilter(ApplicationFilterChain.java:163)
	at org.springframework.web.filter.FormContentFilter.doFilterInternal(FormContentFilter.java:93)
	at org.springframework.web.filter.OncePerRequestFilter.doFilter(OncePerRequestFilter.java:119)
	at org.apache.catalina.core.ApplicationFilterChain.internalDoFilter(ApplicationFilterChain.java:190)
	at org.apache.catalina.core.ApplicationFilterChain.doFilter(ApplicationFilterChain.java:163)
	at org.springframework.web.filter.CharacterEncodingFilter.doFilterInternal(CharacterEncodingFilter.java:201)
	at org.springframework.web.filter.OncePerRequestFilter.doFilter(OncePerRequestFilter.java:119)
	at org.apache.catalina.core.ApplicationFilterChain.internalDoFilter(ApplicationFilterChain.java:190)
	at org.apache.catalina.core.ApplicationFilterChain.doFilter(ApplicationFilterChain.java:163)
	at org.apache.catalina.core.StandardWrapperValve.invoke(StandardWrapperValve.java:202)
	at org.apache.catalina.core.StandardContextValve.invoke(StandardContextValve.java:97)
	at org.apache.catalina.authenticator.AuthenticatorBase.invoke(AuthenticatorBase.java:542)
	at org.apache.catalina.core.StandardHostValve.invoke(StandardHostValve.java:143)
	at org.apache.catalina.valves.ErrorReportValve.invoke(ErrorReportValve.java:92)
	at org.apache.catalina.core.StandardEngineValve.invoke(StandardEngineValve.java:78)
	at org.apache.catalina.connector.CoyoteAdapter.service(CoyoteAdapter.java:357)
	at org.apache.coyote.http11.Http11Processor.service(Http11Processor.java:382)
	at org.apache.coyote.AbstractProcessorLight.process(AbstractProcessorLight.java:65)
	at org.apache.coyote.AbstractProtocol$ConnectionHandler.process(AbstractProtocol.java:893)
	at org.apache.tomcat.util.net.NioEndpoint$SocketProcessor.doRun(NioEndpoint.java:1723)
	at org.apache.tomcat.util.net.SocketProcessorBase.run(SocketProcessorBase.java:49)
	at java.base/java.util.concurrent.ThreadPoolExecutor.runWorker(ThreadPoolExecutor.java:1128)
	at java.base/java.util.concurrent.ThreadPoolExecutor$Worker.run(ThreadPoolExecutor.java:628)
	at org.apache.tomcat.util.threads.TaskThread$WrappingRunnable.run(TaskThread.java:61)
	at java.base/java.lang.Thread.run(Thread.java:834)
2021-09-01 23:29:24.205 [kafka-producer-network-thread | producer-1] ERROR o.s.kafka.support.LoggingProducerListener - Exception thrown when sending a message with key='null' and payload='17727329450' to topic phone:
org.apache.kafka.common.KafkaException: Producer is closed forcefully.
	at org.apache.kafka.clients.producer.internals.RecordAccumulator.abortBatches(RecordAccumulator.java:750)
	at org.apache.kafka.clients.producer.internals.RecordAccumulator.abortIncompleteBatches(RecordAccumulator.java:737)
	at org.apache.kafka.clients.producer.internals.Sender.run(Sender.java:280)
	at java.base/java.lang.Thread.run(Thread.java:834)
2021-09-01 23:32:30.362 [kafka-producer-network-thread | producer-1] ERROR o.s.kafka.support.LoggingProducerListener - Exception thrown when sending a message with key='null' and payload='17727329450' to topic phone:
org.apache.kafka.common.KafkaException: Producer is closed forcefully.
	at org.apache.kafka.clients.producer.internals.RecordAccumulator.abortBatches(RecordAccumulator.java:750)
	at org.apache.kafka.clients.producer.internals.RecordAccumulator.abortIncompleteBatches(RecordAccumulator.java:737)
	at org.apache.kafka.clients.producer.internals.Sender.run(Sender.java:280)
	at java.base/java.lang.Thread.run(Thread.java:834)
2021-09-01 23:34:56.287 [kafka-producer-network-thread | producer-2] ERROR o.s.kafka.support.LoggingProducerListener - Exception thrown when sending a message with key='null' and payload='17727329450' to topic phone:
org.apache.kafka.common.errors.TimeoutException: Expiring 1 record(s) for phone-0:120006 ms has passed since batch creation
2021-09-01 23:52:29.086 [kafka-producer-network-thread | producer-3] ERROR o.s.kafka.support.LoggingProducerListener - Exception thrown when sending a message with key='null' and payload='17727329450' to topic phone:
org.apache.kafka.common.KafkaException: Producer is closed forcefully.
	at org.apache.kafka.clients.producer.internals.RecordAccumulator.abortBatches(RecordAccumulator.java:750)
	at org.apache.kafka.clients.producer.internals.RecordAccumulator.abortIncompleteBatches(RecordAccumulator.java:737)
	at org.apache.kafka.clients.producer.internals.Sender.run(Sender.java:280)
	at java.base/java.lang.Thread.run(Thread.java:834)
