2021-09-09 23:29:46.234 [main] INFO  com.gdutelc.snp.JwtTests - Starting JwtTests using Java 11.0.6 on LAPTOP-E3MO6SU7 with PID 15192 (started by 10501 in D:\java project\SNP-backend)
2021-09-09 23:29:46.241 [main] INFO  com.gdutelc.snp.JwtTests - No active profile set, falling back to default profiles: default
2021-09-09 23:29:47.090 [main] INFO  o.s.d.r.config.RepositoryConfigurationDelegate - Multiple Spring Data modules found, entering strict repository configuration mode!
2021-09-09 23:29:47.095 [main] INFO  o.s.d.r.config.RepositoryConfigurationDelegate - Bootstrapping Spring Data Redis repositories in DEFAULT mode.
2021-09-09 23:29:47.143 [main] INFO  o.s.d.r.config.RepositoryConfigurationDelegate - Finished Spring Data repository scanning in 21 ms. Found 0 Redis repository interfaces.
2021-09-09 23:29:49.952 [main] INFO  com.gdutelc.snp.JwtTests - Started JwtTests in 4.212 seconds (JVM running for 5.943)
2021-09-09 23:30:48.603 [restartedMain] INFO  com.gdutelc.snp.SnpApplication - Starting SnpApplication using Java 11.0.6 on LAPTOP-E3MO6SU7 with PID 3944 (D:\java project\SNP-backend\target\classes started by 10501 in D:\java project\SNP-backend)
2021-09-09 23:30:48.609 [restartedMain] INFO  com.gdutelc.snp.SnpApplication - No active profile set, falling back to default profiles: default
2021-09-09 23:30:48.668 [restartedMain] INFO  o.s.b.d.env.DevToolsPropertyDefaultsPostProcessor - Devtools property defaults active! Set 'spring.devtools.add-properties' to 'false' to disable
2021-09-09 23:30:48.668 [restartedMain] INFO  o.s.b.d.env.DevToolsPropertyDefaultsPostProcessor - For additional web related logging consider setting the 'logging.level.web' property to 'DEBUG'
2021-09-09 23:30:49.260 [restartedMain] INFO  o.s.d.r.config.RepositoryConfigurationDelegate - Multiple Spring Data modules found, entering strict repository configuration mode!
2021-09-09 23:30:49.261 [restartedMain] INFO  o.s.d.r.config.RepositoryConfigurationDelegate - Bootstrapping Spring Data Redis repositories in DEFAULT mode.
2021-09-09 23:30:49.278 [restartedMain] INFO  o.s.d.r.config.RepositoryConfigurationDelegate - Finished Spring Data repository scanning in 9 ms. Found 0 Redis repository interfaces.
2021-09-09 23:30:50.182 [restartedMain] INFO  o.s.boot.web.embedded.tomcat.TomcatWebServer - Tomcat initialized with port(s): 10080 (http)
2021-09-09 23:30:50.190 [restartedMain] INFO  org.apache.coyote.http11.Http11NioProtocol - Initializing ProtocolHandler ["http-nio-10080"]
2021-09-09 23:30:50.191 [restartedMain] INFO  org.apache.catalina.core.StandardService - Starting service [Tomcat]
2021-09-09 23:30:50.191 [restartedMain] INFO  org.apache.catalina.core.StandardEngine - Starting Servlet engine: [Apache Tomcat/9.0.48]
2021-09-09 23:30:50.276 [restartedMain] INFO  o.a.c.core.ContainerBase.[Tomcat].[localhost].[/] - Initializing Spring embedded WebApplicationContext
2021-09-09 23:30:50.276 [restartedMain] INFO  o.s.b.w.s.c.ServletWebServerApplicationContext - Root WebApplicationContext: initialization completed in 1607 ms
2021-09-09 23:30:51.009 [restartedMain] INFO  o.s.b.d.autoconfigure.OptionalLiveReloadServer - LiveReload server is running on port 35729
2021-09-09 23:30:51.025 [restartedMain] INFO  org.apache.coyote.http11.Http11NioProtocol - Starting ProtocolHandler ["http-nio-10080"]
2021-09-09 23:30:51.037 [restartedMain] INFO  o.s.boot.web.embedded.tomcat.TomcatWebServer - Tomcat started on port(s): 10080 (http) with context path ''
2021-09-09 23:30:51.047 [restartedMain] INFO  com.gdutelc.snp.SnpApplication - Started SnpApplication in 2.919 seconds (JVM running for 3.515)
2021-09-09 23:31:00.842 [http-nio-10080-exec-1] INFO  o.a.c.core.ContainerBase.[Tomcat].[localhost].[/] - Initializing Spring DispatcherServlet 'dispatcherServlet'
2021-09-09 23:31:00.843 [http-nio-10080-exec-1] INFO  org.springframework.web.servlet.DispatcherServlet - Initializing Servlet 'dispatcherServlet'
2021-09-09 23:31:00.843 [http-nio-10080-exec-1] INFO  org.springframework.web.servlet.DispatcherServlet - Completed initialization in 0 ms
2021-09-09 23:31:00.888 [http-nio-10080-exec-1] INFO  com.zaxxer.hikari.HikariDataSource - DatebookHikariCP - Starting...
2021-09-09 23:31:03.674 [http-nio-10080-exec-1] INFO  com.zaxxer.hikari.HikariDataSource - DatebookHikariCP - Start completed.
2021-09-09 23:31:03.930 [http-nio-10080-exec-1] INFO  com.gdutelc.snp.aspect.LogAspect - >>>>>>>>>>Ip: 127.0.0.1访问了 http://localhost:10080/user/getform调用了getForm方法
2021-09-09 23:35:19.971 [Thread-5] INFO  com.zaxxer.hikari.HikariDataSource - DatebookHikariCP - Shutdown initiated...
2021-09-09 23:35:19.976 [Thread-5] INFO  com.zaxxer.hikari.HikariDataSource - DatebookHikariCP - Shutdown completed.
2021-09-09 23:35:20.100 [restartedMain] INFO  com.gdutelc.snp.SnpApplication - Starting SnpApplication using Java 11.0.6 on LAPTOP-E3MO6SU7 with PID 3944 (D:\java project\SNP-backend\target\classes started by 10501 in D:\java project\SNP-backend)
2021-09-09 23:35:20.101 [restartedMain] INFO  com.gdutelc.snp.SnpApplication - No active profile set, falling back to default profiles: default
2021-09-09 23:35:20.307 [restartedMain] INFO  o.s.d.r.config.RepositoryConfigurationDelegate - Multiple Spring Data modules found, entering strict repository configuration mode!
2021-09-09 23:35:20.308 [restartedMain] INFO  o.s.d.r.config.RepositoryConfigurationDelegate - Bootstrapping Spring Data Redis repositories in DEFAULT mode.
2021-09-09 23:35:20.314 [restartedMain] INFO  o.s.d.r.config.RepositoryConfigurationDelegate - Finished Spring Data repository scanning in 6 ms. Found 0 Redis repository interfaces.
2021-09-09 23:35:20.415 [restartedMain] INFO  o.s.boot.web.embedded.tomcat.TomcatWebServer - Tomcat initialized with port(s): 10080 (http)
2021-09-09 23:35:20.415 [restartedMain] INFO  org.apache.coyote.http11.Http11NioProtocol - Initializing ProtocolHandler ["http-nio-10080"]
2021-09-09 23:35:20.415 [restartedMain] INFO  org.apache.catalina.core.StandardService - Starting service [Tomcat]
2021-09-09 23:35:20.415 [restartedMain] INFO  org.apache.catalina.core.StandardEngine - Starting Servlet engine: [Apache Tomcat/9.0.48]
2021-09-09 23:35:20.447 [restartedMain] INFO  o.a.c.core.ContainerBase.[Tomcat].[localhost].[/] - Initializing Spring embedded WebApplicationContext
2021-09-09 23:35:20.447 [restartedMain] INFO  o.s.b.w.s.c.ServletWebServerApplicationContext - Root WebApplicationContext: initialization completed in 342 ms
2021-09-09 23:35:20.712 [restartedMain] INFO  o.s.b.d.autoconfigure.OptionalLiveReloadServer - LiveReload server is running on port 35729
2021-09-09 23:35:20.724 [restartedMain] INFO  org.apache.coyote.http11.Http11NioProtocol - Starting ProtocolHandler ["http-nio-10080"]
2021-09-09 23:35:20.725 [restartedMain] INFO  o.s.boot.web.embedded.tomcat.TomcatWebServer - Tomcat started on port(s): 10080 (http) with context path ''
2021-09-09 23:35:20.729 [restartedMain] INFO  com.gdutelc.snp.SnpApplication - Started SnpApplication in 0.702 seconds (JVM running for 273.198)
2021-09-09 23:35:20.730 [restartedMain] INFO  o.s.b.d.a.ConditionEvaluationDeltaLoggingListener - Condition evaluation unchanged
2021-09-09 23:35:22.562 [restartedMain] INFO  com.gdutelc.snp.SnpApplication - Starting SnpApplication using Java 11.0.6 on LAPTOP-E3MO6SU7 with PID 3944 (D:\java project\SNP-backend\target\classes started by 10501 in D:\java project\SNP-backend)
2021-09-09 23:35:22.563 [restartedMain] INFO  com.gdutelc.snp.SnpApplication - No active profile set, falling back to default profiles: default
2021-09-09 23:35:22.692 [restartedMain] INFO  o.s.d.r.config.RepositoryConfigurationDelegate - Multiple Spring Data modules found, entering strict repository configuration mode!
2021-09-09 23:35:22.692 [restartedMain] INFO  o.s.d.r.config.RepositoryConfigurationDelegate - Bootstrapping Spring Data Redis repositories in DEFAULT mode.
2021-09-09 23:35:22.697 [restartedMain] INFO  o.s.d.r.config.RepositoryConfigurationDelegate - Finished Spring Data repository scanning in 5 ms. Found 0 Redis repository interfaces.
2021-09-09 23:35:22.763 [restartedMain] INFO  o.s.boot.web.embedded.tomcat.TomcatWebServer - Tomcat initialized with port(s): 10080 (http)
2021-09-09 23:35:22.763 [restartedMain] INFO  org.apache.coyote.http11.Http11NioProtocol - Initializing ProtocolHandler ["http-nio-10080"]
2021-09-09 23:35:22.764 [restartedMain] INFO  org.apache.catalina.core.StandardService - Starting service [Tomcat]
2021-09-09 23:35:22.764 [restartedMain] INFO  org.apache.catalina.core.StandardEngine - Starting Servlet engine: [Apache Tomcat/9.0.48]
2021-09-09 23:35:22.792 [restartedMain] INFO  o.a.c.core.ContainerBase.[Tomcat].[localhost].[/] - Initializing Spring embedded WebApplicationContext
2021-09-09 23:35:22.792 [restartedMain] INFO  o.s.b.w.s.c.ServletWebServerApplicationContext - Root WebApplicationContext: initialization completed in 227 ms
2021-09-09 23:35:22.971 [restartedMain] INFO  o.s.b.d.autoconfigure.OptionalLiveReloadServer - LiveReload server is running on port 35729
2021-09-09 23:35:22.979 [restartedMain] INFO  org.apache.coyote.http11.Http11NioProtocol - Starting ProtocolHandler ["http-nio-10080"]
2021-09-09 23:35:22.981 [restartedMain] INFO  o.s.boot.web.embedded.tomcat.TomcatWebServer - Tomcat started on port(s): 10080 (http) with context path ''
2021-09-09 23:35:22.983 [restartedMain] INFO  com.gdutelc.snp.SnpApplication - Started SnpApplication in 0.452 seconds (JVM running for 275.452)
2021-09-09 23:35:22.984 [restartedMain] INFO  o.s.b.d.a.ConditionEvaluationDeltaLoggingListener - Condition evaluation unchanged
2021-09-09 23:35:55.261 [restartedMain] INFO  com.gdutelc.snp.SnpApplication - Starting SnpApplication using Java 11.0.6 on LAPTOP-E3MO6SU7 with PID 3944 (D:\java project\SNP-backend\target\classes started by 10501 in D:\java project\SNP-backend)
2021-09-09 23:35:55.261 [restartedMain] INFO  com.gdutelc.snp.SnpApplication - No active profile set, falling back to default profiles: default
2021-09-09 23:35:55.402 [restartedMain] INFO  o.s.d.r.config.RepositoryConfigurationDelegate - Multiple Spring Data modules found, entering strict repository configuration mode!
2021-09-09 23:35:55.402 [restartedMain] INFO  o.s.d.r.config.RepositoryConfigurationDelegate - Bootstrapping Spring Data Redis repositories in DEFAULT mode.
2021-09-09 23:35:55.410 [restartedMain] INFO  o.s.d.r.config.RepositoryConfigurationDelegate - Finished Spring Data repository scanning in 7 ms. Found 0 Redis repository interfaces.
2021-09-09 23:35:55.508 [restartedMain] INFO  o.s.boot.web.embedded.tomcat.TomcatWebServer - Tomcat initialized with port(s): 10080 (http)
2021-09-09 23:35:55.509 [restartedMain] INFO  org.apache.coyote.http11.Http11NioProtocol - Initializing ProtocolHandler ["http-nio-10080"]
2021-09-09 23:35:55.509 [restartedMain] INFO  org.apache.catalina.core.StandardService - Starting service [Tomcat]
2021-09-09 23:35:55.509 [restartedMain] INFO  org.apache.catalina.core.StandardEngine - Starting Servlet engine: [Apache Tomcat/9.0.48]
2021-09-09 23:35:55.548 [restartedMain] INFO  o.a.c.core.ContainerBase.[Tomcat].[localhost].[/] - Initializing Spring embedded WebApplicationContext
2021-09-09 23:35:55.548 [restartedMain] INFO  o.s.b.w.s.c.ServletWebServerApplicationContext - Root WebApplicationContext: initialization completed in 285 ms
2021-09-09 23:35:55.841 [restartedMain] INFO  o.s.b.d.autoconfigure.OptionalLiveReloadServer - LiveReload server is running on port 35729
2021-09-09 23:35:55.853 [restartedMain] INFO  org.apache.coyote.http11.Http11NioProtocol - Starting ProtocolHandler ["http-nio-10080"]
2021-09-09 23:35:55.856 [restartedMain] INFO  o.s.boot.web.embedded.tomcat.TomcatWebServer - Tomcat started on port(s): 10080 (http) with context path ''
2021-09-09 23:35:55.859 [restartedMain] INFO  com.gdutelc.snp.SnpApplication - Started SnpApplication in 0.639 seconds (JVM running for 308.328)
2021-09-09 23:35:55.861 [restartedMain] INFO  o.s.b.d.a.ConditionEvaluationDeltaLoggingListener - Condition evaluation unchanged
2021-09-09 23:37:39.817 [restartedMain] INFO  com.gdutelc.snp.SnpApplication - Starting SnpApplication using Java 11.0.6 on LAPTOP-E3MO6SU7 with PID 3944 (D:\java project\SNP-backend\target\classes started by 10501 in D:\java project\SNP-backend)
2021-09-09 23:37:39.817 [restartedMain] INFO  com.gdutelc.snp.SnpApplication - No active profile set, falling back to default profiles: default
2021-09-09 23:37:39.952 [restartedMain] INFO  o.s.d.r.config.RepositoryConfigurationDelegate - Multiple Spring Data modules found, entering strict repository configuration mode!
2021-09-09 23:37:39.952 [restartedMain] INFO  o.s.d.r.config.RepositoryConfigurationDelegate - Bootstrapping Spring Data Redis repositories in DEFAULT mode.
2021-09-09 23:37:39.957 [restartedMain] INFO  o.s.d.r.config.RepositoryConfigurationDelegate - Finished Spring Data repository scanning in 4 ms. Found 0 Redis repository interfaces.
2021-09-09 23:37:40.020 [restartedMain] INFO  o.s.boot.web.embedded.tomcat.TomcatWebServer - Tomcat initialized with port(s): 10080 (http)
2021-09-09 23:37:40.020 [restartedMain] INFO  org.apache.coyote.http11.Http11NioProtocol - Initializing ProtocolHandler ["http-nio-10080"]
2021-09-09 23:37:40.021 [restartedMain] INFO  org.apache.catalina.core.StandardService - Starting service [Tomcat]
2021-09-09 23:37:40.021 [restartedMain] INFO  org.apache.catalina.core.StandardEngine - Starting Servlet engine: [Apache Tomcat/9.0.48]
2021-09-09 23:37:40.048 [restartedMain] INFO  o.a.c.core.ContainerBase.[Tomcat].[localhost].[/] - Initializing Spring embedded WebApplicationContext
2021-09-09 23:37:40.048 [restartedMain] INFO  o.s.b.w.s.c.ServletWebServerApplicationContext - Root WebApplicationContext: initialization completed in 229 ms
2021-09-09 23:37:40.220 [restartedMain] INFO  o.s.b.d.autoconfigure.OptionalLiveReloadServer - LiveReload server is running on port 35729
2021-09-09 23:37:40.228 [restartedMain] INFO  org.apache.coyote.http11.Http11NioProtocol - Starting ProtocolHandler ["http-nio-10080"]
2021-09-09 23:37:40.229 [restartedMain] INFO  o.s.boot.web.embedded.tomcat.TomcatWebServer - Tomcat started on port(s): 10080 (http) with context path ''
2021-09-09 23:37:40.233 [restartedMain] INFO  com.gdutelc.snp.SnpApplication - Started SnpApplication in 0.45 seconds (JVM running for 412.702)
2021-09-09 23:37:40.234 [restartedMain] INFO  o.s.b.d.a.ConditionEvaluationDeltaLoggingListener - Condition evaluation unchanged
2021-09-09 23:37:54.309 [restartedMain] INFO  com.gdutelc.snp.SnpApplication - Starting SnpApplication using Java 11.0.6 on LAPTOP-E3MO6SU7 with PID 3944 (D:\java project\SNP-backend\target\classes started by 10501 in D:\java project\SNP-backend)
2021-09-09 23:37:54.309 [restartedMain] INFO  com.gdutelc.snp.SnpApplication - No active profile set, falling back to default profiles: default
2021-09-09 23:37:54.474 [restartedMain] INFO  o.s.d.r.config.RepositoryConfigurationDelegate - Multiple Spring Data modules found, entering strict repository configuration mode!
2021-09-09 23:37:54.474 [restartedMain] INFO  o.s.d.r.config.RepositoryConfigurationDelegate - Bootstrapping Spring Data Redis repositories in DEFAULT mode.
2021-09-09 23:37:54.480 [restartedMain] INFO  o.s.d.r.config.RepositoryConfigurationDelegate - Finished Spring Data repository scanning in 5 ms. Found 0 Redis repository interfaces.
2021-09-09 23:37:54.546 [restartedMain] INFO  o.s.boot.web.embedded.tomcat.TomcatWebServer - Tomcat initialized with port(s): 10080 (http)
2021-09-09 23:37:54.546 [restartedMain] INFO  org.apache.coyote.http11.Http11NioProtocol - Initializing ProtocolHandler ["http-nio-10080"]
2021-09-09 23:37:54.547 [restartedMain] INFO  org.apache.catalina.core.StandardService - Starting service [Tomcat]
2021-09-09 23:37:54.547 [restartedMain] INFO  org.apache.catalina.core.StandardEngine - Starting Servlet engine: [Apache Tomcat/9.0.48]
2021-09-09 23:37:54.582 [restartedMain] INFO  o.a.c.core.ContainerBase.[Tomcat].[localhost].[/] - Initializing Spring embedded WebApplicationContext
2021-09-09 23:37:54.582 [restartedMain] INFO  o.s.b.w.s.c.ServletWebServerApplicationContext - Root WebApplicationContext: initialization completed in 271 ms
2021-09-09 23:37:54.753 [restartedMain] INFO  o.s.b.d.autoconfigure.OptionalLiveReloadServer - LiveReload server is running on port 35729
2021-09-09 23:37:54.762 [restartedMain] INFO  org.apache.coyote.http11.Http11NioProtocol - Starting ProtocolHandler ["http-nio-10080"]
2021-09-09 23:37:54.764 [restartedMain] INFO  o.s.boot.web.embedded.tomcat.TomcatWebServer - Tomcat started on port(s): 10080 (http) with context path ''
2021-09-09 23:37:54.767 [restartedMain] INFO  com.gdutelc.snp.SnpApplication - Started SnpApplication in 0.496 seconds (JVM running for 427.235)
2021-09-09 23:37:54.767 [restartedMain] INFO  o.s.b.d.a.ConditionEvaluationDeltaLoggingListener - Condition evaluation unchanged
2021-09-09 23:39:23.568 [restartedMain] INFO  com.gdutelc.snp.SnpApplication - Starting SnpApplication using Java 11.0.6 on LAPTOP-E3MO6SU7 with PID 3944 (D:\java project\SNP-backend\target\classes started by 10501 in D:\java project\SNP-backend)
2021-09-09 23:39:23.568 [restartedMain] INFO  com.gdutelc.snp.SnpApplication - No active profile set, falling back to default profiles: default
2021-09-09 23:39:23.838 [restartedMain] INFO  o.s.d.r.config.RepositoryConfigurationDelegate - Multiple Spring Data modules found, entering strict repository configuration mode!
2021-09-09 23:39:23.838 [restartedMain] INFO  o.s.d.r.config.RepositoryConfigurationDelegate - Bootstrapping Spring Data Redis repositories in DEFAULT mode.
2021-09-09 23:39:23.850 [restartedMain] INFO  o.s.d.r.config.RepositoryConfigurationDelegate - Finished Spring Data repository scanning in 11 ms. Found 0 Redis repository interfaces.
2021-09-09 23:39:24.015 [restartedMain] INFO  o.s.boot.web.embedded.tomcat.TomcatWebServer - Tomcat initialized with port(s): 10080 (http)
2021-09-09 23:39:24.016 [restartedMain] INFO  org.apache.coyote.http11.Http11NioProtocol - Initializing ProtocolHandler ["http-nio-10080"]
2021-09-09 23:39:24.016 [restartedMain] INFO  org.apache.catalina.core.StandardService - Starting service [Tomcat]
2021-09-09 23:39:24.016 [restartedMain] INFO  org.apache.catalina.core.StandardEngine - Starting Servlet engine: [Apache Tomcat/9.0.48]
2021-09-09 23:39:24.070 [restartedMain] INFO  o.a.c.core.ContainerBase.[Tomcat].[localhost].[/] - Initializing Spring embedded WebApplicationContext
2021-09-09 23:39:24.071 [restartedMain] INFO  o.s.b.w.s.c.ServletWebServerApplicationContext - Root WebApplicationContext: initialization completed in 500 ms
2021-09-09 23:39:24.180 [restartedMain] INFO  org.apache.catalina.core.StandardService - Stopping service [Tomcat]
2021-09-09 23:39:24.188 [restartedMain] INFO  o.s.b.a.l.ConditionEvaluationReportLoggingListener - 

Error starting ApplicationContext. To display the conditions report re-run your application with 'debug' enabled.
2021-09-09 23:39:25.728 [restartedMain] INFO  com.gdutelc.snp.SnpApplication - Starting SnpApplication using Java 11.0.6 on LAPTOP-E3MO6SU7 with PID 3944 (D:\java project\SNP-backend\target\classes started by 10501 in D:\java project\SNP-backend)
2021-09-09 23:39:25.728 [restartedMain] INFO  com.gdutelc.snp.SnpApplication - No active profile set, falling back to default profiles: default
2021-09-09 23:39:25.865 [restartedMain] INFO  o.s.d.r.config.RepositoryConfigurationDelegate - Multiple Spring Data modules found, entering strict repository configuration mode!
2021-09-09 23:39:25.865 [restartedMain] INFO  o.s.d.r.config.RepositoryConfigurationDelegate - Bootstrapping Spring Data Redis repositories in DEFAULT mode.
2021-09-09 23:39:25.870 [restartedMain] INFO  o.s.d.r.config.RepositoryConfigurationDelegate - Finished Spring Data repository scanning in 4 ms. Found 0 Redis repository interfaces.
2021-09-09 23:39:25.940 [restartedMain] INFO  o.s.boot.web.embedded.tomcat.TomcatWebServer - Tomcat initialized with port(s): 10080 (http)
2021-09-09 23:39:25.940 [restartedMain] INFO  org.apache.coyote.http11.Http11NioProtocol - Initializing ProtocolHandler ["http-nio-10080"]
2021-09-09 23:39:25.940 [restartedMain] INFO  org.apache.catalina.core.StandardService - Starting service [Tomcat]
2021-09-09 23:39:25.940 [restartedMain] INFO  org.apache.catalina.core.StandardEngine - Starting Servlet engine: [Apache Tomcat/9.0.48]
2021-09-09 23:39:25.978 [restartedMain] INFO  o.a.c.c.ContainerBase.[Tomcat-1].[localhost].[/] - Initializing Spring embedded WebApplicationContext
2021-09-09 23:39:25.978 [restartedMain] INFO  o.s.b.w.s.c.ServletWebServerApplicationContext - Root WebApplicationContext: initialization completed in 248 ms
2021-09-09 23:39:26.150 [restartedMain] INFO  o.s.b.d.autoconfigure.OptionalLiveReloadServer - LiveReload server is running on port 35729
2021-09-09 23:39:26.158 [restartedMain] INFO  org.apache.coyote.http11.Http11NioProtocol - Starting ProtocolHandler ["http-nio-10080"]
2021-09-09 23:39:26.160 [restartedMain] INFO  o.s.boot.web.embedded.tomcat.TomcatWebServer - Tomcat started on port(s): 10080 (http) with context path ''
2021-09-09 23:39:26.163 [restartedMain] INFO  com.gdutelc.snp.SnpApplication - Started SnpApplication in 0.473 seconds (JVM running for 518.632)
2021-09-09 23:39:26.164 [restartedMain] INFO  o.s.b.d.a.ConditionEvaluationDeltaLoggingListener - Condition evaluation unchanged
2021-09-09 23:39:38.384 [restartedMain] INFO  com.gdutelc.snp.SnpApplication - Starting SnpApplication using Java 11.0.6 on LAPTOP-E3MO6SU7 with PID 3944 (D:\java project\SNP-backend\target\classes started by 10501 in D:\java project\SNP-backend)
2021-09-09 23:39:38.384 [restartedMain] INFO  com.gdutelc.snp.SnpApplication - No active profile set, falling back to default profiles: default
2021-09-09 23:39:38.543 [restartedMain] INFO  o.s.d.r.config.RepositoryConfigurationDelegate - Multiple Spring Data modules found, entering strict repository configuration mode!
2021-09-09 23:39:38.543 [restartedMain] INFO  o.s.d.r.config.RepositoryConfigurationDelegate - Bootstrapping Spring Data Redis repositories in DEFAULT mode.
2021-09-09 23:39:38.549 [restartedMain] INFO  o.s.d.r.config.RepositoryConfigurationDelegate - Finished Spring Data repository scanning in 6 ms. Found 0 Redis repository interfaces.
2021-09-09 23:39:38.623 [restartedMain] INFO  o.s.boot.web.embedded.tomcat.TomcatWebServer - Tomcat initialized with port(s): 10080 (http)
2021-09-09 23:39:38.624 [restartedMain] INFO  org.apache.coyote.http11.Http11NioProtocol - Initializing ProtocolHandler ["http-nio-10080"]
2021-09-09 23:39:38.624 [restartedMain] INFO  org.apache.catalina.core.StandardService - Starting service [Tomcat]
2021-09-09 23:39:38.624 [restartedMain] INFO  org.apache.catalina.core.StandardEngine - Starting Servlet engine: [Apache Tomcat/9.0.48]
2021-09-09 23:39:38.660 [restartedMain] INFO  o.a.c.c.ContainerBase.[Tomcat-1].[localhost].[/] - Initializing Spring embedded WebApplicationContext
2021-09-09 23:39:38.660 [restartedMain] INFO  o.s.b.w.s.c.ServletWebServerApplicationContext - Root WebApplicationContext: initialization completed in 273 ms
2021-09-09 23:39:38.864 [restartedMain] INFO  o.s.b.d.autoconfigure.OptionalLiveReloadServer - LiveReload server is running on port 35729
2021-09-09 23:39:38.877 [restartedMain] INFO  org.apache.coyote.http11.Http11NioProtocol - Starting ProtocolHandler ["http-nio-10080"]
2021-09-09 23:39:38.879 [restartedMain] INFO  o.s.boot.web.embedded.tomcat.TomcatWebServer - Tomcat started on port(s): 10080 (http) with context path ''
2021-09-09 23:39:38.883 [restartedMain] INFO  com.gdutelc.snp.SnpApplication - Started SnpApplication in 0.544 seconds (JVM running for 531.351)
2021-09-09 23:39:38.884 [restartedMain] INFO  o.s.b.d.a.ConditionEvaluationDeltaLoggingListener - Condition evaluation unchanged
2021-09-09 23:39:40.715 [restartedMain] INFO  com.gdutelc.snp.SnpApplication - Starting SnpApplication using Java 11.0.6 on LAPTOP-E3MO6SU7 with PID 3944 (D:\java project\SNP-backend\target\classes started by 10501 in D:\java project\SNP-backend)
2021-09-09 23:39:40.715 [restartedMain] INFO  com.gdutelc.snp.SnpApplication - No active profile set, falling back to default profiles: default
2021-09-09 23:39:40.839 [restartedMain] INFO  o.s.d.r.config.RepositoryConfigurationDelegate - Multiple Spring Data modules found, entering strict repository configuration mode!
2021-09-09 23:39:40.839 [restartedMain] INFO  o.s.d.r.config.RepositoryConfigurationDelegate - Bootstrapping Spring Data Redis repositories in DEFAULT mode.
2021-09-09 23:39:40.844 [restartedMain] INFO  o.s.d.r.config.RepositoryConfigurationDelegate - Finished Spring Data repository scanning in 4 ms. Found 0 Redis repository interfaces.
2021-09-09 23:39:40.919 [restartedMain] INFO  o.s.boot.web.embedded.tomcat.TomcatWebServer - Tomcat initialized with port(s): 10080 (http)
2021-09-09 23:39:40.919 [restartedMain] INFO  org.apache.coyote.http11.Http11NioProtocol - Initializing ProtocolHandler ["http-nio-10080"]
2021-09-09 23:39:40.919 [restartedMain] INFO  org.apache.catalina.core.StandardService - Starting service [Tomcat]
2021-09-09 23:39:40.919 [restartedMain] INFO  org.apache.catalina.core.StandardEngine - Starting Servlet engine: [Apache Tomcat/9.0.48]
2021-09-09 23:39:40.952 [restartedMain] INFO  o.a.c.c.ContainerBase.[Tomcat-1].[localhost].[/] - Initializing Spring embedded WebApplicationContext
2021-09-09 23:39:40.953 [restartedMain] INFO  o.s.b.w.s.c.ServletWebServerApplicationContext - Root WebApplicationContext: initialization completed in 236 ms
2021-09-09 23:39:41.133 [restartedMain] INFO  o.s.b.d.autoconfigure.OptionalLiveReloadServer - LiveReload server is running on port 35729
2021-09-09 23:39:41.141 [restartedMain] INFO  org.apache.coyote.http11.Http11NioProtocol - Starting ProtocolHandler ["http-nio-10080"]
2021-09-09 23:39:41.143 [restartedMain] INFO  o.s.boot.web.embedded.tomcat.TomcatWebServer - Tomcat started on port(s): 10080 (http) with context path ''
2021-09-09 23:39:41.146 [restartedMain] INFO  com.gdutelc.snp.SnpApplication - Started SnpApplication in 0.454 seconds (JVM running for 533.615)
2021-09-09 23:39:41.147 [restartedMain] INFO  o.s.b.d.a.ConditionEvaluationDeltaLoggingListener - Condition evaluation unchanged
2021-09-09 23:39:46.692 [restartedMain] INFO  com.gdutelc.snp.SnpApplication - Starting SnpApplication using Java 11.0.6 on LAPTOP-E3MO6SU7 with PID 3944 (D:\java project\SNP-backend\target\classes started by 10501 in D:\java project\SNP-backend)
2021-09-09 23:39:46.693 [restartedMain] INFO  com.gdutelc.snp.SnpApplication - No active profile set, falling back to default profiles: default
2021-09-09 23:39:46.834 [restartedMain] INFO  o.s.d.r.config.RepositoryConfigurationDelegate - Multiple Spring Data modules found, entering strict repository configuration mode!
2021-09-09 23:39:46.834 [restartedMain] INFO  o.s.d.r.config.RepositoryConfigurationDelegate - Bootstrapping Spring Data Redis repositories in DEFAULT mode.
2021-09-09 23:39:46.839 [restartedMain] INFO  o.s.d.r.config.RepositoryConfigurationDelegate - Finished Spring Data repository scanning in 4 ms. Found 0 Redis repository interfaces.
2021-09-09 23:39:47.218 [restartedMain] INFO  o.s.boot.web.embedded.tomcat.TomcatWebServer - Tomcat initialized with port(s): 10080 (http)
2021-09-09 23:39:47.219 [restartedMain] INFO  org.apache.coyote.http11.Http11NioProtocol - Initializing ProtocolHandler ["http-nio-10080"]
2021-09-09 23:39:47.219 [restartedMain] INFO  org.apache.catalina.core.StandardService - Starting service [Tomcat]
2021-09-09 23:39:47.219 [restartedMain] INFO  org.apache.catalina.core.StandardEngine - Starting Servlet engine: [Apache Tomcat/9.0.48]
2021-09-09 23:39:47.263 [restartedMain] INFO  o.a.c.c.ContainerBase.[Tomcat-1].[localhost].[/] - Initializing Spring embedded WebApplicationContext
2021-09-09 23:39:47.263 [restartedMain] INFO  o.s.b.w.s.c.ServletWebServerApplicationContext - Root WebApplicationContext: initialization completed in 568 ms
2021-09-09 23:39:47.482 [restartedMain] INFO  o.s.b.d.autoconfigure.OptionalLiveReloadServer - LiveReload server is running on port 35729
2021-09-09 23:39:47.493 [restartedMain] INFO  org.apache.coyote.http11.Http11NioProtocol - Starting ProtocolHandler ["http-nio-10080"]
2021-09-09 23:39:47.496 [restartedMain] INFO  o.s.boot.web.embedded.tomcat.TomcatWebServer - Tomcat started on port(s): 10080 (http) with context path ''
2021-09-09 23:39:47.500 [restartedMain] INFO  com.gdutelc.snp.SnpApplication - Started SnpApplication in 0.839 seconds (JVM running for 539.969)
2021-09-09 23:39:47.503 [restartedMain] INFO  o.s.b.d.a.ConditionEvaluationDeltaLoggingListener - Condition evaluation unchanged
2021-09-09 23:56:06.707 [restartedMain] INFO  com.gdutelc.snp.SnpApplication - Starting SnpApplication using Java 11.0.6 on LAPTOP-E3MO6SU7 with PID 3944 (D:\java project\SNP-backend\target\classes started by 10501 in D:\java project\SNP-backend)
2021-09-09 23:56:06.707 [restartedMain] INFO  com.gdutelc.snp.SnpApplication - No active profile set, falling back to default profiles: default
2021-09-09 23:56:06.831 [restartedMain] INFO  o.s.d.r.config.RepositoryConfigurationDelegate - Multiple Spring Data modules found, entering strict repository configuration mode!
2021-09-09 23:56:06.831 [restartedMain] INFO  o.s.d.r.config.RepositoryConfigurationDelegate - Bootstrapping Spring Data Redis repositories in DEFAULT mode.
2021-09-09 23:56:06.836 [restartedMain] INFO  o.s.d.r.config.RepositoryConfigurationDelegate - Finished Spring Data repository scanning in 4 ms. Found 0 Redis repository interfaces.
2021-09-09 23:56:06.907 [restartedMain] INFO  o.s.boot.web.embedded.tomcat.TomcatWebServer - Tomcat initialized with port(s): 10080 (http)
2021-09-09 23:56:06.907 [restartedMain] INFO  org.apache.coyote.http11.Http11NioProtocol - Initializing ProtocolHandler ["http-nio-10080"]
2021-09-09 23:56:06.907 [restartedMain] INFO  org.apache.catalina.core.StandardService - Starting service [Tomcat]
2021-09-09 23:56:06.907 [restartedMain] INFO  org.apache.catalina.core.StandardEngine - Starting Servlet engine: [Apache Tomcat/9.0.48]
2021-09-09 23:56:06.948 [restartedMain] INFO  o.a.c.c.ContainerBase.[Tomcat-1].[localhost].[/] - Initializing Spring embedded WebApplicationContext
2021-09-09 23:56:06.948 [restartedMain] INFO  o.s.b.w.s.c.ServletWebServerApplicationContext - Root WebApplicationContext: initialization completed in 240 ms
2021-09-09 23:56:07.028 [restartedMain] INFO  org.apache.catalina.core.StandardService - Stopping service [Tomcat]
2021-09-09 23:56:07.032 [restartedMain] INFO  o.s.b.a.l.ConditionEvaluationReportLoggingListener - 

Error starting ApplicationContext. To display the conditions report re-run your application with 'debug' enabled.
2021-09-09 23:56:20.608 [restartedMain] INFO  com.gdutelc.snp.SnpApplication - Starting SnpApplication using Java 11.0.6 on LAPTOP-E3MO6SU7 with PID 3944 (D:\java project\SNP-backend\target\classes started by 10501 in D:\java project\SNP-backend)
2021-09-09 23:56:20.609 [restartedMain] INFO  com.gdutelc.snp.SnpApplication - No active profile set, falling back to default profiles: default
2021-09-09 23:56:20.760 [restartedMain] INFO  o.s.d.r.config.RepositoryConfigurationDelegate - Multiple Spring Data modules found, entering strict repository configuration mode!
2021-09-09 23:56:20.760 [restartedMain] INFO  o.s.d.r.config.RepositoryConfigurationDelegate - Bootstrapping Spring Data Redis repositories in DEFAULT mode.
2021-09-09 23:56:20.768 [restartedMain] INFO  o.s.d.r.config.RepositoryConfigurationDelegate - Finished Spring Data repository scanning in 7 ms. Found 0 Redis repository interfaces.
2021-09-09 23:56:20.843 [restartedMain] INFO  o.s.boot.web.embedded.tomcat.TomcatWebServer - Tomcat initialized with port(s): 10080 (http)
2021-09-09 23:56:20.843 [restartedMain] INFO  org.apache.coyote.http11.Http11NioProtocol - Initializing ProtocolHandler ["http-nio-10080"]
2021-09-09 23:56:20.843 [restartedMain] INFO  org.apache.catalina.core.StandardService - Starting service [Tomcat]
2021-09-09 23:56:20.843 [restartedMain] INFO  org.apache.catalina.core.StandardEngine - Starting Servlet engine: [Apache Tomcat/9.0.48]
2021-09-09 23:56:20.884 [restartedMain] INFO  o.a.c.c.ContainerBase.[Tomcat-2].[localhost].[/] - Initializing Spring embedded WebApplicationContext
2021-09-09 23:56:20.884 [restartedMain] INFO  o.s.b.w.s.c.ServletWebServerApplicationContext - Root WebApplicationContext: initialization completed in 273 ms
2021-09-09 23:56:21.164 [restartedMain] INFO  o.s.b.d.autoconfigure.OptionalLiveReloadServer - LiveReload server is running on port 35729
2021-09-09 23:56:21.174 [restartedMain] INFO  org.apache.coyote.http11.Http11NioProtocol - Starting ProtocolHandler ["http-nio-10080"]
2021-09-09 23:56:21.176 [restartedMain] INFO  o.s.boot.web.embedded.tomcat.TomcatWebServer - Tomcat started on port(s): 10080 (http) with context path ''
2021-09-09 23:56:21.180 [restartedMain] INFO  com.gdutelc.snp.SnpApplication - Started SnpApplication in 0.605 seconds (JVM running for 1533.649)
2021-09-09 23:56:21.181 [restartedMain] INFO  o.s.b.d.a.ConditionEvaluationDeltaLoggingListener - Condition evaluation unchanged
2021-09-09 23:56:22.955 [main] INFO  com.gdutelc.snp.UserDaoTests - Starting UserDaoTests using Java 11.0.6 on LAPTOP-E3MO6SU7 with PID 8228 (started by 10501 in D:\java project\SNP-backend)
2021-09-09 23:56:22.958 [main] INFO  com.gdutelc.snp.UserDaoTests - No active profile set, falling back to default profiles: default
2021-09-09 23:56:23.840 [main] INFO  o.s.d.r.config.RepositoryConfigurationDelegate - Multiple Spring Data modules found, entering strict repository configuration mode!
2021-09-09 23:56:23.843 [main] INFO  o.s.d.r.config.RepositoryConfigurationDelegate - Bootstrapping Spring Data Redis repositories in DEFAULT mode.
2021-09-09 23:56:23.886 [main] INFO  o.s.d.r.config.RepositoryConfigurationDelegate - Finished Spring Data repository scanning in 19 ms. Found 0 Redis repository interfaces.
2021-09-09 23:56:26.338 [main] INFO  com.gdutelc.snp.UserDaoTests - Started UserDaoTests in 3.938 seconds (JVM running for 5.348)
2021-09-09 23:56:26.760 [main] INFO  com.zaxxer.hikari.HikariDataSource - DatebookHikariCP - Starting...
2021-09-09 23:56:29.617 [main] INFO  com.zaxxer.hikari.HikariDataSource - DatebookHikariCP - Start completed.
2021-09-09 23:56:29.875 [SpringApplicationShutdownHook] INFO  com.zaxxer.hikari.HikariDataSource - DatebookHikariCP - Shutdown initiated...
2021-09-09 23:56:31.585 [SpringApplicationShutdownHook] INFO  com.zaxxer.hikari.HikariDataSource - DatebookHikariCP - Shutdown completed.
