2021-08-31 19:54:02.710 [restartedMain] INFO  com.gdutelc.snp.SnpApplication - Starting SnpApplication using Java 11.0.6 on LAPTOP-E3MO6SU7 with PID 1420 (D:\java project\SNP-backend\target\classes started by 10501 in D:\java project\SNP-backend)
2021-08-31 19:54:02.743 [restartedMain] INFO  com.gdutelc.snp.SnpApplication - No active profile set, falling back to default profiles: default
2021-08-31 19:54:02.851 [restartedMain] INFO  o.s.b.d.env.DevToolsPropertyDefaultsPostProcessor - Devtools property defaults active! Set 'spring.devtools.add-properties' to 'false' to disable
2021-08-31 19:54:02.851 [restartedMain] INFO  o.s.b.d.env.DevToolsPropertyDefaultsPostProcessor - For additional web related logging consider setting the 'logging.level.web' property to 'DEBUG'
2021-08-31 19:54:03.414 [restartedMain] INFO  o.s.d.r.config.RepositoryConfigurationDelegate - Multiple Spring Data modules found, entering strict repository configuration mode!
2021-08-31 19:54:03.416 [restartedMain] INFO  o.s.d.r.config.RepositoryConfigurationDelegate - Bootstrapping Spring Data Redis repositories in DEFAULT mode.
2021-08-31 19:54:03.438 [restartedMain] INFO  o.s.d.r.config.RepositoryConfigurationDelegate - Finished Spring Data repository scanning in 10 ms. Found 0 Redis repository interfaces.
2021-08-31 19:54:04.335 [restartedMain] INFO  o.s.boot.web.embedded.tomcat.TomcatWebServer - Tomcat initialized with port(s): 10080 (http)
2021-08-31 19:54:04.343 [restartedMain] INFO  org.apache.coyote.http11.Http11NioProtocol - Initializing ProtocolHandler ["http-nio-10080"]
2021-08-31 19:54:04.343 [restartedMain] INFO  org.apache.catalina.core.StandardService - Starting service [Tomcat]
2021-08-31 19:54:04.343 [restartedMain] INFO  org.apache.catalina.core.StandardEngine - Starting Servlet engine: [Apache Tomcat/9.0.48]
2021-08-31 19:54:04.424 [restartedMain] INFO  o.a.c.core.ContainerBase.[Tomcat].[localhost].[/] - Initializing Spring embedded WebApplicationContext
2021-08-31 19:54:04.424 [restartedMain] INFO  o.s.b.w.s.c.ServletWebServerApplicationContext - Root WebApplicationContext: initialization completed in 1572 ms
2021-08-31 19:54:05.288 [restartedMain] INFO  o.s.b.d.autoconfigure.OptionalLiveReloadServer - LiveReload server is running on port 35729
2021-08-31 19:54:05.305 [restartedMain] INFO  org.apache.coyote.http11.Http11NioProtocol - Starting ProtocolHandler ["http-nio-10080"]
2021-08-31 19:54:05.318 [restartedMain] INFO  o.s.boot.web.embedded.tomcat.TomcatWebServer - Tomcat started on port(s): 10080 (http) with context path ''
2021-08-31 19:54:05.327 [restartedMain] INFO  com.gdutelc.snp.SnpApplication - Started SnpApplication in 3.248 seconds (JVM running for 3.906)
2021-08-31 19:54:24.357 [restartedMain] INFO  com.gdutelc.snp.SnpApplication - Starting SnpApplication using Java 11.0.6 on LAPTOP-E3MO6SU7 with PID 1420 (D:\java project\SNP-backend\target\classes started by 10501 in D:\java project\SNP-backend)
2021-08-31 19:54:24.357 [restartedMain] INFO  com.gdutelc.snp.SnpApplication - No active profile set, falling back to default profiles: default
2021-08-31 19:54:24.527 [restartedMain] INFO  o.s.d.r.config.RepositoryConfigurationDelegate - Multiple Spring Data modules found, entering strict repository configuration mode!
2021-08-31 19:54:24.527 [restartedMain] INFO  o.s.d.r.config.RepositoryConfigurationDelegate - Bootstrapping Spring Data Redis repositories in DEFAULT mode.
2021-08-31 19:54:24.535 [restartedMain] INFO  o.s.d.r.config.RepositoryConfigurationDelegate - Finished Spring Data repository scanning in 8 ms. Found 0 Redis repository interfaces.
2021-08-31 19:54:24.622 [restartedMain] INFO  o.s.boot.web.embedded.tomcat.TomcatWebServer - Tomcat initialized with port(s): 10080 (http)
2021-08-31 19:54:24.622 [restartedMain] INFO  org.apache.coyote.http11.Http11NioProtocol - Initializing ProtocolHandler ["http-nio-10080"]
2021-08-31 19:54:24.622 [restartedMain] INFO  org.apache.catalina.core.StandardService - Starting service [Tomcat]
2021-08-31 19:54:24.622 [restartedMain] INFO  org.apache.catalina.core.StandardEngine - Starting Servlet engine: [Apache Tomcat/9.0.48]
2021-08-31 19:54:24.655 [restartedMain] INFO  o.a.c.core.ContainerBase.[Tomcat].[localhost].[/] - Initializing Spring embedded WebApplicationContext
2021-08-31 19:54:24.655 [restartedMain] INFO  o.s.b.w.s.c.ServletWebServerApplicationContext - Root WebApplicationContext: initialization completed in 295 ms
2021-08-31 19:54:24.924 [restartedMain] INFO  o.s.b.d.autoconfigure.OptionalLiveReloadServer - LiveReload server is running on port 35729
2021-08-31 19:54:24.936 [restartedMain] INFO  org.apache.coyote.http11.Http11NioProtocol - Starting ProtocolHandler ["http-nio-10080"]
2021-08-31 19:54:24.938 [restartedMain] INFO  o.s.boot.web.embedded.tomcat.TomcatWebServer - Tomcat started on port(s): 10080 (http) with context path ''
2021-08-31 19:54:24.942 [restartedMain] INFO  com.gdutelc.snp.SnpApplication - Started SnpApplication in 0.627 seconds (JVM running for 23.521)
2021-08-31 19:54:24.944 [restartedMain] INFO  o.s.b.d.a.ConditionEvaluationDeltaLoggingListener - Condition evaluation unchanged
2021-08-31 19:54:32.852 [http-nio-10080-exec-1] INFO  o.a.c.core.ContainerBase.[Tomcat].[localhost].[/] - Initializing Spring DispatcherServlet 'dispatcherServlet'
2021-08-31 19:54:32.852 [http-nio-10080-exec-1] INFO  org.springframework.web.servlet.DispatcherServlet - Initializing Servlet 'dispatcherServlet'
2021-08-31 19:54:32.854 [http-nio-10080-exec-1] INFO  org.springframework.web.servlet.DispatcherServlet - Completed initialization in 2 ms
2021-08-31 19:55:07.330 [restartedMain] INFO  com.gdutelc.snp.SnpApplication - Starting SnpApplication using Java 11.0.6 on LAPTOP-E3MO6SU7 with PID 1420 (D:\java project\SNP-backend\target\classes started by 10501 in D:\java project\SNP-backend)
2021-08-31 19:55:07.331 [restartedMain] INFO  com.gdutelc.snp.SnpApplication - No active profile set, falling back to default profiles: default
2021-08-31 19:55:07.589 [restartedMain] INFO  o.s.d.r.config.RepositoryConfigurationDelegate - Multiple Spring Data modules found, entering strict repository configuration mode!
2021-08-31 19:55:07.589 [restartedMain] INFO  o.s.d.r.config.RepositoryConfigurationDelegate - Bootstrapping Spring Data Redis repositories in DEFAULT mode.
2021-08-31 19:55:07.600 [restartedMain] INFO  o.s.d.r.config.RepositoryConfigurationDelegate - Finished Spring Data repository scanning in 10 ms. Found 0 Redis repository interfaces.
2021-08-31 19:55:07.725 [restartedMain] INFO  o.s.boot.web.embedded.tomcat.TomcatWebServer - Tomcat initialized with port(s): 10080 (http)
2021-08-31 19:55:07.725 [restartedMain] INFO  org.apache.coyote.http11.Http11NioProtocol - Initializing ProtocolHandler ["http-nio-10080"]
2021-08-31 19:55:07.726 [restartedMain] INFO  org.apache.catalina.core.StandardService - Starting service [Tomcat]
2021-08-31 19:55:07.726 [restartedMain] INFO  org.apache.catalina.core.StandardEngine - Starting Servlet engine: [Apache Tomcat/9.0.48]
2021-08-31 19:55:07.760 [restartedMain] INFO  o.a.c.core.ContainerBase.[Tomcat].[localhost].[/] - Initializing Spring embedded WebApplicationContext
2021-08-31 19:55:07.760 [restartedMain] INFO  o.s.b.w.s.c.ServletWebServerApplicationContext - Root WebApplicationContext: initialization completed in 425 ms
2021-08-31 19:55:08.017 [restartedMain] INFO  o.s.b.d.autoconfigure.OptionalLiveReloadServer - LiveReload server is running on port 35729
2021-08-31 19:55:08.031 [restartedMain] INFO  org.apache.coyote.http11.Http11NioProtocol - Starting ProtocolHandler ["http-nio-10080"]
2021-08-31 19:55:08.033 [restartedMain] INFO  o.s.boot.web.embedded.tomcat.TomcatWebServer - Tomcat started on port(s): 10080 (http) with context path ''
2021-08-31 19:55:08.036 [restartedMain] INFO  com.gdutelc.snp.SnpApplication - Started SnpApplication in 0.78 seconds (JVM running for 66.615)
2021-08-31 19:55:08.037 [restartedMain] INFO  o.s.b.d.a.ConditionEvaluationDeltaLoggingListener - Condition evaluation unchanged
2021-08-31 19:55:08.244 [main] INFO  com.gdutelc.snp.JwtTests - Starting JwtTests using Java 11.0.6 on LAPTOP-E3MO6SU7 with PID 11452 (started by 10501 in D:\java project\SNP-backend)
2021-08-31 19:55:08.246 [main] INFO  com.gdutelc.snp.JwtTests - No active profile set, falling back to default profiles: default
2021-08-31 19:55:08.933 [main] INFO  o.s.d.r.config.RepositoryConfigurationDelegate - Multiple Spring Data modules found, entering strict repository configuration mode!
2021-08-31 19:55:08.937 [main] INFO  o.s.d.r.config.RepositoryConfigurationDelegate - Bootstrapping Spring Data Redis repositories in DEFAULT mode.
2021-08-31 19:55:08.972 [main] INFO  o.s.d.r.config.RepositoryConfigurationDelegate - Finished Spring Data repository scanning in 17 ms. Found 0 Redis repository interfaces.
2021-08-31 19:55:11.601 [main] INFO  com.gdutelc.snp.JwtTests - Started JwtTests in 3.85 seconds (JVM running for 5.337)
2021-08-31 19:55:27.089 [restartedMain] INFO  com.gdutelc.snp.SnpApplication - Starting SnpApplication using Java 11.0.6 on LAPTOP-E3MO6SU7 with PID 1420 (D:\java project\SNP-backend\target\classes started by 10501 in D:\java project\SNP-backend)
2021-08-31 19:55:27.089 [restartedMain] INFO  com.gdutelc.snp.SnpApplication - No active profile set, falling back to default profiles: default
2021-08-31 19:55:27.218 [restartedMain] INFO  o.s.d.r.config.RepositoryConfigurationDelegate - Multiple Spring Data modules found, entering strict repository configuration mode!
2021-08-31 19:55:27.218 [restartedMain] INFO  o.s.d.r.config.RepositoryConfigurationDelegate - Bootstrapping Spring Data Redis repositories in DEFAULT mode.
2021-08-31 19:55:27.224 [restartedMain] INFO  o.s.d.r.config.RepositoryConfigurationDelegate - Finished Spring Data repository scanning in 5 ms. Found 0 Redis repository interfaces.
2021-08-31 19:55:27.294 [restartedMain] INFO  o.s.boot.web.embedded.tomcat.TomcatWebServer - Tomcat initialized with port(s): 10080 (http)
2021-08-31 19:55:27.295 [restartedMain] INFO  org.apache.coyote.http11.Http11NioProtocol - Initializing ProtocolHandler ["http-nio-10080"]
2021-08-31 19:55:27.295 [restartedMain] INFO  org.apache.catalina.core.StandardService - Starting service [Tomcat]
2021-08-31 19:55:27.295 [restartedMain] INFO  org.apache.catalina.core.StandardEngine - Starting Servlet engine: [Apache Tomcat/9.0.48]
2021-08-31 19:55:27.325 [restartedMain] INFO  o.a.c.core.ContainerBase.[Tomcat].[localhost].[/] - Initializing Spring embedded WebApplicationContext
2021-08-31 19:55:27.325 [restartedMain] INFO  o.s.b.w.s.c.ServletWebServerApplicationContext - Root WebApplicationContext: initialization completed in 234 ms
2021-08-31 19:55:27.535 [restartedMain] INFO  o.s.b.d.autoconfigure.OptionalLiveReloadServer - LiveReload server is running on port 35729
2021-08-31 19:55:27.549 [restartedMain] INFO  org.apache.coyote.http11.Http11NioProtocol - Starting ProtocolHandler ["http-nio-10080"]
2021-08-31 19:55:27.551 [restartedMain] INFO  o.s.boot.web.embedded.tomcat.TomcatWebServer - Tomcat started on port(s): 10080 (http) with context path ''
2021-08-31 19:55:27.556 [restartedMain] INFO  com.gdutelc.snp.SnpApplication - Started SnpApplication in 0.5 seconds (JVM running for 86.135)
2021-08-31 19:55:27.558 [restartedMain] INFO  o.s.b.d.a.ConditionEvaluationDeltaLoggingListener - Condition evaluation unchanged
2021-08-31 19:55:39.525 [restartedMain] INFO  com.gdutelc.snp.SnpApplication - Starting SnpApplication using Java 11.0.6 on LAPTOP-E3MO6SU7 with PID 1420 (D:\java project\SNP-backend\target\classes started by 10501 in D:\java project\SNP-backend)
2021-08-31 19:55:39.526 [restartedMain] INFO  com.gdutelc.snp.SnpApplication - No active profile set, falling back to default profiles: default
2021-08-31 19:55:39.698 [restartedMain] INFO  o.s.d.r.config.RepositoryConfigurationDelegate - Multiple Spring Data modules found, entering strict repository configuration mode!
2021-08-31 19:55:39.698 [restartedMain] INFO  o.s.d.r.config.RepositoryConfigurationDelegate - Bootstrapping Spring Data Redis repositories in DEFAULT mode.
2021-08-31 19:55:39.707 [restartedMain] INFO  o.s.d.r.config.RepositoryConfigurationDelegate - Finished Spring Data repository scanning in 9 ms. Found 0 Redis repository interfaces.
2021-08-31 19:55:39.802 [restartedMain] INFO  o.s.boot.web.embedded.tomcat.TomcatWebServer - Tomcat initialized with port(s): 10080 (http)
2021-08-31 19:55:39.803 [restartedMain] INFO  org.apache.coyote.http11.Http11NioProtocol - Initializing ProtocolHandler ["http-nio-10080"]
2021-08-31 19:55:39.803 [restartedMain] INFO  org.apache.catalina.core.StandardService - Starting service [Tomcat]
2021-08-31 19:55:39.803 [restartedMain] INFO  org.apache.catalina.core.StandardEngine - Starting Servlet engine: [Apache Tomcat/9.0.48]
2021-08-31 19:55:39.840 [restartedMain] INFO  o.a.c.core.ContainerBase.[Tomcat].[localhost].[/] - Initializing Spring embedded WebApplicationContext
2021-08-31 19:55:39.840 [restartedMain] INFO  o.s.b.w.s.c.ServletWebServerApplicationContext - Root WebApplicationContext: initialization completed in 312 ms
2021-08-31 19:55:40.105 [restartedMain] INFO  o.s.b.d.autoconfigure.OptionalLiveReloadServer - LiveReload server is running on port 35729
2021-08-31 19:55:40.120 [restartedMain] INFO  org.apache.coyote.http11.Http11NioProtocol - Starting ProtocolHandler ["http-nio-10080"]
2021-08-31 19:55:40.122 [restartedMain] INFO  o.s.boot.web.embedded.tomcat.TomcatWebServer - Tomcat started on port(s): 10080 (http) with context path ''
2021-08-31 19:55:40.126 [restartedMain] INFO  com.gdutelc.snp.SnpApplication - Started SnpApplication in 0.639 seconds (JVM running for 98.705)
2021-08-31 19:55:40.127 [restartedMain] INFO  o.s.b.d.a.ConditionEvaluationDeltaLoggingListener - Condition evaluation unchanged
2021-08-31 19:55:40.312 [http-nio-10080-exec-1] INFO  o.a.c.core.ContainerBase.[Tomcat].[localhost].[/] - Initializing Spring DispatcherServlet 'dispatcherServlet'
2021-08-31 19:55:40.312 [http-nio-10080-exec-1] INFO  org.springframework.web.servlet.DispatcherServlet - Initializing Servlet 'dispatcherServlet'
2021-08-31 19:55:40.313 [http-nio-10080-exec-1] INFO  org.springframework.web.servlet.DispatcherServlet - Completed initialization in 1 ms
2021-08-31 19:56:31.424 [restartedMain] INFO  com.gdutelc.snp.SnpApplication - Starting SnpApplication using Java 11.0.6 on LAPTOP-E3MO6SU7 with PID 1420 (D:\java project\SNP-backend\target\classes started by 10501 in D:\java project\SNP-backend)
2021-08-31 19:56:31.424 [restartedMain] INFO  com.gdutelc.snp.SnpApplication - No active profile set, falling back to default profiles: default
2021-08-31 19:56:31.582 [restartedMain] INFO  o.s.d.r.config.RepositoryConfigurationDelegate - Multiple Spring Data modules found, entering strict repository configuration mode!
2021-08-31 19:56:31.582 [restartedMain] INFO  o.s.d.r.config.RepositoryConfigurationDelegate - Bootstrapping Spring Data Redis repositories in DEFAULT mode.
2021-08-31 19:56:31.589 [restartedMain] INFO  o.s.d.r.config.RepositoryConfigurationDelegate - Finished Spring Data repository scanning in 6 ms. Found 0 Redis repository interfaces.
2021-08-31 19:56:31.667 [restartedMain] INFO  o.s.boot.web.embedded.tomcat.TomcatWebServer - Tomcat initialized with port(s): 10080 (http)
2021-08-31 19:56:31.668 [restartedMain] INFO  org.apache.coyote.http11.Http11NioProtocol - Initializing ProtocolHandler ["http-nio-10080"]
2021-08-31 19:56:31.668 [restartedMain] INFO  org.apache.catalina.core.StandardService - Starting service [Tomcat]
2021-08-31 19:56:31.668 [restartedMain] INFO  org.apache.catalina.core.StandardEngine - Starting Servlet engine: [Apache Tomcat/9.0.48]
2021-08-31 19:56:31.700 [restartedMain] INFO  o.a.c.core.ContainerBase.[Tomcat].[localhost].[/] - Initializing Spring embedded WebApplicationContext
2021-08-31 19:56:31.701 [restartedMain] INFO  o.s.b.w.s.c.ServletWebServerApplicationContext - Root WebApplicationContext: initialization completed in 274 ms
2021-08-31 19:56:31.954 [restartedMain] INFO  o.s.b.d.autoconfigure.OptionalLiveReloadServer - LiveReload server is running on port 35729
2021-08-31 19:56:31.966 [restartedMain] INFO  org.apache.coyote.http11.Http11NioProtocol - Starting ProtocolHandler ["http-nio-10080"]
2021-08-31 19:56:31.968 [restartedMain] INFO  o.s.boot.web.embedded.tomcat.TomcatWebServer - Tomcat started on port(s): 10080 (http) with context path ''
2021-08-31 19:56:31.972 [restartedMain] INFO  com.gdutelc.snp.SnpApplication - Started SnpApplication in 0.582 seconds (JVM running for 150.551)
2021-08-31 19:56:31.974 [restartedMain] INFO  o.s.b.d.a.ConditionEvaluationDeltaLoggingListener - Condition evaluation unchanged
2021-08-31 19:56:32.706 [http-nio-10080-exec-1] INFO  o.a.c.core.ContainerBase.[Tomcat].[localhost].[/] - Initializing Spring DispatcherServlet 'dispatcherServlet'
2021-08-31 19:56:32.707 [http-nio-10080-exec-1] INFO  org.springframework.web.servlet.DispatcherServlet - Initializing Servlet 'dispatcherServlet'
2021-08-31 19:56:32.708 [http-nio-10080-exec-1] INFO  org.springframework.web.servlet.DispatcherServlet - Completed initialization in 1 ms
2021-08-31 19:57:10.152 [restartedMain] INFO  com.gdutelc.snp.SnpApplication - Starting SnpApplication using Java 11.0.6 on LAPTOP-E3MO6SU7 with PID 1420 (D:\java project\SNP-backend\target\classes started by 10501 in D:\java project\SNP-backend)
2021-08-31 19:57:10.152 [restartedMain] INFO  com.gdutelc.snp.SnpApplication - No active profile set, falling back to default profiles: default
2021-08-31 19:57:10.291 [restartedMain] INFO  o.s.d.r.config.RepositoryConfigurationDelegate - Multiple Spring Data modules found, entering strict repository configuration mode!
2021-08-31 19:57:10.291 [restartedMain] INFO  o.s.d.r.config.RepositoryConfigurationDelegate - Bootstrapping Spring Data Redis repositories in DEFAULT mode.
2021-08-31 19:57:10.296 [restartedMain] INFO  o.s.d.r.config.RepositoryConfigurationDelegate - Finished Spring Data repository scanning in 4 ms. Found 0 Redis repository interfaces.
2021-08-31 19:57:10.374 [restartedMain] INFO  o.s.boot.web.embedded.tomcat.TomcatWebServer - Tomcat initialized with port(s): 10080 (http)
2021-08-31 19:57:10.374 [restartedMain] INFO  org.apache.coyote.http11.Http11NioProtocol - Initializing ProtocolHandler ["http-nio-10080"]
2021-08-31 19:57:10.374 [restartedMain] INFO  org.apache.catalina.core.StandardService - Starting service [Tomcat]
2021-08-31 19:57:10.375 [restartedMain] INFO  org.apache.catalina.core.StandardEngine - Starting Servlet engine: [Apache Tomcat/9.0.48]
2021-08-31 19:57:10.403 [restartedMain] INFO  o.a.c.core.ContainerBase.[Tomcat].[localhost].[/] - Initializing Spring embedded WebApplicationContext
2021-08-31 19:57:10.403 [restartedMain] INFO  o.s.b.w.s.c.ServletWebServerApplicationContext - Root WebApplicationContext: initialization completed in 249 ms
2021-08-31 19:57:10.576 [restartedMain] INFO  o.s.b.d.autoconfigure.OptionalLiveReloadServer - LiveReload server is running on port 35729
2021-08-31 19:57:10.585 [restartedMain] INFO  org.apache.coyote.http11.Http11NioProtocol - Starting ProtocolHandler ["http-nio-10080"]
2021-08-31 19:57:10.587 [restartedMain] INFO  o.s.boot.web.embedded.tomcat.TomcatWebServer - Tomcat started on port(s): 10080 (http) with context path ''
2021-08-31 19:57:10.590 [restartedMain] INFO  com.gdutelc.snp.SnpApplication - Started SnpApplication in 0.469 seconds (JVM running for 189.168)
2021-08-31 19:57:10.591 [restartedMain] INFO  o.s.b.d.a.ConditionEvaluationDeltaLoggingListener - Condition evaluation unchanged
2021-08-31 19:58:55.371 [restartedMain] INFO  com.gdutelc.snp.SnpApplication - Starting SnpApplication using Java 11.0.6 on LAPTOP-E3MO6SU7 with PID 1420 (D:\java project\SNP-backend\target\classes started by 10501 in D:\java project\SNP-backend)
2021-08-31 19:58:55.371 [restartedMain] INFO  com.gdutelc.snp.SnpApplication - No active profile set, falling back to default profiles: default
2021-08-31 19:58:55.533 [restartedMain] INFO  o.s.d.r.config.RepositoryConfigurationDelegate - Multiple Spring Data modules found, entering strict repository configuration mode!
2021-08-31 19:58:55.533 [restartedMain] INFO  o.s.d.r.config.RepositoryConfigurationDelegate - Bootstrapping Spring Data Redis repositories in DEFAULT mode.
2021-08-31 19:58:55.542 [restartedMain] INFO  o.s.d.r.config.RepositoryConfigurationDelegate - Finished Spring Data repository scanning in 7 ms. Found 0 Redis repository interfaces.
2021-08-31 19:58:55.609 [restartedMain] INFO  o.s.boot.web.embedded.tomcat.TomcatWebServer - Tomcat initialized with port(s): 10080 (http)
2021-08-31 19:58:55.610 [restartedMain] INFO  org.apache.coyote.http11.Http11NioProtocol - Initializing ProtocolHandler ["http-nio-10080"]
2021-08-31 19:58:55.610 [restartedMain] INFO  org.apache.catalina.core.StandardService - Starting service [Tomcat]
2021-08-31 19:58:55.610 [restartedMain] INFO  org.apache.catalina.core.StandardEngine - Starting Servlet engine: [Apache Tomcat/9.0.48]
2021-08-31 19:58:55.636 [restartedMain] INFO  o.a.c.core.ContainerBase.[Tomcat].[localhost].[/] - Initializing Spring embedded WebApplicationContext
2021-08-31 19:58:55.636 [restartedMain] INFO  o.s.b.w.s.c.ServletWebServerApplicationContext - Root WebApplicationContext: initialization completed in 264 ms
2021-08-31 19:58:55.931 [restartedMain] INFO  o.s.b.d.autoconfigure.OptionalLiveReloadServer - LiveReload server is running on port 35729
2021-08-31 19:58:55.942 [restartedMain] INFO  org.apache.coyote.http11.Http11NioProtocol - Starting ProtocolHandler ["http-nio-10080"]
2021-08-31 19:58:55.944 [restartedMain] INFO  o.s.boot.web.embedded.tomcat.TomcatWebServer - Tomcat started on port(s): 10080 (http) with context path ''
2021-08-31 19:58:55.949 [restartedMain] INFO  com.gdutelc.snp.SnpApplication - Started SnpApplication in 0.608 seconds (JVM running for 294.528)
2021-08-31 19:58:55.950 [restartedMain] INFO  o.s.b.d.a.ConditionEvaluationDeltaLoggingListener - Condition evaluation unchanged
2021-08-31 19:59:13.124 [restartedMain] INFO  com.gdutelc.snp.SnpApplication - Starting SnpApplication using Java 11.0.6 on LAPTOP-E3MO6SU7 with PID 1420 (D:\java project\SNP-backend\target\classes started by 10501 in D:\java project\SNP-backend)
2021-08-31 19:59:13.124 [restartedMain] INFO  com.gdutelc.snp.SnpApplication - No active profile set, falling back to default profiles: default
2021-08-31 19:59:13.350 [restartedMain] INFO  o.s.d.r.config.RepositoryConfigurationDelegate - Multiple Spring Data modules found, entering strict repository configuration mode!
2021-08-31 19:59:13.350 [restartedMain] INFO  o.s.d.r.config.RepositoryConfigurationDelegate - Bootstrapping Spring Data Redis repositories in DEFAULT mode.
2021-08-31 19:59:13.356 [restartedMain] INFO  o.s.d.r.config.RepositoryConfigurationDelegate - Finished Spring Data repository scanning in 5 ms. Found 0 Redis repository interfaces.
2021-08-31 19:59:13.452 [restartedMain] INFO  o.s.boot.web.embedded.tomcat.TomcatWebServer - Tomcat initialized with port(s): 10080 (http)
2021-08-31 19:59:13.452 [restartedMain] INFO  org.apache.coyote.http11.Http11NioProtocol - Initializing ProtocolHandler ["http-nio-10080"]
2021-08-31 19:59:13.452 [restartedMain] INFO  org.apache.catalina.core.StandardService - Starting service [Tomcat]
2021-08-31 19:59:13.452 [restartedMain] INFO  org.apache.catalina.core.StandardEngine - Starting Servlet engine: [Apache Tomcat/9.0.48]
2021-08-31 19:59:13.490 [restartedMain] INFO  o.a.c.core.ContainerBase.[Tomcat].[localhost].[/] - Initializing Spring embedded WebApplicationContext
2021-08-31 19:59:13.490 [restartedMain] INFO  o.s.b.w.s.c.ServletWebServerApplicationContext - Root WebApplicationContext: initialization completed in 364 ms
2021-08-31 19:59:13.722 [restartedMain] INFO  o.s.b.d.autoconfigure.OptionalLiveReloadServer - LiveReload server is running on port 35729
2021-08-31 19:59:13.732 [restartedMain] INFO  org.apache.coyote.http11.Http11NioProtocol - Starting ProtocolHandler ["http-nio-10080"]
2021-08-31 19:59:13.733 [restartedMain] INFO  o.s.boot.web.embedded.tomcat.TomcatWebServer - Tomcat started on port(s): 10080 (http) with context path ''
2021-08-31 19:59:13.737 [restartedMain] INFO  com.gdutelc.snp.SnpApplication - Started SnpApplication in 0.657 seconds (JVM running for 312.316)
2021-08-31 19:59:13.738 [restartedMain] INFO  o.s.b.d.a.ConditionEvaluationDeltaLoggingListener - Condition evaluation unchanged
2021-08-31 19:59:15.721 [restartedMain] INFO  com.gdutelc.snp.SnpApplication - Starting SnpApplication using Java 11.0.6 on LAPTOP-E3MO6SU7 with PID 1420 (D:\java project\SNP-backend\target\classes started by 10501 in D:\java project\SNP-backend)
2021-08-31 19:59:15.721 [restartedMain] INFO  com.gdutelc.snp.SnpApplication - No active profile set, falling back to default profiles: default
2021-08-31 19:59:15.871 [restartedMain] INFO  o.s.d.r.config.RepositoryConfigurationDelegate - Multiple Spring Data modules found, entering strict repository configuration mode!
2021-08-31 19:59:15.871 [restartedMain] INFO  o.s.d.r.config.RepositoryConfigurationDelegate - Bootstrapping Spring Data Redis repositories in DEFAULT mode.
2021-08-31 19:59:15.878 [restartedMain] INFO  o.s.d.r.config.RepositoryConfigurationDelegate - Finished Spring Data repository scanning in 7 ms. Found 0 Redis repository interfaces.
2021-08-31 19:59:15.967 [restartedMain] INFO  o.s.boot.web.embedded.tomcat.TomcatWebServer - Tomcat initialized with port(s): 10080 (http)
2021-08-31 19:59:15.967 [restartedMain] INFO  org.apache.coyote.http11.Http11NioProtocol - Initializing ProtocolHandler ["http-nio-10080"]
2021-08-31 19:59:15.967 [restartedMain] INFO  org.apache.catalina.core.StandardService - Starting service [Tomcat]
2021-08-31 19:59:15.967 [restartedMain] INFO  org.apache.catalina.core.StandardEngine - Starting Servlet engine: [Apache Tomcat/9.0.48]
2021-08-31 19:59:15.997 [restartedMain] INFO  o.a.c.core.ContainerBase.[Tomcat].[localhost].[/] - Initializing Spring embedded WebApplicationContext
2021-08-31 19:59:15.997 [restartedMain] INFO  o.s.b.w.s.c.ServletWebServerApplicationContext - Root WebApplicationContext: initialization completed in 275 ms
2021-08-31 19:59:16.205 [restartedMain] INFO  o.s.b.d.autoconfigure.OptionalLiveReloadServer - LiveReload server is running on port 35729
2021-08-31 19:59:16.214 [restartedMain] INFO  org.apache.coyote.http11.Http11NioProtocol - Starting ProtocolHandler ["http-nio-10080"]
2021-08-31 19:59:16.216 [restartedMain] INFO  o.s.boot.web.embedded.tomcat.TomcatWebServer - Tomcat started on port(s): 10080 (http) with context path ''
2021-08-31 19:59:16.219 [restartedMain] INFO  com.gdutelc.snp.SnpApplication - Started SnpApplication in 0.525 seconds (JVM running for 314.798)
2021-08-31 19:59:16.221 [restartedMain] INFO  o.s.b.d.a.ConditionEvaluationDeltaLoggingListener - Condition evaluation unchanged
2021-08-31 19:59:42.034 [restartedMain] INFO  com.gdutelc.snp.SnpApplication - Starting SnpApplication using Java 11.0.6 on LAPTOP-E3MO6SU7 with PID 1420 (D:\java project\SNP-backend\target\classes started by 10501 in D:\java project\SNP-backend)
2021-08-31 19:59:42.034 [restartedMain] INFO  com.gdutelc.snp.SnpApplication - No active profile set, falling back to default profiles: default
2021-08-31 19:59:42.230 [restartedMain] INFO  o.s.d.r.config.RepositoryConfigurationDelegate - Multiple Spring Data modules found, entering strict repository configuration mode!
2021-08-31 19:59:42.230 [restartedMain] INFO  o.s.d.r.config.RepositoryConfigurationDelegate - Bootstrapping Spring Data Redis repositories in DEFAULT mode.
2021-08-31 19:59:42.235 [restartedMain] INFO  o.s.d.r.config.RepositoryConfigurationDelegate - Finished Spring Data repository scanning in 4 ms. Found 0 Redis repository interfaces.
2021-08-31 19:59:42.313 [restartedMain] INFO  o.s.boot.web.embedded.tomcat.TomcatWebServer - Tomcat initialized with port(s): 10080 (http)
2021-08-31 19:59:42.314 [restartedMain] INFO  org.apache.coyote.http11.Http11NioProtocol - Initializing ProtocolHandler ["http-nio-10080"]
2021-08-31 19:59:42.314 [restartedMain] INFO  org.apache.catalina.core.StandardService - Starting service [Tomcat]
2021-08-31 19:59:42.314 [restartedMain] INFO  org.apache.catalina.core.StandardEngine - Starting Servlet engine: [Apache Tomcat/9.0.48]
2021-08-31 19:59:42.345 [restartedMain] INFO  o.a.c.core.ContainerBase.[Tomcat].[localhost].[/] - Initializing Spring embedded WebApplicationContext
2021-08-31 19:59:42.345 [restartedMain] INFO  o.s.b.w.s.c.ServletWebServerApplicationContext - Root WebApplicationContext: initialization completed in 308 ms
2021-08-31 19:59:42.548 [restartedMain] INFO  o.s.b.d.autoconfigure.OptionalLiveReloadServer - LiveReload server is running on port 35729
2021-08-31 19:59:42.556 [restartedMain] INFO  org.apache.coyote.http11.Http11NioProtocol - Starting ProtocolHandler ["http-nio-10080"]
2021-08-31 19:59:42.557 [restartedMain] INFO  o.s.boot.web.embedded.tomcat.TomcatWebServer - Tomcat started on port(s): 10080 (http) with context path ''
2021-08-31 19:59:42.560 [restartedMain] INFO  com.gdutelc.snp.SnpApplication - Started SnpApplication in 0.596 seconds (JVM running for 341.14)
2021-08-31 19:59:42.561 [restartedMain] INFO  o.s.b.d.a.ConditionEvaluationDeltaLoggingListener - Condition evaluation unchanged
2021-08-31 19:59:42.712 [http-nio-10080-exec-1] INFO  o.a.c.core.ContainerBase.[Tomcat].[localhost].[/] - Initializing Spring DispatcherServlet 'dispatcherServlet'
2021-08-31 19:59:42.712 [http-nio-10080-exec-1] INFO  org.springframework.web.servlet.DispatcherServlet - Initializing Servlet 'dispatcherServlet'
2021-08-31 19:59:42.713 [http-nio-10080-exec-1] INFO  org.springframework.web.servlet.DispatcherServlet - Completed initialization in 1 ms
2021-08-31 19:59:44.334 [restartedMain] INFO  com.gdutelc.snp.SnpApplication - Starting SnpApplication using Java 11.0.6 on LAPTOP-E3MO6SU7 with PID 1420 (D:\java project\SNP-backend\target\classes started by 10501 in D:\java project\SNP-backend)
2021-08-31 19:59:44.334 [restartedMain] INFO  com.gdutelc.snp.SnpApplication - No active profile set, falling back to default profiles: default
2021-08-31 19:59:44.450 [restartedMain] INFO  o.s.d.r.config.RepositoryConfigurationDelegate - Multiple Spring Data modules found, entering strict repository configuration mode!
2021-08-31 19:59:44.450 [restartedMain] INFO  o.s.d.r.config.RepositoryConfigurationDelegate - Bootstrapping Spring Data Redis repositories in DEFAULT mode.
2021-08-31 19:59:44.455 [restartedMain] INFO  o.s.d.r.config.RepositoryConfigurationDelegate - Finished Spring Data repository scanning in 5 ms. Found 0 Redis repository interfaces.
2021-08-31 19:59:44.513 [restartedMain] INFO  o.s.boot.web.embedded.tomcat.TomcatWebServer - Tomcat initialized with port(s): 10080 (http)
2021-08-31 19:59:44.514 [restartedMain] INFO  org.apache.coyote.http11.Http11NioProtocol - Initializing ProtocolHandler ["http-nio-10080"]
2021-08-31 19:59:44.514 [restartedMain] INFO  org.apache.catalina.core.StandardService - Starting service [Tomcat]
2021-08-31 19:59:44.514 [restartedMain] INFO  org.apache.catalina.core.StandardEngine - Starting Servlet engine: [Apache Tomcat/9.0.48]
2021-08-31 19:59:44.541 [restartedMain] INFO  o.a.c.core.ContainerBase.[Tomcat].[localhost].[/] - Initializing Spring embedded WebApplicationContext
2021-08-31 19:59:44.541 [restartedMain] INFO  o.s.b.w.s.c.ServletWebServerApplicationContext - Root WebApplicationContext: initialization completed in 205 ms
2021-08-31 19:59:44.701 [restartedMain] INFO  o.s.b.d.autoconfigure.OptionalLiveReloadServer - LiveReload server is running on port 35729
2021-08-31 19:59:44.709 [restartedMain] INFO  org.apache.coyote.http11.Http11NioProtocol - Starting ProtocolHandler ["http-nio-10080"]
2021-08-31 19:59:44.711 [restartedMain] INFO  o.s.boot.web.embedded.tomcat.TomcatWebServer - Tomcat started on port(s): 10080 (http) with context path ''
2021-08-31 19:59:44.714 [restartedMain] INFO  com.gdutelc.snp.SnpApplication - Started SnpApplication in 0.401 seconds (JVM running for 343.293)
2021-08-31 19:59:44.715 [restartedMain] INFO  o.s.b.d.a.ConditionEvaluationDeltaLoggingListener - Condition evaluation unchanged
2021-08-31 19:59:49.591 [restartedMain] INFO  com.gdutelc.snp.SnpApplication - Starting SnpApplication using Java 11.0.6 on LAPTOP-E3MO6SU7 with PID 1420 (D:\java project\SNP-backend\target\classes started by 10501 in D:\java project\SNP-backend)
2021-08-31 19:59:49.591 [restartedMain] INFO  com.gdutelc.snp.SnpApplication - No active profile set, falling back to default profiles: default
2021-08-31 19:59:49.730 [restartedMain] INFO  o.s.d.r.config.RepositoryConfigurationDelegate - Multiple Spring Data modules found, entering strict repository configuration mode!
2021-08-31 19:59:49.730 [restartedMain] INFO  o.s.d.r.config.RepositoryConfigurationDelegate - Bootstrapping Spring Data Redis repositories in DEFAULT mode.
2021-08-31 19:59:49.735 [restartedMain] INFO  o.s.d.r.config.RepositoryConfigurationDelegate - Finished Spring Data repository scanning in 4 ms. Found 0 Redis repository interfaces.
2021-08-31 19:59:49.807 [restartedMain] INFO  o.s.boot.web.embedded.tomcat.TomcatWebServer - Tomcat initialized with port(s): 10080 (http)
2021-08-31 19:59:49.808 [restartedMain] INFO  org.apache.coyote.http11.Http11NioProtocol - Initializing ProtocolHandler ["http-nio-10080"]
2021-08-31 19:59:49.808 [restartedMain] INFO  org.apache.catalina.core.StandardService - Starting service [Tomcat]
2021-08-31 19:59:49.808 [restartedMain] INFO  org.apache.catalina.core.StandardEngine - Starting Servlet engine: [Apache Tomcat/9.0.48]
2021-08-31 19:59:49.836 [restartedMain] INFO  o.a.c.core.ContainerBase.[Tomcat].[localhost].[/] - Initializing Spring embedded WebApplicationContext
2021-08-31 19:59:49.836 [restartedMain] INFO  o.s.b.w.s.c.ServletWebServerApplicationContext - Root WebApplicationContext: initialization completed in 243 ms
2021-08-31 19:59:49.995 [restartedMain] INFO  o.s.b.d.autoconfigure.OptionalLiveReloadServer - LiveReload server is running on port 35729
2021-08-31 19:59:50.005 [restartedMain] INFO  org.apache.coyote.http11.Http11NioProtocol - Starting ProtocolHandler ["http-nio-10080"]
2021-08-31 19:59:50.007 [restartedMain] INFO  o.s.boot.web.embedded.tomcat.TomcatWebServer - Tomcat started on port(s): 10080 (http) with context path ''
2021-08-31 19:59:50.010 [restartedMain] INFO  com.gdutelc.snp.SnpApplication - Started SnpApplication in 0.443 seconds (JVM running for 348.589)
2021-08-31 19:59:50.011 [restartedMain] INFO  o.s.b.d.a.ConditionEvaluationDeltaLoggingListener - Condition evaluation unchanged
2021-08-31 20:00:01.489 [restartedMain] INFO  com.gdutelc.snp.SnpApplication - Starting SnpApplication using Java 11.0.6 on LAPTOP-E3MO6SU7 with PID 12648 (D:\java project\SNP-backend\target\classes started by 10501 in D:\java project\SNP-backend)
2021-08-31 20:00:01.491 [restartedMain] INFO  com.gdutelc.snp.SnpApplication - No active profile set, falling back to default profiles: default
2021-08-31 20:00:01.550 [restartedMain] INFO  o.s.b.d.env.DevToolsPropertyDefaultsPostProcessor - Devtools property defaults active! Set 'spring.devtools.add-properties' to 'false' to disable
2021-08-31 20:00:01.550 [restartedMain] INFO  o.s.b.d.env.DevToolsPropertyDefaultsPostProcessor - For additional web related logging consider setting the 'logging.level.web' property to 'DEBUG'
2021-08-31 20:00:02.136 [restartedMain] INFO  o.s.d.r.config.RepositoryConfigurationDelegate - Multiple Spring Data modules found, entering strict repository configuration mode!
2021-08-31 20:00:02.137 [restartedMain] INFO  o.s.d.r.config.RepositoryConfigurationDelegate - Bootstrapping Spring Data Redis repositories in DEFAULT mode.
2021-08-31 20:00:02.156 [restartedMain] INFO  o.s.d.r.config.RepositoryConfigurationDelegate - Finished Spring Data repository scanning in 10 ms. Found 0 Redis repository interfaces.
2021-08-31 20:00:02.986 [restartedMain] INFO  o.s.boot.web.embedded.tomcat.TomcatWebServer - Tomcat initialized with port(s): 10080 (http)
2021-08-31 20:00:02.992 [restartedMain] INFO  org.apache.coyote.http11.Http11NioProtocol - Initializing ProtocolHandler ["http-nio-10080"]
2021-08-31 20:00:02.992 [restartedMain] INFO  org.apache.catalina.core.StandardService - Starting service [Tomcat]
2021-08-31 20:00:02.992 [restartedMain] INFO  org.apache.catalina.core.StandardEngine - Starting Servlet engine: [Apache Tomcat/9.0.48]
2021-08-31 20:00:03.067 [restartedMain] INFO  o.a.c.core.ContainerBase.[Tomcat].[localhost].[/] - Initializing Spring embedded WebApplicationContext
2021-08-31 20:00:03.068 [restartedMain] INFO  o.s.b.w.s.c.ServletWebServerApplicationContext - Root WebApplicationContext: initialization completed in 1518 ms
2021-08-31 20:00:04.054 [restartedMain] INFO  o.s.b.d.autoconfigure.OptionalLiveReloadServer - LiveReload server is running on port 35729
2021-08-31 20:00:04.077 [restartedMain] INFO  org.apache.coyote.http11.Http11NioProtocol - Starting ProtocolHandler ["http-nio-10080"]
2021-08-31 20:00:04.093 [restartedMain] INFO  o.s.boot.web.embedded.tomcat.TomcatWebServer - Tomcat started on port(s): 10080 (http) with context path ''
2021-08-31 20:00:04.106 [restartedMain] INFO  com.gdutelc.snp.SnpApplication - Started SnpApplication in 3.072 seconds (JVM running for 3.658)
2021-08-31 20:00:08.239 [http-nio-10080-exec-1] INFO  o.a.c.core.ContainerBase.[Tomcat].[localhost].[/] - Initializing Spring DispatcherServlet 'dispatcherServlet'
2021-08-31 20:00:08.240 [http-nio-10080-exec-1] INFO  org.springframework.web.servlet.DispatcherServlet - Initializing Servlet 'dispatcherServlet'
2021-08-31 20:00:08.242 [http-nio-10080-exec-1] INFO  org.springframework.web.servlet.DispatcherServlet - Completed initialization in 2 ms
2021-08-31 20:01:38.185 [main] INFO  com.gdutelc.snp.JwtTests - Starting JwtTests using Java 11.0.6 on LAPTOP-E3MO6SU7 with PID 10160 (started by 10501 in D:\java project\SNP-backend)
2021-08-31 20:01:38.187 [main] INFO  com.gdutelc.snp.JwtTests - No active profile set, falling back to default profiles: default
2021-08-31 20:01:38.856 [main] INFO  o.s.d.r.config.RepositoryConfigurationDelegate - Multiple Spring Data modules found, entering strict repository configuration mode!
2021-08-31 20:01:38.859 [main] INFO  o.s.d.r.config.RepositoryConfigurationDelegate - Bootstrapping Spring Data Redis repositories in DEFAULT mode.
2021-08-31 20:01:38.902 [main] INFO  o.s.d.r.config.RepositoryConfigurationDelegate - Finished Spring Data repository scanning in 18 ms. Found 0 Redis repository interfaces.
2021-08-31 20:01:41.512 [main] INFO  com.gdutelc.snp.JwtTests - Started JwtTests in 3.775 seconds (JVM running for 5.101)
2021-08-31 20:01:52.917 [restartedMain] INFO  com.gdutelc.snp.SnpApplication - Starting SnpApplication using Java 11.0.6 on LAPTOP-E3MO6SU7 with PID 12648 (D:\java project\SNP-backend\target\classes started by 10501 in D:\java project\SNP-backend)
2021-08-31 20:01:52.917 [restartedMain] INFO  com.gdutelc.snp.SnpApplication - No active profile set, falling back to default profiles: default
2021-08-31 20:01:53.137 [restartedMain] INFO  o.s.d.r.config.RepositoryConfigurationDelegate - Multiple Spring Data modules found, entering strict repository configuration mode!
2021-08-31 20:01:53.137 [restartedMain] INFO  o.s.d.r.config.RepositoryConfigurationDelegate - Bootstrapping Spring Data Redis repositories in DEFAULT mode.
2021-08-31 20:01:53.146 [restartedMain] INFO  o.s.d.r.config.RepositoryConfigurationDelegate - Finished Spring Data repository scanning in 8 ms. Found 0 Redis repository interfaces.
2021-08-31 20:01:53.230 [restartedMain] INFO  o.s.boot.web.embedded.tomcat.TomcatWebServer - Tomcat initialized with port(s): 10080 (http)
2021-08-31 20:01:53.231 [restartedMain] INFO  org.apache.coyote.http11.Http11NioProtocol - Initializing ProtocolHandler ["http-nio-10080"]
2021-08-31 20:01:53.231 [restartedMain] INFO  org.apache.catalina.core.StandardService - Starting service [Tomcat]
2021-08-31 20:01:53.231 [restartedMain] INFO  org.apache.catalina.core.StandardEngine - Starting Servlet engine: [Apache Tomcat/9.0.48]
2021-08-31 20:01:53.273 [restartedMain] INFO  o.a.c.core.ContainerBase.[Tomcat].[localhost].[/] - Initializing Spring embedded WebApplicationContext
2021-08-31 20:01:53.273 [restartedMain] INFO  o.s.b.w.s.c.ServletWebServerApplicationContext - Root WebApplicationContext: initialization completed in 353 ms
2021-08-31 20:01:53.483 [restartedMain] INFO  o.s.b.d.autoconfigure.OptionalLiveReloadServer - LiveReload server is running on port 35729
2021-08-31 20:01:53.493 [restartedMain] INFO  org.apache.coyote.http11.Http11NioProtocol - Starting ProtocolHandler ["http-nio-10080"]
2021-08-31 20:01:53.494 [restartedMain] INFO  o.s.boot.web.embedded.tomcat.TomcatWebServer - Tomcat started on port(s): 10080 (http) with context path ''
2021-08-31 20:01:53.497 [restartedMain] INFO  com.gdutelc.snp.SnpApplication - Started SnpApplication in 0.642 seconds (JVM running for 113.049)
2021-08-31 20:01:53.499 [restartedMain] INFO  o.s.b.d.a.ConditionEvaluationDeltaLoggingListener - Condition evaluation unchanged
2021-08-31 20:02:03.459 [restartedMain] INFO  com.gdutelc.snp.SnpApplication - Starting SnpApplication using Java 11.0.6 on LAPTOP-E3MO6SU7 with PID 12648 (D:\java project\SNP-backend\target\classes started by 10501 in D:\java project\SNP-backend)
2021-08-31 20:02:03.459 [restartedMain] INFO  com.gdutelc.snp.SnpApplication - No active profile set, falling back to default profiles: default
2021-08-31 20:02:03.620 [restartedMain] INFO  o.s.d.r.config.RepositoryConfigurationDelegate - Multiple Spring Data modules found, entering strict repository configuration mode!
2021-08-31 20:02:03.620 [restartedMain] INFO  o.s.d.r.config.RepositoryConfigurationDelegate - Bootstrapping Spring Data Redis repositories in DEFAULT mode.
2021-08-31 20:02:03.625 [restartedMain] INFO  o.s.d.r.config.RepositoryConfigurationDelegate - Finished Spring Data repository scanning in 5 ms. Found 0 Redis repository interfaces.
2021-08-31 20:02:03.722 [restartedMain] INFO  o.s.boot.web.embedded.tomcat.TomcatWebServer - Tomcat initialized with port(s): 10080 (http)
2021-08-31 20:02:03.722 [restartedMain] INFO  org.apache.coyote.http11.Http11NioProtocol - Initializing ProtocolHandler ["http-nio-10080"]
2021-08-31 20:02:03.723 [restartedMain] INFO  org.apache.catalina.core.StandardService - Starting service [Tomcat]
2021-08-31 20:02:03.723 [restartedMain] INFO  org.apache.catalina.core.StandardEngine - Starting Servlet engine: [Apache Tomcat/9.0.48]
2021-08-31 20:02:03.752 [restartedMain] INFO  o.a.c.core.ContainerBase.[Tomcat].[localhost].[/] - Initializing Spring embedded WebApplicationContext
2021-08-31 20:02:03.752 [restartedMain] INFO  o.s.b.w.s.c.ServletWebServerApplicationContext - Root WebApplicationContext: initialization completed in 290 ms
2021-08-31 20:02:03.973 [restartedMain] INFO  o.s.b.d.autoconfigure.OptionalLiveReloadServer - LiveReload server is running on port 35729
2021-08-31 20:02:03.982 [restartedMain] INFO  org.apache.coyote.http11.Http11NioProtocol - Starting ProtocolHandler ["http-nio-10080"]
2021-08-31 20:02:03.984 [restartedMain] INFO  o.s.boot.web.embedded.tomcat.TomcatWebServer - Tomcat started on port(s): 10080 (http) with context path ''
2021-08-31 20:02:03.987 [restartedMain] INFO  com.gdutelc.snp.SnpApplication - Started SnpApplication in 0.568 seconds (JVM running for 123.538)
2021-08-31 20:02:03.988 [restartedMain] INFO  o.s.b.d.a.ConditionEvaluationDeltaLoggingListener - Condition evaluation unchanged
2021-08-31 20:02:08.762 [http-nio-10080-exec-1] INFO  o.a.c.core.ContainerBase.[Tomcat].[localhost].[/] - Initializing Spring DispatcherServlet 'dispatcherServlet'
2021-08-31 20:02:08.763 [http-nio-10080-exec-1] INFO  org.springframework.web.servlet.DispatcherServlet - Initializing Servlet 'dispatcherServlet'
2021-08-31 20:02:08.764 [http-nio-10080-exec-1] INFO  org.springframework.web.servlet.DispatcherServlet - Completed initialization in 1 ms
2021-08-31 20:02:08.782 [http-nio-10080-exec-1] INFO  com.zaxxer.hikari.HikariDataSource - DatebookHikariCP - Starting...
2021-08-31 20:02:11.300 [http-nio-10080-exec-1] INFO  com.zaxxer.hikari.HikariDataSource - DatebookHikariCP - Start completed.
2021-08-31 20:02:11.530 [http-nio-10080-exec-1] INFO  com.gdutelc.snp.aspect.LogAspect - >>>>>>>>>>Ip: 127.0.0.1访问了 http://localhost:10080/user/appGetPhone调用了appGetPhone方法
2021-08-31 20:02:11.552 [http-nio-10080-exec-1] INFO  org.apache.kafka.clients.producer.ProducerConfig - ProducerConfig values: 
	acks = 1
	batch.size = 16384
	bootstrap.servers = [104.160.18.224:9092]
	buffer.memory = 33554432
	client.dns.lookup = use_all_dns_ips
	client.id = producer-1
	compression.type = none
	connections.max.idle.ms = 540000
	delivery.timeout.ms = 120000
	enable.idempotence = false
	interceptor.classes = []
	internal.auto.downgrade.txn.commit = true
	key.serializer = class org.apache.kafka.common.serialization.StringSerializer
	linger.ms = 0
	max.block.ms = 60000
	max.in.flight.requests.per.connection = 5
	max.request.size = 1048576
	metadata.max.age.ms = 300000
	metadata.max.idle.ms = 300000
	metric.reporters = []
	metrics.num.samples = 2
	metrics.recording.level = INFO
	metrics.sample.window.ms = 30000
	partitioner.class = class org.apache.kafka.clients.producer.internals.DefaultPartitioner
	receive.buffer.bytes = 32768
	reconnect.backoff.max.ms = 1000
	reconnect.backoff.ms = 50
	request.timeout.ms = 30000
	retries = 0
	retry.backoff.ms = 100
	sasl.client.callback.handler.class = null
	sasl.jaas.config = null
	sasl.kerberos.kinit.cmd = /usr/bin/kinit
	sasl.kerberos.min.time.before.relogin = 60000
	sasl.kerberos.service.name = null
	sasl.kerberos.ticket.renew.jitter = 0.05
	sasl.kerberos.ticket.renew.window.factor = 0.8
	sasl.login.callback.handler.class = null
	sasl.login.class = null
	sasl.login.refresh.buffer.seconds = 300
	sasl.login.refresh.min.period.seconds = 60
	sasl.login.refresh.window.factor = 0.8
	sasl.login.refresh.window.jitter = 0.05
	sasl.mechanism = GSSAPI
	security.protocol = PLAINTEXT
	security.providers = null
	send.buffer.bytes = 131072
	socket.connection.setup.timeout.max.ms = 127000
	socket.connection.setup.timeout.ms = 10000
	ssl.cipher.suites = null
	ssl.enabled.protocols = [TLSv1.2, TLSv1.3]
	ssl.endpoint.identification.algorithm = https
	ssl.engine.factory.class = null
	ssl.key.password = null
	ssl.keymanager.algorithm = SunX509
	ssl.keystore.certificate.chain = null
	ssl.keystore.key = null
	ssl.keystore.location = null
	ssl.keystore.password = null
	ssl.keystore.type = JKS
	ssl.protocol = TLSv1.3
	ssl.provider = null
	ssl.secure.random.implementation = null
	ssl.trustmanager.algorithm = PKIX
	ssl.truststore.certificates = null
	ssl.truststore.location = null
	ssl.truststore.password = null
	ssl.truststore.type = JKS
	transaction.timeout.ms = 60000
	transactional.id = null
	value.serializer = class org.apache.kafka.common.serialization.StringSerializer

2021-08-31 20:02:11.640 [http-nio-10080-exec-1] INFO  org.apache.kafka.common.utils.AppInfoParser - Kafka version: 2.7.1
2021-08-31 20:02:11.640 [http-nio-10080-exec-1] INFO  org.apache.kafka.common.utils.AppInfoParser - Kafka commitId: 61dbce85d0d41457
2021-08-31 20:02:11.640 [http-nio-10080-exec-1] INFO  org.apache.kafka.common.utils.AppInfoParser - Kafka startTimeMs: 1630411331637
2021-08-31 20:02:12.353 [kafka-producer-network-thread | producer-1] INFO  org.apache.kafka.clients.Metadata - [Producer clientId=producer-1] Cluster ID: hIZqJaMZQ6uuUlTgzvCqNQ
2021-08-31 20:02:28.999 [Thread-11] INFO  org.apache.kafka.clients.producer.KafkaProducer - [Producer clientId=producer-1] Closing the Kafka producer with timeoutMillis = 30000 ms.
2021-08-31 20:02:59.001 [Thread-11] INFO  org.apache.kafka.clients.producer.KafkaProducer - [Producer clientId=producer-1] Proceeding to force close the producer since pending requests could not be completed within timeout 30000 ms.
2021-08-31 20:02:59.007 [Thread-11] INFO  org.apache.kafka.common.metrics.Metrics - Metrics scheduler closed
2021-08-31 20:02:59.007 [Thread-11] INFO  org.apache.kafka.common.metrics.Metrics - Closing reporter org.apache.kafka.common.metrics.JmxReporter
2021-08-31 20:02:59.008 [Thread-11] INFO  org.apache.kafka.common.metrics.Metrics - Metrics reporters closed
2021-08-31 20:02:59.008 [Thread-11] INFO  org.apache.kafka.common.utils.AppInfoParser - App info kafka.producer for producer-1 unregistered
2021-08-31 20:02:59.011 [Thread-11] INFO  com.zaxxer.hikari.HikariDataSource - DatebookHikariCP - Shutdown initiated...
2021-08-31 20:02:59.018 [Thread-11] INFO  com.zaxxer.hikari.HikariDataSource - DatebookHikariCP - Shutdown completed.
2021-08-31 20:02:59.086 [restartedMain] INFO  com.gdutelc.snp.SnpApplication - Starting SnpApplication using Java 11.0.6 on LAPTOP-E3MO6SU7 with PID 12648 (D:\java project\SNP-backend\target\classes started by 10501 in D:\java project\SNP-backend)
2021-08-31 20:02:59.086 [restartedMain] INFO  com.gdutelc.snp.SnpApplication - No active profile set, falling back to default profiles: default
2021-08-31 20:02:59.213 [restartedMain] INFO  o.s.d.r.config.RepositoryConfigurationDelegate - Multiple Spring Data modules found, entering strict repository configuration mode!
2021-08-31 20:02:59.213 [restartedMain] INFO  o.s.d.r.config.RepositoryConfigurationDelegate - Bootstrapping Spring Data Redis repositories in DEFAULT mode.
2021-08-31 20:02:59.219 [restartedMain] INFO  o.s.d.r.config.RepositoryConfigurationDelegate - Finished Spring Data repository scanning in 5 ms. Found 0 Redis repository interfaces.
2021-08-31 20:02:59.287 [restartedMain] INFO  o.s.boot.web.embedded.tomcat.TomcatWebServer - Tomcat initialized with port(s): 10080 (http)
2021-08-31 20:02:59.287 [restartedMain] INFO  org.apache.coyote.http11.Http11NioProtocol - Initializing ProtocolHandler ["http-nio-10080"]
2021-08-31 20:02:59.288 [restartedMain] INFO  org.apache.catalina.core.StandardService - Starting service [Tomcat]
2021-08-31 20:02:59.288 [restartedMain] INFO  org.apache.catalina.core.StandardEngine - Starting Servlet engine: [Apache Tomcat/9.0.48]
2021-08-31 20:02:59.314 [restartedMain] INFO  o.a.c.core.ContainerBase.[Tomcat].[localhost].[/] - Initializing Spring embedded WebApplicationContext
2021-08-31 20:02:59.314 [restartedMain] INFO  o.s.b.w.s.c.ServletWebServerApplicationContext - Root WebApplicationContext: initialization completed in 226 ms
2021-08-31 20:03:01.963 [restartedMain] INFO  com.gdutelc.snp.SnpApplication - Starting SnpApplication using Java 11.0.6 on LAPTOP-E3MO6SU7 with PID 3692 (D:\java project\SNP-backend\target\classes started by 10501 in D:\java project\SNP-backend)
2021-08-31 20:03:01.966 [restartedMain] INFO  com.gdutelc.snp.SnpApplication - No active profile set, falling back to default profiles: default
2021-08-31 20:03:02.010 [restartedMain] INFO  o.s.b.d.env.DevToolsPropertyDefaultsPostProcessor - Devtools property defaults active! Set 'spring.devtools.add-properties' to 'false' to disable
2021-08-31 20:03:02.010 [restartedMain] INFO  o.s.b.d.env.DevToolsPropertyDefaultsPostProcessor - For additional web related logging consider setting the 'logging.level.web' property to 'DEBUG'
2021-08-31 20:03:02.559 [restartedMain] INFO  o.s.d.r.config.RepositoryConfigurationDelegate - Multiple Spring Data modules found, entering strict repository configuration mode!
2021-08-31 20:03:02.560 [restartedMain] INFO  o.s.d.r.config.RepositoryConfigurationDelegate - Bootstrapping Spring Data Redis repositories in DEFAULT mode.
2021-08-31 20:03:02.577 [restartedMain] INFO  o.s.d.r.config.RepositoryConfigurationDelegate - Finished Spring Data repository scanning in 9 ms. Found 0 Redis repository interfaces.
2021-08-31 20:03:03.412 [restartedMain] INFO  o.s.boot.web.embedded.tomcat.TomcatWebServer - Tomcat initialized with port(s): 10080 (http)
2021-08-31 20:03:03.419 [restartedMain] INFO  org.apache.coyote.http11.Http11NioProtocol - Initializing ProtocolHandler ["http-nio-10080"]
2021-08-31 20:03:03.419 [restartedMain] INFO  org.apache.catalina.core.StandardService - Starting service [Tomcat]
2021-08-31 20:03:03.419 [restartedMain] INFO  org.apache.catalina.core.StandardEngine - Starting Servlet engine: [Apache Tomcat/9.0.48]
2021-08-31 20:03:03.498 [restartedMain] INFO  o.a.c.core.ContainerBase.[Tomcat].[localhost].[/] - Initializing Spring embedded WebApplicationContext
2021-08-31 20:03:03.498 [restartedMain] INFO  o.s.b.w.s.c.ServletWebServerApplicationContext - Root WebApplicationContext: initialization completed in 1488 ms
2021-08-31 20:03:04.261 [restartedMain] INFO  o.s.b.d.autoconfigure.OptionalLiveReloadServer - LiveReload server is running on port 35729
2021-08-31 20:03:04.277 [restartedMain] INFO  org.apache.coyote.http11.Http11NioProtocol - Starting ProtocolHandler ["http-nio-10080"]
2021-08-31 20:03:04.289 [restartedMain] INFO  o.s.boot.web.embedded.tomcat.TomcatWebServer - Tomcat started on port(s): 10080 (http) with context path ''
2021-08-31 20:03:04.299 [restartedMain] INFO  com.gdutelc.snp.SnpApplication - Started SnpApplication in 2.771 seconds (JVM running for 3.367)
2021-08-31 20:03:20.648 [http-nio-10080-exec-1] INFO  o.a.c.core.ContainerBase.[Tomcat].[localhost].[/] - Initializing Spring DispatcherServlet 'dispatcherServlet'
2021-08-31 20:03:20.649 [http-nio-10080-exec-1] INFO  org.springframework.web.servlet.DispatcherServlet - Initializing Servlet 'dispatcherServlet'
2021-08-31 20:03:20.650 [http-nio-10080-exec-1] INFO  org.springframework.web.servlet.DispatcherServlet - Completed initialization in 1 ms
2021-08-31 20:03:20.695 [http-nio-10080-exec-1] INFO  com.zaxxer.hikari.HikariDataSource - DatebookHikariCP - Starting...
2021-08-31 20:03:23.067 [http-nio-10080-exec-1] INFO  com.zaxxer.hikari.HikariDataSource - DatebookHikariCP - Start completed.
2021-08-31 20:03:23.291 [http-nio-10080-exec-1] INFO  com.gdutelc.snp.aspect.LogAspect - >>>>>>>>>>Ip: 127.0.0.1访问了 http://localhost:10080/user/appGetPhone调用了appGetPhone方法
2021-08-31 20:03:23.309 [http-nio-10080-exec-1] INFO  org.apache.kafka.clients.producer.ProducerConfig - ProducerConfig values: 
	acks = 1
	batch.size = 16384
	bootstrap.servers = [104.160.18.224:9092]
	buffer.memory = 33554432
	client.dns.lookup = use_all_dns_ips
	client.id = producer-1
	compression.type = none
	connections.max.idle.ms = 540000
	delivery.timeout.ms = 120000
	enable.idempotence = false
	interceptor.classes = []
	internal.auto.downgrade.txn.commit = true
	key.serializer = class org.apache.kafka.common.serialization.StringSerializer
	linger.ms = 0
	max.block.ms = 60000
	max.in.flight.requests.per.connection = 5
	max.request.size = 1048576
	metadata.max.age.ms = 300000
	metadata.max.idle.ms = 300000
	metric.reporters = []
	metrics.num.samples = 2
	metrics.recording.level = INFO
	metrics.sample.window.ms = 30000
	partitioner.class = class org.apache.kafka.clients.producer.internals.DefaultPartitioner
	receive.buffer.bytes = 32768
	reconnect.backoff.max.ms = 1000
	reconnect.backoff.ms = 50
	request.timeout.ms = 30000
	retries = 0
	retry.backoff.ms = 100
	sasl.client.callback.handler.class = null
	sasl.jaas.config = null
	sasl.kerberos.kinit.cmd = /usr/bin/kinit
	sasl.kerberos.min.time.before.relogin = 60000
	sasl.kerberos.service.name = null
	sasl.kerberos.ticket.renew.jitter = 0.05
	sasl.kerberos.ticket.renew.window.factor = 0.8
	sasl.login.callback.handler.class = null
	sasl.login.class = null
	sasl.login.refresh.buffer.seconds = 300
	sasl.login.refresh.min.period.seconds = 60
	sasl.login.refresh.window.factor = 0.8
	sasl.login.refresh.window.jitter = 0.05
	sasl.mechanism = GSSAPI
	security.protocol = PLAINTEXT
	security.providers = null
	send.buffer.bytes = 131072
	socket.connection.setup.timeout.max.ms = 127000
	socket.connection.setup.timeout.ms = 10000
	ssl.cipher.suites = null
	ssl.enabled.protocols = [TLSv1.2, TLSv1.3]
	ssl.endpoint.identification.algorithm = https
	ssl.engine.factory.class = null
	ssl.key.password = null
	ssl.keymanager.algorithm = SunX509
	ssl.keystore.certificate.chain = null
	ssl.keystore.key = null
	ssl.keystore.location = null
	ssl.keystore.password = null
	ssl.keystore.type = JKS
	ssl.protocol = TLSv1.3
	ssl.provider = null
	ssl.secure.random.implementation = null
	ssl.trustmanager.algorithm = PKIX
	ssl.truststore.certificates = null
	ssl.truststore.location = null
	ssl.truststore.password = null
	ssl.truststore.type = JKS
	transaction.timeout.ms = 60000
	transactional.id = null
	value.serializer = class org.apache.kafka.common.serialization.StringSerializer

2021-08-31 20:03:23.375 [http-nio-10080-exec-1] INFO  org.apache.kafka.common.utils.AppInfoParser - Kafka version: 2.7.1
2021-08-31 20:03:23.376 [http-nio-10080-exec-1] INFO  org.apache.kafka.common.utils.AppInfoParser - Kafka commitId: 61dbce85d0d41457
2021-08-31 20:03:23.376 [http-nio-10080-exec-1] INFO  org.apache.kafka.common.utils.AppInfoParser - Kafka startTimeMs: 1630411403374
2021-08-31 20:03:24.049 [kafka-producer-network-thread | producer-1] INFO  org.apache.kafka.clients.Metadata - [Producer clientId=producer-1] Cluster ID: hIZqJaMZQ6uuUlTgzvCqNQ
2021-08-31 20:03:30.278 [http-nio-10080-exec-2] INFO  com.gdutelc.snp.aspect.LogAspect - >>>>>>>>>>Ip: 127.0.0.1访问了 http://localhost:10080/user/appGetPhone调用了appGetPhone方法
2021-08-31 20:03:33.672 [http-nio-10080-exec-3] INFO  com.gdutelc.snp.aspect.LogAspect - >>>>>>>>>>Ip: 127.0.0.1访问了 http://localhost:10080/user/appGetPhone调用了appGetPhone方法
2021-08-31 20:03:36.459 [http-nio-10080-exec-4] INFO  com.gdutelc.snp.aspect.LogAspect - >>>>>>>>>>Ip: 127.0.0.1访问了 http://localhost:10080/user/appGetPhone调用了appGetPhone方法
2021-08-31 20:06:01.172 [http-nio-10080-exec-5] INFO  com.gdutelc.snp.aspect.LogAspect - >>>>>>>>>>Ip: 127.0.0.1访问了 http://localhost:10080/user/appGetPhone调用了appGetPhone方法
